                              1 ;--------------------------------------------------------
                              2 ; File Created by SDCC : free open source ANSI-C Compiler
                              3 ; Version 2.9.0 #5416 (Aug  6 2010) (UNIX)
                              4 ; This file was generated Sun Dec  2 14:20:21 2012
                              5 ;--------------------------------------------------------
                              6 	.module main
                              7 	.optsdcc -mmcs51 --model-small
                              8 	
                              9 ;--------------------------------------------------------
                             10 ; Public variables in this module
                             11 ;--------------------------------------------------------
                             12 	.globl _main
                             13 	.globl _terminate
                             14 	.globl _montgomery
                             15 	.globl _read_r
                             16 	.globl _write_montgomery
                             17 	.globl _CY
                             18 	.globl _AC
                             19 	.globl _F0
                             20 	.globl _RS1
                             21 	.globl _RS0
                             22 	.globl _OV
                             23 	.globl _F1
                             24 	.globl _P
                             25 	.globl _PS
                             26 	.globl _PT1
                             27 	.globl _PX1
                             28 	.globl _PT0
                             29 	.globl _PX0
                             30 	.globl _RD
                             31 	.globl _WR
                             32 	.globl _T1
                             33 	.globl _T0
                             34 	.globl _INT1
                             35 	.globl _INT0
                             36 	.globl _TXD
                             37 	.globl _RXD
                             38 	.globl _P3_7
                             39 	.globl _P3_6
                             40 	.globl _P3_5
                             41 	.globl _P3_4
                             42 	.globl _P3_3
                             43 	.globl _P3_2
                             44 	.globl _P3_1
                             45 	.globl _P3_0
                             46 	.globl _EA
                             47 	.globl _ES
                             48 	.globl _ET1
                             49 	.globl _EX1
                             50 	.globl _ET0
                             51 	.globl _EX0
                             52 	.globl _P2_7
                             53 	.globl _P2_6
                             54 	.globl _P2_5
                             55 	.globl _P2_4
                             56 	.globl _P2_3
                             57 	.globl _P2_2
                             58 	.globl _P2_1
                             59 	.globl _P2_0
                             60 	.globl _SM0
                             61 	.globl _SM1
                             62 	.globl _SM2
                             63 	.globl _REN
                             64 	.globl _TB8
                             65 	.globl _RB8
                             66 	.globl _TI
                             67 	.globl _RI
                             68 	.globl _P1_7
                             69 	.globl _P1_6
                             70 	.globl _P1_5
                             71 	.globl _P1_4
                             72 	.globl _P1_3
                             73 	.globl _P1_2
                             74 	.globl _P1_1
                             75 	.globl _P1_0
                             76 	.globl _TF1
                             77 	.globl _TR1
                             78 	.globl _TF0
                             79 	.globl _TR0
                             80 	.globl _IE1
                             81 	.globl _IT1
                             82 	.globl _IE0
                             83 	.globl _IT0
                             84 	.globl _P0_7
                             85 	.globl _P0_6
                             86 	.globl _P0_5
                             87 	.globl _P0_4
                             88 	.globl _P0_3
                             89 	.globl _P0_2
                             90 	.globl _P0_1
                             91 	.globl _P0_0
                             92 	.globl _B
                             93 	.globl _ACC
                             94 	.globl _PSW
                             95 	.globl _IP
                             96 	.globl _P3
                             97 	.globl _IE
                             98 	.globl _P2
                             99 	.globl _SBUF
                            100 	.globl _SCON
                            101 	.globl _P1
                            102 	.globl _TH1
                            103 	.globl _TH0
                            104 	.globl _TL1
                            105 	.globl _TL0
                            106 	.globl _TMOD
                            107 	.globl _TCON
                            108 	.globl _PCON
                            109 	.globl _DPH
                            110 	.globl _DPL
                            111 	.globl _SP
                            112 	.globl _P0
                            113 	.globl _b
                            114 	.globl _a
                            115 	.globl _m
                            116 	.globl _shared_m
                            117 	.globl _shared_b
                            118 	.globl _shared_a
                            119 	.globl _r
                            120 	.globl _i
                            121 ;--------------------------------------------------------
                            122 ; special function registers
                            123 ;--------------------------------------------------------
                            124 	.area RSEG    (DATA)
                    0080    125 _P0	=	0x0080
                    0081    126 _SP	=	0x0081
                    0082    127 _DPL	=	0x0082
                    0083    128 _DPH	=	0x0083
                    0087    129 _PCON	=	0x0087
                    0088    130 _TCON	=	0x0088
                    0089    131 _TMOD	=	0x0089
                    008A    132 _TL0	=	0x008a
                    008B    133 _TL1	=	0x008b
                    008C    134 _TH0	=	0x008c
                    008D    135 _TH1	=	0x008d
                    0090    136 _P1	=	0x0090
                    0098    137 _SCON	=	0x0098
                    0099    138 _SBUF	=	0x0099
                    00A0    139 _P2	=	0x00a0
                    00A8    140 _IE	=	0x00a8
                    00B0    141 _P3	=	0x00b0
                    00B8    142 _IP	=	0x00b8
                    00D0    143 _PSW	=	0x00d0
                    00E0    144 _ACC	=	0x00e0
                    00F0    145 _B	=	0x00f0
                            146 ;--------------------------------------------------------
                            147 ; special function bits
                            148 ;--------------------------------------------------------
                            149 	.area RSEG    (DATA)
                    0080    150 _P0_0	=	0x0080
                    0081    151 _P0_1	=	0x0081
                    0082    152 _P0_2	=	0x0082
                    0083    153 _P0_3	=	0x0083
                    0084    154 _P0_4	=	0x0084
                    0085    155 _P0_5	=	0x0085
                    0086    156 _P0_6	=	0x0086
                    0087    157 _P0_7	=	0x0087
                    0088    158 _IT0	=	0x0088
                    0089    159 _IE0	=	0x0089
                    008A    160 _IT1	=	0x008a
                    008B    161 _IE1	=	0x008b
                    008C    162 _TR0	=	0x008c
                    008D    163 _TF0	=	0x008d
                    008E    164 _TR1	=	0x008e
                    008F    165 _TF1	=	0x008f
                    0090    166 _P1_0	=	0x0090
                    0091    167 _P1_1	=	0x0091
                    0092    168 _P1_2	=	0x0092
                    0093    169 _P1_3	=	0x0093
                    0094    170 _P1_4	=	0x0094
                    0095    171 _P1_5	=	0x0095
                    0096    172 _P1_6	=	0x0096
                    0097    173 _P1_7	=	0x0097
                    0098    174 _RI	=	0x0098
                    0099    175 _TI	=	0x0099
                    009A    176 _RB8	=	0x009a
                    009B    177 _TB8	=	0x009b
                    009C    178 _REN	=	0x009c
                    009D    179 _SM2	=	0x009d
                    009E    180 _SM1	=	0x009e
                    009F    181 _SM0	=	0x009f
                    00A0    182 _P2_0	=	0x00a0
                    00A1    183 _P2_1	=	0x00a1
                    00A2    184 _P2_2	=	0x00a2
                    00A3    185 _P2_3	=	0x00a3
                    00A4    186 _P2_4	=	0x00a4
                    00A5    187 _P2_5	=	0x00a5
                    00A6    188 _P2_6	=	0x00a6
                    00A7    189 _P2_7	=	0x00a7
                    00A8    190 _EX0	=	0x00a8
                    00A9    191 _ET0	=	0x00a9
                    00AA    192 _EX1	=	0x00aa
                    00AB    193 _ET1	=	0x00ab
                    00AC    194 _ES	=	0x00ac
                    00AF    195 _EA	=	0x00af
                    00B0    196 _P3_0	=	0x00b0
                    00B1    197 _P3_1	=	0x00b1
                    00B2    198 _P3_2	=	0x00b2
                    00B3    199 _P3_3	=	0x00b3
                    00B4    200 _P3_4	=	0x00b4
                    00B5    201 _P3_5	=	0x00b5
                    00B6    202 _P3_6	=	0x00b6
                    00B7    203 _P3_7	=	0x00b7
                    00B0    204 _RXD	=	0x00b0
                    00B1    205 _TXD	=	0x00b1
                    00B2    206 _INT0	=	0x00b2
                    00B3    207 _INT1	=	0x00b3
                    00B4    208 _T0	=	0x00b4
                    00B5    209 _T1	=	0x00b5
                    00B6    210 _WR	=	0x00b6
                    00B7    211 _RD	=	0x00b7
                    00B8    212 _PX0	=	0x00b8
                    00B9    213 _PT0	=	0x00b9
                    00BA    214 _PX1	=	0x00ba
                    00BB    215 _PT1	=	0x00bb
                    00BC    216 _PS	=	0x00bc
                    00D0    217 _P	=	0x00d0
                    00D1    218 _F1	=	0x00d1
                    00D2    219 _OV	=	0x00d2
                    00D3    220 _RS0	=	0x00d3
                    00D4    221 _RS1	=	0x00d4
                    00D5    222 _F0	=	0x00d5
                    00D6    223 _AC	=	0x00d6
                    00D7    224 _CY	=	0x00d7
                            225 ;--------------------------------------------------------
                            226 ; overlayable register banks
                            227 ;--------------------------------------------------------
                            228 	.area REG_BANK_0	(REL,OVR,DATA)
   0000                     229 	.ds 8
                            230 ;--------------------------------------------------------
                            231 ; internal ram data
                            232 ;--------------------------------------------------------
                            233 	.area DSEG    (DATA)
   0000                     234 _i::
   0000                     235 	.ds 2
                            236 ;--------------------------------------------------------
                            237 ; overlayable items in internal ram 
                            238 ;--------------------------------------------------------
                            239 	.area OSEG    (OVR,DATA)
                            240 ;--------------------------------------------------------
                            241 ; Stack segment in internal ram 
                            242 ;--------------------------------------------------------
                            243 	.area	SSEG	(DATA)
   0000                     244 __start__stack:
   0000                     245 	.ds	1
                            246 
                            247 ;--------------------------------------------------------
                            248 ; indirectly addressable internal ram data
                            249 ;--------------------------------------------------------
                            250 	.area ISEG    (DATA)
                            251 ;--------------------------------------------------------
                            252 ; absolute internal ram data
                            253 ;--------------------------------------------------------
                            254 	.area IABS    (ABS,DATA)
                            255 	.area IABS    (ABS,DATA)
                            256 ;--------------------------------------------------------
                            257 ; bit data
                            258 ;--------------------------------------------------------
                            259 	.area BSEG    (BIT)
                            260 ;--------------------------------------------------------
                            261 ; paged external ram data
                            262 ;--------------------------------------------------------
                            263 	.area PSEG    (PAG,XDATA)
                            264 ;--------------------------------------------------------
                            265 ; external ram data
                            266 ;--------------------------------------------------------
                            267 	.area XSEG    (XDATA)
                    0200    268 _r	=	0x0200
                    4000    269 _shared_a	=	0x4000
                    4080    270 _shared_b	=	0x4080
                    4100    271 _shared_m	=	0x4100
                            272 ;--------------------------------------------------------
                            273 ; absolute external ram data
                            274 ;--------------------------------------------------------
                            275 	.area XABS    (ABS,XDATA)
   0000                     276 	.org 0x0000
   0000                     277 _m::
   0000                     278 	.ds 128
   0080                     279 	.org 0x0080
   0080                     280 _a::
   0080                     281 	.ds 128
   0100                     282 	.org 0x0100
   0100                     283 _b::
   0100                     284 	.ds 128
                            285 ;--------------------------------------------------------
                            286 ; external initialized ram data
                            287 ;--------------------------------------------------------
                            288 	.area XISEG   (XDATA)
                            289 	.area HOME    (CODE)
                            290 	.area GSINIT0 (CODE)
                            291 	.area GSINIT1 (CODE)
                            292 	.area GSINIT2 (CODE)
                            293 	.area GSINIT3 (CODE)
                            294 	.area GSINIT4 (CODE)
                            295 	.area GSINIT5 (CODE)
                            296 	.area GSINIT  (CODE)
                            297 	.area GSFINAL (CODE)
                            298 	.area CSEG    (CODE)
                            299 ;--------------------------------------------------------
                            300 ; interrupt vector 
                            301 ;--------------------------------------------------------
                            302 	.area HOME    (CODE)
   0000                     303 __interrupt_vect:
   0000 02s00r00            304 	ljmp	__sdcc_gsinit_startup
                            305 ;--------------------------------------------------------
                            306 ; global & static initialisations
                            307 ;--------------------------------------------------------
                            308 	.area HOME    (CODE)
                            309 	.area GSINIT  (CODE)
                            310 	.area GSFINAL (CODE)
                            311 	.area GSINIT  (CODE)
                            312 	.globl __sdcc_gsinit_startup
                            313 	.globl __sdcc_program_startup
                            314 	.globl __start__stack
                            315 	.globl __mcs51_genXINIT
                            316 	.globl __mcs51_genXRAMCLEAR
                            317 	.globl __mcs51_genRAMCLEAR
                            318 ;	main.c:10: volatile __xdata __at (0x0000) unsigned char m[SIZE] = {0x0D,0xD5,0x0F,0x26,0x8F,0x95,0xAD,0x59,0x24,0xA0,0xDA,0x8F,0xAE,0x27,0x9F,0xD4,0x7A,0xE7,0x7E,0xBF,0xDF,0x2D,0x12,0xDA,0x43,0x14,0x0F,0x20,0xFA,0x90,0x46,0xD5,0x39,0xF1,0xAA,0x90,0x02,0xE4,0xDC,0xA3,0x9C,0xA4,0xF2,0xFF,0x30,0xC1,0x14,0x22,0x7E,0x11,0xE3,0x77,0x00,0x1A,0xAD,0x50,0xE1,0x7B,0x91,0x4A,0x92,0x08,0x65,0x20,0x75,0x68,0x74,0xB3,0x65,0xB0,0x0C,0xC6,0x8B,0xC9,0x10,0xEF,0xC4,0x4E,0x45,0xAD,0xFA,0xD2,0x4F,0x06,0xEC,0x29,0x5C,0xF3,0xAA,0x97,0x82,0x70,0xB8,0x44,0x06,0x86,0xE0,0x67,0xFC,0x70,0x79,0xA4,0xF0,0xB3,0x0B,0x48,0xCD,0xF0,0x6C,0x6F,0x0B,0x8B,0x25,0x67,0x46,0x8F,0xEC,0xA4,0xC1,0xE3,0x6A,0x47,0x0D,0xEB,0xA3,0x81,0xB5,0xBA};
   0000 90s00r00            319 	mov	dptr,#_m
   0003 74 0D               320 	mov	a,#0x0D
   0005 F0                  321 	movx	@dptr,a
   0006 90s00r01            322 	mov	dptr,#(_m + 0x0001)
   0009 74 D5               323 	mov	a,#0xD5
   000B F0                  324 	movx	@dptr,a
   000C 90s00r02            325 	mov	dptr,#(_m + 0x0002)
   000F 74 0F               326 	mov	a,#0x0F
   0011 F0                  327 	movx	@dptr,a
   0012 90s00r03            328 	mov	dptr,#(_m + 0x0003)
   0015 74 26               329 	mov	a,#0x26
   0017 F0                  330 	movx	@dptr,a
   0018 90s00r04            331 	mov	dptr,#(_m + 0x0004)
   001B 74 8F               332 	mov	a,#0x8F
   001D F0                  333 	movx	@dptr,a
   001E 90s00r05            334 	mov	dptr,#(_m + 0x0005)
   0021 74 95               335 	mov	a,#0x95
   0023 F0                  336 	movx	@dptr,a
   0024 90s00r06            337 	mov	dptr,#(_m + 0x0006)
   0027 74 AD               338 	mov	a,#0xAD
   0029 F0                  339 	movx	@dptr,a
   002A 90s00r07            340 	mov	dptr,#(_m + 0x0007)
   002D 74 59               341 	mov	a,#0x59
   002F F0                  342 	movx	@dptr,a
   0030 90s00r08            343 	mov	dptr,#(_m + 0x0008)
   0033 74 24               344 	mov	a,#0x24
   0035 F0                  345 	movx	@dptr,a
   0036 90s00r09            346 	mov	dptr,#(_m + 0x0009)
   0039 74 A0               347 	mov	a,#0xA0
   003B F0                  348 	movx	@dptr,a
   003C 90s00r0A            349 	mov	dptr,#(_m + 0x000a)
   003F 74 DA               350 	mov	a,#0xDA
   0041 F0                  351 	movx	@dptr,a
   0042 90s00r0B            352 	mov	dptr,#(_m + 0x000b)
   0045 74 8F               353 	mov	a,#0x8F
   0047 F0                  354 	movx	@dptr,a
   0048 90s00r0C            355 	mov	dptr,#(_m + 0x000c)
   004B 74 AE               356 	mov	a,#0xAE
   004D F0                  357 	movx	@dptr,a
   004E 90s00r0D            358 	mov	dptr,#(_m + 0x000d)
   0051 74 27               359 	mov	a,#0x27
   0053 F0                  360 	movx	@dptr,a
   0054 90s00r0E            361 	mov	dptr,#(_m + 0x000e)
   0057 74 9F               362 	mov	a,#0x9F
   0059 F0                  363 	movx	@dptr,a
   005A 90s00r0F            364 	mov	dptr,#(_m + 0x000f)
   005D 74 D4               365 	mov	a,#0xD4
   005F F0                  366 	movx	@dptr,a
   0060 90s00r10            367 	mov	dptr,#(_m + 0x0010)
   0063 74 7A               368 	mov	a,#0x7A
   0065 F0                  369 	movx	@dptr,a
   0066 90s00r11            370 	mov	dptr,#(_m + 0x0011)
   0069 74 E7               371 	mov	a,#0xE7
   006B F0                  372 	movx	@dptr,a
   006C 90s00r12            373 	mov	dptr,#(_m + 0x0012)
   006F 74 7E               374 	mov	a,#0x7E
   0071 F0                  375 	movx	@dptr,a
   0072 90s00r13            376 	mov	dptr,#(_m + 0x0013)
   0075 74 BF               377 	mov	a,#0xBF
   0077 F0                  378 	movx	@dptr,a
   0078 90s00r14            379 	mov	dptr,#(_m + 0x0014)
   007B 74 DF               380 	mov	a,#0xDF
   007D F0                  381 	movx	@dptr,a
   007E 90s00r15            382 	mov	dptr,#(_m + 0x0015)
   0081 74 2D               383 	mov	a,#0x2D
   0083 F0                  384 	movx	@dptr,a
   0084 90s00r16            385 	mov	dptr,#(_m + 0x0016)
   0087 74 12               386 	mov	a,#0x12
   0089 F0                  387 	movx	@dptr,a
   008A 90s00r17            388 	mov	dptr,#(_m + 0x0017)
   008D 74 DA               389 	mov	a,#0xDA
   008F F0                  390 	movx	@dptr,a
   0090 90s00r18            391 	mov	dptr,#(_m + 0x0018)
   0093 74 43               392 	mov	a,#0x43
   0095 F0                  393 	movx	@dptr,a
   0096 90s00r19            394 	mov	dptr,#(_m + 0x0019)
   0099 74 14               395 	mov	a,#0x14
   009B F0                  396 	movx	@dptr,a
   009C 90s00r1A            397 	mov	dptr,#(_m + 0x001a)
   009F 74 0F               398 	mov	a,#0x0F
   00A1 F0                  399 	movx	@dptr,a
   00A2 90s00r1B            400 	mov	dptr,#(_m + 0x001b)
   00A5 74 20               401 	mov	a,#0x20
   00A7 F0                  402 	movx	@dptr,a
   00A8 90s00r1C            403 	mov	dptr,#(_m + 0x001c)
   00AB 74 FA               404 	mov	a,#0xFA
   00AD F0                  405 	movx	@dptr,a
   00AE 90s00r1D            406 	mov	dptr,#(_m + 0x001d)
   00B1 74 90               407 	mov	a,#0x90
   00B3 F0                  408 	movx	@dptr,a
   00B4 90s00r1E            409 	mov	dptr,#(_m + 0x001e)
   00B7 74 46               410 	mov	a,#0x46
   00B9 F0                  411 	movx	@dptr,a
   00BA 90s00r1F            412 	mov	dptr,#(_m + 0x001f)
   00BD 74 D5               413 	mov	a,#0xD5
   00BF F0                  414 	movx	@dptr,a
   00C0 90s00r20            415 	mov	dptr,#(_m + 0x0020)
   00C3 74 39               416 	mov	a,#0x39
   00C5 F0                  417 	movx	@dptr,a
   00C6 90s00r21            418 	mov	dptr,#(_m + 0x0021)
   00C9 74 F1               419 	mov	a,#0xF1
   00CB F0                  420 	movx	@dptr,a
   00CC 90s00r22            421 	mov	dptr,#(_m + 0x0022)
   00CF 74 AA               422 	mov	a,#0xAA
   00D1 F0                  423 	movx	@dptr,a
   00D2 90s00r23            424 	mov	dptr,#(_m + 0x0023)
   00D5 74 90               425 	mov	a,#0x90
   00D7 F0                  426 	movx	@dptr,a
   00D8 90s00r24            427 	mov	dptr,#(_m + 0x0024)
   00DB 74 02               428 	mov	a,#0x02
   00DD F0                  429 	movx	@dptr,a
   00DE 90s00r25            430 	mov	dptr,#(_m + 0x0025)
   00E1 74 E4               431 	mov	a,#0xE4
   00E3 F0                  432 	movx	@dptr,a
   00E4 90s00r26            433 	mov	dptr,#(_m + 0x0026)
   00E7 74 DC               434 	mov	a,#0xDC
   00E9 F0                  435 	movx	@dptr,a
   00EA 90s00r27            436 	mov	dptr,#(_m + 0x0027)
   00ED 74 A3               437 	mov	a,#0xA3
   00EF F0                  438 	movx	@dptr,a
   00F0 90s00r28            439 	mov	dptr,#(_m + 0x0028)
   00F3 74 9C               440 	mov	a,#0x9C
   00F5 F0                  441 	movx	@dptr,a
   00F6 90s00r29            442 	mov	dptr,#(_m + 0x0029)
   00F9 74 A4               443 	mov	a,#0xA4
   00FB F0                  444 	movx	@dptr,a
   00FC 90s00r2A            445 	mov	dptr,#(_m + 0x002a)
   00FF 74 F2               446 	mov	a,#0xF2
   0101 F0                  447 	movx	@dptr,a
   0102 90s00r2B            448 	mov	dptr,#(_m + 0x002b)
   0105 74 FF               449 	mov	a,#0xFF
   0107 F0                  450 	movx	@dptr,a
   0108 90s00r2C            451 	mov	dptr,#(_m + 0x002c)
   010B 74 30               452 	mov	a,#0x30
   010D F0                  453 	movx	@dptr,a
   010E 90s00r2D            454 	mov	dptr,#(_m + 0x002d)
   0111 74 C1               455 	mov	a,#0xC1
   0113 F0                  456 	movx	@dptr,a
   0114 90s00r2E            457 	mov	dptr,#(_m + 0x002e)
   0117 74 14               458 	mov	a,#0x14
   0119 F0                  459 	movx	@dptr,a
   011A 90s00r2F            460 	mov	dptr,#(_m + 0x002f)
   011D 74 22               461 	mov	a,#0x22
   011F F0                  462 	movx	@dptr,a
   0120 90s00r30            463 	mov	dptr,#(_m + 0x0030)
   0123 74 7E               464 	mov	a,#0x7E
   0125 F0                  465 	movx	@dptr,a
   0126 90s00r31            466 	mov	dptr,#(_m + 0x0031)
   0129 74 11               467 	mov	a,#0x11
   012B F0                  468 	movx	@dptr,a
   012C 90s00r32            469 	mov	dptr,#(_m + 0x0032)
   012F 74 E3               470 	mov	a,#0xE3
   0131 F0                  471 	movx	@dptr,a
   0132 90s00r33            472 	mov	dptr,#(_m + 0x0033)
   0135 74 77               473 	mov	a,#0x77
   0137 F0                  474 	movx	@dptr,a
   0138 90s00r34            475 	mov	dptr,#(_m + 0x0034)
   013B E4                  476 	clr	a
   013C F0                  477 	movx	@dptr,a
   013D 90s00r35            478 	mov	dptr,#(_m + 0x0035)
   0140 74 1A               479 	mov	a,#0x1A
   0142 F0                  480 	movx	@dptr,a
   0143 90s00r36            481 	mov	dptr,#(_m + 0x0036)
   0146 74 AD               482 	mov	a,#0xAD
   0148 F0                  483 	movx	@dptr,a
   0149 90s00r37            484 	mov	dptr,#(_m + 0x0037)
   014C 74 50               485 	mov	a,#0x50
   014E F0                  486 	movx	@dptr,a
   014F 90s00r38            487 	mov	dptr,#(_m + 0x0038)
   0152 74 E1               488 	mov	a,#0xE1
   0154 F0                  489 	movx	@dptr,a
   0155 90s00r39            490 	mov	dptr,#(_m + 0x0039)
   0158 74 7B               491 	mov	a,#0x7B
   015A F0                  492 	movx	@dptr,a
   015B 90s00r3A            493 	mov	dptr,#(_m + 0x003a)
   015E 74 91               494 	mov	a,#0x91
   0160 F0                  495 	movx	@dptr,a
   0161 90s00r3B            496 	mov	dptr,#(_m + 0x003b)
   0164 74 4A               497 	mov	a,#0x4A
   0166 F0                  498 	movx	@dptr,a
   0167 90s00r3C            499 	mov	dptr,#(_m + 0x003c)
   016A 74 92               500 	mov	a,#0x92
   016C F0                  501 	movx	@dptr,a
   016D 90s00r3D            502 	mov	dptr,#(_m + 0x003d)
   0170 74 08               503 	mov	a,#0x08
   0172 F0                  504 	movx	@dptr,a
   0173 90s00r3E            505 	mov	dptr,#(_m + 0x003e)
   0176 74 65               506 	mov	a,#0x65
   0178 F0                  507 	movx	@dptr,a
   0179 90s00r3F            508 	mov	dptr,#(_m + 0x003f)
   017C 74 20               509 	mov	a,#0x20
   017E F0                  510 	movx	@dptr,a
   017F 90s00r40            511 	mov	dptr,#(_m + 0x0040)
   0182 74 75               512 	mov	a,#0x75
   0184 F0                  513 	movx	@dptr,a
   0185 90s00r41            514 	mov	dptr,#(_m + 0x0041)
   0188 74 68               515 	mov	a,#0x68
   018A F0                  516 	movx	@dptr,a
   018B 90s00r42            517 	mov	dptr,#(_m + 0x0042)
   018E 74 74               518 	mov	a,#0x74
   0190 F0                  519 	movx	@dptr,a
   0191 90s00r43            520 	mov	dptr,#(_m + 0x0043)
   0194 74 B3               521 	mov	a,#0xB3
   0196 F0                  522 	movx	@dptr,a
   0197 90s00r44            523 	mov	dptr,#(_m + 0x0044)
   019A 74 65               524 	mov	a,#0x65
   019C F0                  525 	movx	@dptr,a
   019D 90s00r45            526 	mov	dptr,#(_m + 0x0045)
   01A0 74 B0               527 	mov	a,#0xB0
   01A2 F0                  528 	movx	@dptr,a
   01A3 90s00r46            529 	mov	dptr,#(_m + 0x0046)
   01A6 74 0C               530 	mov	a,#0x0C
   01A8 F0                  531 	movx	@dptr,a
   01A9 90s00r47            532 	mov	dptr,#(_m + 0x0047)
   01AC 74 C6               533 	mov	a,#0xC6
   01AE F0                  534 	movx	@dptr,a
   01AF 90s00r48            535 	mov	dptr,#(_m + 0x0048)
   01B2 74 8B               536 	mov	a,#0x8B
   01B4 F0                  537 	movx	@dptr,a
   01B5 90s00r49            538 	mov	dptr,#(_m + 0x0049)
   01B8 74 C9               539 	mov	a,#0xC9
   01BA F0                  540 	movx	@dptr,a
   01BB 90s00r4A            541 	mov	dptr,#(_m + 0x004a)
   01BE 74 10               542 	mov	a,#0x10
   01C0 F0                  543 	movx	@dptr,a
   01C1 90s00r4B            544 	mov	dptr,#(_m + 0x004b)
   01C4 74 EF               545 	mov	a,#0xEF
   01C6 F0                  546 	movx	@dptr,a
   01C7 90s00r4C            547 	mov	dptr,#(_m + 0x004c)
   01CA 74 C4               548 	mov	a,#0xC4
   01CC F0                  549 	movx	@dptr,a
   01CD 90s00r4D            550 	mov	dptr,#(_m + 0x004d)
   01D0 74 4E               551 	mov	a,#0x4E
   01D2 F0                  552 	movx	@dptr,a
   01D3 90s00r4E            553 	mov	dptr,#(_m + 0x004e)
   01D6 74 45               554 	mov	a,#0x45
   01D8 F0                  555 	movx	@dptr,a
   01D9 90s00r4F            556 	mov	dptr,#(_m + 0x004f)
   01DC 74 AD               557 	mov	a,#0xAD
   01DE F0                  558 	movx	@dptr,a
   01DF 90s00r50            559 	mov	dptr,#(_m + 0x0050)
   01E2 74 FA               560 	mov	a,#0xFA
   01E4 F0                  561 	movx	@dptr,a
   01E5 90s00r51            562 	mov	dptr,#(_m + 0x0051)
   01E8 74 D2               563 	mov	a,#0xD2
   01EA F0                  564 	movx	@dptr,a
   01EB 90s00r52            565 	mov	dptr,#(_m + 0x0052)
   01EE 74 4F               566 	mov	a,#0x4F
   01F0 F0                  567 	movx	@dptr,a
   01F1 90s00r53            568 	mov	dptr,#(_m + 0x0053)
   01F4 74 06               569 	mov	a,#0x06
   01F6 F0                  570 	movx	@dptr,a
   01F7 90s00r54            571 	mov	dptr,#(_m + 0x0054)
   01FA 74 EC               572 	mov	a,#0xEC
   01FC F0                  573 	movx	@dptr,a
   01FD 90s00r55            574 	mov	dptr,#(_m + 0x0055)
   0200 74 29               575 	mov	a,#0x29
   0202 F0                  576 	movx	@dptr,a
   0203 90s00r56            577 	mov	dptr,#(_m + 0x0056)
   0206 74 5C               578 	mov	a,#0x5C
   0208 F0                  579 	movx	@dptr,a
   0209 90s00r57            580 	mov	dptr,#(_m + 0x0057)
   020C 74 F3               581 	mov	a,#0xF3
   020E F0                  582 	movx	@dptr,a
   020F 90s00r58            583 	mov	dptr,#(_m + 0x0058)
   0212 74 AA               584 	mov	a,#0xAA
   0214 F0                  585 	movx	@dptr,a
   0215 90s00r59            586 	mov	dptr,#(_m + 0x0059)
   0218 74 97               587 	mov	a,#0x97
   021A F0                  588 	movx	@dptr,a
   021B 90s00r5A            589 	mov	dptr,#(_m + 0x005a)
   021E 74 82               590 	mov	a,#0x82
   0220 F0                  591 	movx	@dptr,a
   0221 90s00r5B            592 	mov	dptr,#(_m + 0x005b)
   0224 74 70               593 	mov	a,#0x70
   0226 F0                  594 	movx	@dptr,a
   0227 90s00r5C            595 	mov	dptr,#(_m + 0x005c)
   022A 74 B8               596 	mov	a,#0xB8
   022C F0                  597 	movx	@dptr,a
   022D 90s00r5D            598 	mov	dptr,#(_m + 0x005d)
   0230 74 44               599 	mov	a,#0x44
   0232 F0                  600 	movx	@dptr,a
   0233 90s00r5E            601 	mov	dptr,#(_m + 0x005e)
   0236 74 06               602 	mov	a,#0x06
   0238 F0                  603 	movx	@dptr,a
   0239 90s00r5F            604 	mov	dptr,#(_m + 0x005f)
   023C 74 86               605 	mov	a,#0x86
   023E F0                  606 	movx	@dptr,a
   023F 90s00r60            607 	mov	dptr,#(_m + 0x0060)
   0242 74 E0               608 	mov	a,#0xE0
   0244 F0                  609 	movx	@dptr,a
   0245 90s00r61            610 	mov	dptr,#(_m + 0x0061)
   0248 74 67               611 	mov	a,#0x67
   024A F0                  612 	movx	@dptr,a
   024B 90s00r62            613 	mov	dptr,#(_m + 0x0062)
   024E 74 FC               614 	mov	a,#0xFC
   0250 F0                  615 	movx	@dptr,a
   0251 90s00r63            616 	mov	dptr,#(_m + 0x0063)
   0254 74 70               617 	mov	a,#0x70
   0256 F0                  618 	movx	@dptr,a
   0257 90s00r64            619 	mov	dptr,#(_m + 0x0064)
   025A 74 79               620 	mov	a,#0x79
   025C F0                  621 	movx	@dptr,a
   025D 90s00r65            622 	mov	dptr,#(_m + 0x0065)
   0260 74 A4               623 	mov	a,#0xA4
   0262 F0                  624 	movx	@dptr,a
   0263 90s00r66            625 	mov	dptr,#(_m + 0x0066)
   0266 74 F0               626 	mov	a,#0xF0
   0268 F0                  627 	movx	@dptr,a
   0269 90s00r67            628 	mov	dptr,#(_m + 0x0067)
   026C 74 B3               629 	mov	a,#0xB3
   026E F0                  630 	movx	@dptr,a
   026F 90s00r68            631 	mov	dptr,#(_m + 0x0068)
   0272 74 0B               632 	mov	a,#0x0B
   0274 F0                  633 	movx	@dptr,a
   0275 90s00r69            634 	mov	dptr,#(_m + 0x0069)
   0278 74 48               635 	mov	a,#0x48
   027A F0                  636 	movx	@dptr,a
   027B 90s00r6A            637 	mov	dptr,#(_m + 0x006a)
   027E 74 CD               638 	mov	a,#0xCD
   0280 F0                  639 	movx	@dptr,a
   0281 90s00r6B            640 	mov	dptr,#(_m + 0x006b)
   0284 74 F0               641 	mov	a,#0xF0
   0286 F0                  642 	movx	@dptr,a
   0287 90s00r6C            643 	mov	dptr,#(_m + 0x006c)
   028A 74 6C               644 	mov	a,#0x6C
   028C F0                  645 	movx	@dptr,a
   028D 90s00r6D            646 	mov	dptr,#(_m + 0x006d)
   0290 74 6F               647 	mov	a,#0x6F
   0292 F0                  648 	movx	@dptr,a
   0293 90s00r6E            649 	mov	dptr,#(_m + 0x006e)
   0296 74 0B               650 	mov	a,#0x0B
   0298 F0                  651 	movx	@dptr,a
   0299 90s00r6F            652 	mov	dptr,#(_m + 0x006f)
   029C 74 8B               653 	mov	a,#0x8B
   029E F0                  654 	movx	@dptr,a
   029F 90s00r70            655 	mov	dptr,#(_m + 0x0070)
   02A2 74 25               656 	mov	a,#0x25
   02A4 F0                  657 	movx	@dptr,a
   02A5 90s00r71            658 	mov	dptr,#(_m + 0x0071)
   02A8 74 67               659 	mov	a,#0x67
   02AA F0                  660 	movx	@dptr,a
   02AB 90s00r72            661 	mov	dptr,#(_m + 0x0072)
   02AE 74 46               662 	mov	a,#0x46
   02B0 F0                  663 	movx	@dptr,a
   02B1 90s00r73            664 	mov	dptr,#(_m + 0x0073)
   02B4 74 8F               665 	mov	a,#0x8F
   02B6 F0                  666 	movx	@dptr,a
   02B7 90s00r74            667 	mov	dptr,#(_m + 0x0074)
   02BA 74 EC               668 	mov	a,#0xEC
   02BC F0                  669 	movx	@dptr,a
   02BD 90s00r75            670 	mov	dptr,#(_m + 0x0075)
   02C0 74 A4               671 	mov	a,#0xA4
   02C2 F0                  672 	movx	@dptr,a
   02C3 90s00r76            673 	mov	dptr,#(_m + 0x0076)
   02C6 74 C1               674 	mov	a,#0xC1
   02C8 F0                  675 	movx	@dptr,a
   02C9 90s00r77            676 	mov	dptr,#(_m + 0x0077)
   02CC 74 E3               677 	mov	a,#0xE3
   02CE F0                  678 	movx	@dptr,a
   02CF 90s00r78            679 	mov	dptr,#(_m + 0x0078)
   02D2 74 6A               680 	mov	a,#0x6A
   02D4 F0                  681 	movx	@dptr,a
   02D5 90s00r79            682 	mov	dptr,#(_m + 0x0079)
   02D8 74 47               683 	mov	a,#0x47
   02DA F0                  684 	movx	@dptr,a
   02DB 90s00r7A            685 	mov	dptr,#(_m + 0x007a)
   02DE 74 0D               686 	mov	a,#0x0D
   02E0 F0                  687 	movx	@dptr,a
   02E1 90s00r7B            688 	mov	dptr,#(_m + 0x007b)
   02E4 74 EB               689 	mov	a,#0xEB
   02E6 F0                  690 	movx	@dptr,a
   02E7 90s00r7C            691 	mov	dptr,#(_m + 0x007c)
   02EA 74 A3               692 	mov	a,#0xA3
   02EC F0                  693 	movx	@dptr,a
   02ED 90s00r7D            694 	mov	dptr,#(_m + 0x007d)
   02F0 74 81               695 	mov	a,#0x81
   02F2 F0                  696 	movx	@dptr,a
   02F3 90s00r7E            697 	mov	dptr,#(_m + 0x007e)
   02F6 74 B5               698 	mov	a,#0xB5
   02F8 F0                  699 	movx	@dptr,a
   02F9 90s00r7F            700 	mov	dptr,#(_m + 0x007f)
   02FC 74 BA               701 	mov	a,#0xBA
   02FE F0                  702 	movx	@dptr,a
                            703 ;	main.c:11: volatile __xdata __at (0x0080) unsigned char a[SIZE] = {0xA3,0x71,0x79,0x01,0xFC,0xF2,0x93,0xC7,0x1C,0x69,0x2D,0x67,0x38,0x2B,0x7C,0x1A,0x40,0x88,0xBA,0x9B,0x10,0x53,0x65,0xED,0xFE,0x39,0xB4,0x77,0x3B,0xC8,0x9B,0xB2,0xE4,0xB1,0xA3,0xC9,0xCD,0xC8,0xF2,0x69,0x01,0x91,0x87,0x67,0xAC,0x6E,0x56,0xF1,0x60,0xBF,0x1E,0x0F,0x53,0xA8,0xAF,0x40,0xDB,0x76,0xB2,0xEA,0x90,0xDD,0xFF,0x40,0x0C,0xD2,0x4D,0xDC,0x5E,0xB3,0xE7,0xFA,0xB4,0x53,0x5E,0x75,0x0B,0x91,0x92,0x14,0x7E,0xD8,0xB8,0xA7,0x05,0x95,0xD0,0x55,0x97,0x30,0x78,0x41,0x81,0xEF,0xC6,0x64,0x9F,0x4A,0x9C,0x4A,0x3A,0x0B,0xCA,0xD8,0x9C,0x1A,0x64,0xA7,0xA9,0x6E,0xC8,0x0A,0xE5,0xCE,0xE2,0x3B,0x73,0x8A,0xEF,0xF0,0xE4,0xA6,0x40,0x26,0xF3,0xD9,0x50,0x1F};
   02FF 90s00r80            704 	mov	dptr,#_a
   0302 74 A3               705 	mov	a,#0xA3
   0304 F0                  706 	movx	@dptr,a
   0305 90s00r81            707 	mov	dptr,#(_a + 0x0001)
   0308 74 71               708 	mov	a,#0x71
   030A F0                  709 	movx	@dptr,a
   030B 90s00r82            710 	mov	dptr,#(_a + 0x0002)
   030E 74 79               711 	mov	a,#0x79
   0310 F0                  712 	movx	@dptr,a
   0311 90s00r83            713 	mov	dptr,#(_a + 0x0003)
   0314 74 01               714 	mov	a,#0x01
   0316 F0                  715 	movx	@dptr,a
   0317 90s00r84            716 	mov	dptr,#(_a + 0x0004)
   031A 74 FC               717 	mov	a,#0xFC
   031C F0                  718 	movx	@dptr,a
   031D 90s00r85            719 	mov	dptr,#(_a + 0x0005)
   0320 74 F2               720 	mov	a,#0xF2
   0322 F0                  721 	movx	@dptr,a
   0323 90s00r86            722 	mov	dptr,#(_a + 0x0006)
   0326 74 93               723 	mov	a,#0x93
   0328 F0                  724 	movx	@dptr,a
   0329 90s00r87            725 	mov	dptr,#(_a + 0x0007)
   032C 74 C7               726 	mov	a,#0xC7
   032E F0                  727 	movx	@dptr,a
   032F 90s00r88            728 	mov	dptr,#(_a + 0x0008)
   0332 74 1C               729 	mov	a,#0x1C
   0334 F0                  730 	movx	@dptr,a
   0335 90s00r89            731 	mov	dptr,#(_a + 0x0009)
   0338 74 69               732 	mov	a,#0x69
   033A F0                  733 	movx	@dptr,a
   033B 90s00r8A            734 	mov	dptr,#(_a + 0x000a)
   033E 74 2D               735 	mov	a,#0x2D
   0340 F0                  736 	movx	@dptr,a
   0341 90s00r8B            737 	mov	dptr,#(_a + 0x000b)
   0344 74 67               738 	mov	a,#0x67
   0346 F0                  739 	movx	@dptr,a
   0347 90s00r8C            740 	mov	dptr,#(_a + 0x000c)
   034A 74 38               741 	mov	a,#0x38
   034C F0                  742 	movx	@dptr,a
   034D 90s00r8D            743 	mov	dptr,#(_a + 0x000d)
   0350 74 2B               744 	mov	a,#0x2B
   0352 F0                  745 	movx	@dptr,a
   0353 90s00r8E            746 	mov	dptr,#(_a + 0x000e)
   0356 74 7C               747 	mov	a,#0x7C
   0358 F0                  748 	movx	@dptr,a
   0359 90s00r8F            749 	mov	dptr,#(_a + 0x000f)
   035C 74 1A               750 	mov	a,#0x1A
   035E F0                  751 	movx	@dptr,a
   035F 90s00r90            752 	mov	dptr,#(_a + 0x0010)
   0362 74 40               753 	mov	a,#0x40
   0364 F0                  754 	movx	@dptr,a
   0365 90s00r91            755 	mov	dptr,#(_a + 0x0011)
   0368 74 88               756 	mov	a,#0x88
   036A F0                  757 	movx	@dptr,a
   036B 90s00r92            758 	mov	dptr,#(_a + 0x0012)
   036E 74 BA               759 	mov	a,#0xBA
   0370 F0                  760 	movx	@dptr,a
   0371 90s00r93            761 	mov	dptr,#(_a + 0x0013)
   0374 74 9B               762 	mov	a,#0x9B
   0376 F0                  763 	movx	@dptr,a
   0377 90s00r94            764 	mov	dptr,#(_a + 0x0014)
   037A 74 10               765 	mov	a,#0x10
   037C F0                  766 	movx	@dptr,a
   037D 90s00r95            767 	mov	dptr,#(_a + 0x0015)
   0380 74 53               768 	mov	a,#0x53
   0382 F0                  769 	movx	@dptr,a
   0383 90s00r96            770 	mov	dptr,#(_a + 0x0016)
   0386 74 65               771 	mov	a,#0x65
   0388 F0                  772 	movx	@dptr,a
   0389 90s00r97            773 	mov	dptr,#(_a + 0x0017)
   038C 74 ED               774 	mov	a,#0xED
   038E F0                  775 	movx	@dptr,a
   038F 90s00r98            776 	mov	dptr,#(_a + 0x0018)
   0392 74 FE               777 	mov	a,#0xFE
   0394 F0                  778 	movx	@dptr,a
   0395 90s00r99            779 	mov	dptr,#(_a + 0x0019)
   0398 74 39               780 	mov	a,#0x39
   039A F0                  781 	movx	@dptr,a
   039B 90s00r9A            782 	mov	dptr,#(_a + 0x001a)
   039E 74 B4               783 	mov	a,#0xB4
   03A0 F0                  784 	movx	@dptr,a
   03A1 90s00r9B            785 	mov	dptr,#(_a + 0x001b)
   03A4 74 77               786 	mov	a,#0x77
   03A6 F0                  787 	movx	@dptr,a
   03A7 90s00r9C            788 	mov	dptr,#(_a + 0x001c)
   03AA 74 3B               789 	mov	a,#0x3B
   03AC F0                  790 	movx	@dptr,a
   03AD 90s00r9D            791 	mov	dptr,#(_a + 0x001d)
   03B0 74 C8               792 	mov	a,#0xC8
   03B2 F0                  793 	movx	@dptr,a
   03B3 90s00r9E            794 	mov	dptr,#(_a + 0x001e)
   03B6 74 9B               795 	mov	a,#0x9B
   03B8 F0                  796 	movx	@dptr,a
   03B9 90s00r9F            797 	mov	dptr,#(_a + 0x001f)
   03BC 74 B2               798 	mov	a,#0xB2
   03BE F0                  799 	movx	@dptr,a
   03BF 90s00rA0            800 	mov	dptr,#(_a + 0x0020)
   03C2 74 E4               801 	mov	a,#0xE4
   03C4 F0                  802 	movx	@dptr,a
   03C5 90s00rA1            803 	mov	dptr,#(_a + 0x0021)
   03C8 74 B1               804 	mov	a,#0xB1
   03CA F0                  805 	movx	@dptr,a
   03CB 90s00rA2            806 	mov	dptr,#(_a + 0x0022)
   03CE 74 A3               807 	mov	a,#0xA3
   03D0 F0                  808 	movx	@dptr,a
   03D1 90s00rA3            809 	mov	dptr,#(_a + 0x0023)
   03D4 74 C9               810 	mov	a,#0xC9
   03D6 F0                  811 	movx	@dptr,a
   03D7 90s00rA4            812 	mov	dptr,#(_a + 0x0024)
   03DA 74 CD               813 	mov	a,#0xCD
   03DC F0                  814 	movx	@dptr,a
   03DD 90s00rA5            815 	mov	dptr,#(_a + 0x0025)
   03E0 74 C8               816 	mov	a,#0xC8
   03E2 F0                  817 	movx	@dptr,a
   03E3 90s00rA6            818 	mov	dptr,#(_a + 0x0026)
   03E6 74 F2               819 	mov	a,#0xF2
   03E8 F0                  820 	movx	@dptr,a
   03E9 90s00rA7            821 	mov	dptr,#(_a + 0x0027)
   03EC 74 69               822 	mov	a,#0x69
   03EE F0                  823 	movx	@dptr,a
   03EF 90s00rA8            824 	mov	dptr,#(_a + 0x0028)
   03F2 74 01               825 	mov	a,#0x01
   03F4 F0                  826 	movx	@dptr,a
   03F5 90s00rA9            827 	mov	dptr,#(_a + 0x0029)
   03F8 74 91               828 	mov	a,#0x91
   03FA F0                  829 	movx	@dptr,a
   03FB 90s00rAA            830 	mov	dptr,#(_a + 0x002a)
   03FE 74 87               831 	mov	a,#0x87
   0400 F0                  832 	movx	@dptr,a
   0401 90s00rAB            833 	mov	dptr,#(_a + 0x002b)
   0404 74 67               834 	mov	a,#0x67
   0406 F0                  835 	movx	@dptr,a
   0407 90s00rAC            836 	mov	dptr,#(_a + 0x002c)
   040A 74 AC               837 	mov	a,#0xAC
   040C F0                  838 	movx	@dptr,a
   040D 90s00rAD            839 	mov	dptr,#(_a + 0x002d)
   0410 74 6E               840 	mov	a,#0x6E
   0412 F0                  841 	movx	@dptr,a
   0413 90s00rAE            842 	mov	dptr,#(_a + 0x002e)
   0416 74 56               843 	mov	a,#0x56
   0418 F0                  844 	movx	@dptr,a
   0419 90s00rAF            845 	mov	dptr,#(_a + 0x002f)
   041C 74 F1               846 	mov	a,#0xF1
   041E F0                  847 	movx	@dptr,a
   041F 90s00rB0            848 	mov	dptr,#(_a + 0x0030)
   0422 74 60               849 	mov	a,#0x60
   0424 F0                  850 	movx	@dptr,a
   0425 90s00rB1            851 	mov	dptr,#(_a + 0x0031)
   0428 74 BF               852 	mov	a,#0xBF
   042A F0                  853 	movx	@dptr,a
   042B 90s00rB2            854 	mov	dptr,#(_a + 0x0032)
   042E 74 1E               855 	mov	a,#0x1E
   0430 F0                  856 	movx	@dptr,a
   0431 90s00rB3            857 	mov	dptr,#(_a + 0x0033)
   0434 74 0F               858 	mov	a,#0x0F
   0436 F0                  859 	movx	@dptr,a
   0437 90s00rB4            860 	mov	dptr,#(_a + 0x0034)
   043A 74 53               861 	mov	a,#0x53
   043C F0                  862 	movx	@dptr,a
   043D 90s00rB5            863 	mov	dptr,#(_a + 0x0035)
   0440 74 A8               864 	mov	a,#0xA8
   0442 F0                  865 	movx	@dptr,a
   0443 90s00rB6            866 	mov	dptr,#(_a + 0x0036)
   0446 74 AF               867 	mov	a,#0xAF
   0448 F0                  868 	movx	@dptr,a
   0449 90s00rB7            869 	mov	dptr,#(_a + 0x0037)
   044C 74 40               870 	mov	a,#0x40
   044E F0                  871 	movx	@dptr,a
   044F 90s00rB8            872 	mov	dptr,#(_a + 0x0038)
   0452 74 DB               873 	mov	a,#0xDB
   0454 F0                  874 	movx	@dptr,a
   0455 90s00rB9            875 	mov	dptr,#(_a + 0x0039)
   0458 74 76               876 	mov	a,#0x76
   045A F0                  877 	movx	@dptr,a
   045B 90s00rBA            878 	mov	dptr,#(_a + 0x003a)
   045E 74 B2               879 	mov	a,#0xB2
   0460 F0                  880 	movx	@dptr,a
   0461 90s00rBB            881 	mov	dptr,#(_a + 0x003b)
   0464 74 EA               882 	mov	a,#0xEA
   0466 F0                  883 	movx	@dptr,a
   0467 90s00rBC            884 	mov	dptr,#(_a + 0x003c)
   046A 74 90               885 	mov	a,#0x90
   046C F0                  886 	movx	@dptr,a
   046D 90s00rBD            887 	mov	dptr,#(_a + 0x003d)
   0470 74 DD               888 	mov	a,#0xDD
   0472 F0                  889 	movx	@dptr,a
   0473 90s00rBE            890 	mov	dptr,#(_a + 0x003e)
   0476 74 FF               891 	mov	a,#0xFF
   0478 F0                  892 	movx	@dptr,a
   0479 90s00rBF            893 	mov	dptr,#(_a + 0x003f)
   047C 74 40               894 	mov	a,#0x40
   047E F0                  895 	movx	@dptr,a
   047F 90s00rC0            896 	mov	dptr,#(_a + 0x0040)
   0482 74 0C               897 	mov	a,#0x0C
   0484 F0                  898 	movx	@dptr,a
   0485 90s00rC1            899 	mov	dptr,#(_a + 0x0041)
   0488 74 D2               900 	mov	a,#0xD2
   048A F0                  901 	movx	@dptr,a
   048B 90s00rC2            902 	mov	dptr,#(_a + 0x0042)
   048E 74 4D               903 	mov	a,#0x4D
   0490 F0                  904 	movx	@dptr,a
   0491 90s00rC3            905 	mov	dptr,#(_a + 0x0043)
   0494 74 DC               906 	mov	a,#0xDC
   0496 F0                  907 	movx	@dptr,a
   0497 90s00rC4            908 	mov	dptr,#(_a + 0x0044)
   049A 74 5E               909 	mov	a,#0x5E
   049C F0                  910 	movx	@dptr,a
   049D 90s00rC5            911 	mov	dptr,#(_a + 0x0045)
   04A0 74 B3               912 	mov	a,#0xB3
   04A2 F0                  913 	movx	@dptr,a
   04A3 90s00rC6            914 	mov	dptr,#(_a + 0x0046)
   04A6 74 E7               915 	mov	a,#0xE7
   04A8 F0                  916 	movx	@dptr,a
   04A9 90s00rC7            917 	mov	dptr,#(_a + 0x0047)
   04AC 74 FA               918 	mov	a,#0xFA
   04AE F0                  919 	movx	@dptr,a
   04AF 90s00rC8            920 	mov	dptr,#(_a + 0x0048)
   04B2 74 B4               921 	mov	a,#0xB4
   04B4 F0                  922 	movx	@dptr,a
   04B5 90s00rC9            923 	mov	dptr,#(_a + 0x0049)
   04B8 74 53               924 	mov	a,#0x53
   04BA F0                  925 	movx	@dptr,a
   04BB 90s00rCA            926 	mov	dptr,#(_a + 0x004a)
   04BE 74 5E               927 	mov	a,#0x5E
   04C0 F0                  928 	movx	@dptr,a
   04C1 90s00rCB            929 	mov	dptr,#(_a + 0x004b)
   04C4 74 75               930 	mov	a,#0x75
   04C6 F0                  931 	movx	@dptr,a
   04C7 90s00rCC            932 	mov	dptr,#(_a + 0x004c)
   04CA 74 0B               933 	mov	a,#0x0B
   04CC F0                  934 	movx	@dptr,a
   04CD 90s00rCD            935 	mov	dptr,#(_a + 0x004d)
   04D0 74 91               936 	mov	a,#0x91
   04D2 F0                  937 	movx	@dptr,a
   04D3 90s00rCE            938 	mov	dptr,#(_a + 0x004e)
   04D6 74 92               939 	mov	a,#0x92
   04D8 F0                  940 	movx	@dptr,a
   04D9 90s00rCF            941 	mov	dptr,#(_a + 0x004f)
   04DC 74 14               942 	mov	a,#0x14
   04DE F0                  943 	movx	@dptr,a
   04DF 90s00rD0            944 	mov	dptr,#(_a + 0x0050)
   04E2 74 7E               945 	mov	a,#0x7E
   04E4 F0                  946 	movx	@dptr,a
   04E5 90s00rD1            947 	mov	dptr,#(_a + 0x0051)
   04E8 74 D8               948 	mov	a,#0xD8
   04EA F0                  949 	movx	@dptr,a
   04EB 90s00rD2            950 	mov	dptr,#(_a + 0x0052)
   04EE 74 B8               951 	mov	a,#0xB8
   04F0 F0                  952 	movx	@dptr,a
   04F1 90s00rD3            953 	mov	dptr,#(_a + 0x0053)
   04F4 74 A7               954 	mov	a,#0xA7
   04F6 F0                  955 	movx	@dptr,a
   04F7 90s00rD4            956 	mov	dptr,#(_a + 0x0054)
   04FA 74 05               957 	mov	a,#0x05
   04FC F0                  958 	movx	@dptr,a
   04FD 90s00rD5            959 	mov	dptr,#(_a + 0x0055)
   0500 74 95               960 	mov	a,#0x95
   0502 F0                  961 	movx	@dptr,a
   0503 90s00rD6            962 	mov	dptr,#(_a + 0x0056)
   0506 74 D0               963 	mov	a,#0xD0
   0508 F0                  964 	movx	@dptr,a
   0509 90s00rD7            965 	mov	dptr,#(_a + 0x0057)
   050C 74 55               966 	mov	a,#0x55
   050E F0                  967 	movx	@dptr,a
   050F 90s00rD8            968 	mov	dptr,#(_a + 0x0058)
   0512 74 97               969 	mov	a,#0x97
   0514 F0                  970 	movx	@dptr,a
   0515 90s00rD9            971 	mov	dptr,#(_a + 0x0059)
   0518 74 30               972 	mov	a,#0x30
   051A F0                  973 	movx	@dptr,a
   051B 90s00rDA            974 	mov	dptr,#(_a + 0x005a)
   051E 74 78               975 	mov	a,#0x78
   0520 F0                  976 	movx	@dptr,a
   0521 90s00rDB            977 	mov	dptr,#(_a + 0x005b)
   0524 74 41               978 	mov	a,#0x41
   0526 F0                  979 	movx	@dptr,a
   0527 90s00rDC            980 	mov	dptr,#(_a + 0x005c)
   052A 74 81               981 	mov	a,#0x81
   052C F0                  982 	movx	@dptr,a
   052D 90s00rDD            983 	mov	dptr,#(_a + 0x005d)
   0530 74 EF               984 	mov	a,#0xEF
   0532 F0                  985 	movx	@dptr,a
   0533 90s00rDE            986 	mov	dptr,#(_a + 0x005e)
   0536 74 C6               987 	mov	a,#0xC6
   0538 F0                  988 	movx	@dptr,a
   0539 90s00rDF            989 	mov	dptr,#(_a + 0x005f)
   053C 74 64               990 	mov	a,#0x64
   053E F0                  991 	movx	@dptr,a
   053F 90s00rE0            992 	mov	dptr,#(_a + 0x0060)
   0542 74 9F               993 	mov	a,#0x9F
   0544 F0                  994 	movx	@dptr,a
   0545 90s00rE1            995 	mov	dptr,#(_a + 0x0061)
   0548 74 4A               996 	mov	a,#0x4A
   054A F0                  997 	movx	@dptr,a
   054B 90s00rE2            998 	mov	dptr,#(_a + 0x0062)
   054E 74 9C               999 	mov	a,#0x9C
   0550 F0                 1000 	movx	@dptr,a
   0551 90s00rE3           1001 	mov	dptr,#(_a + 0x0063)
   0554 74 4A              1002 	mov	a,#0x4A
   0556 F0                 1003 	movx	@dptr,a
   0557 90s00rE4           1004 	mov	dptr,#(_a + 0x0064)
   055A 74 3A              1005 	mov	a,#0x3A
   055C F0                 1006 	movx	@dptr,a
   055D 90s00rE5           1007 	mov	dptr,#(_a + 0x0065)
   0560 74 0B              1008 	mov	a,#0x0B
   0562 F0                 1009 	movx	@dptr,a
   0563 90s00rE6           1010 	mov	dptr,#(_a + 0x0066)
   0566 74 CA              1011 	mov	a,#0xCA
   0568 F0                 1012 	movx	@dptr,a
   0569 90s00rE7           1013 	mov	dptr,#(_a + 0x0067)
   056C 74 D8              1014 	mov	a,#0xD8
   056E F0                 1015 	movx	@dptr,a
   056F 90s00rE8           1016 	mov	dptr,#(_a + 0x0068)
   0572 74 9C              1017 	mov	a,#0x9C
   0574 F0                 1018 	movx	@dptr,a
   0575 90s00rE9           1019 	mov	dptr,#(_a + 0x0069)
   0578 74 1A              1020 	mov	a,#0x1A
   057A F0                 1021 	movx	@dptr,a
   057B 90s00rEA           1022 	mov	dptr,#(_a + 0x006a)
   057E 74 64              1023 	mov	a,#0x64
   0580 F0                 1024 	movx	@dptr,a
   0581 90s00rEB           1025 	mov	dptr,#(_a + 0x006b)
   0584 74 A7              1026 	mov	a,#0xA7
   0586 F0                 1027 	movx	@dptr,a
   0587 90s00rEC           1028 	mov	dptr,#(_a + 0x006c)
   058A 74 A9              1029 	mov	a,#0xA9
   058C F0                 1030 	movx	@dptr,a
   058D 90s00rED           1031 	mov	dptr,#(_a + 0x006d)
   0590 74 6E              1032 	mov	a,#0x6E
   0592 F0                 1033 	movx	@dptr,a
   0593 90s00rEE           1034 	mov	dptr,#(_a + 0x006e)
   0596 74 C8              1035 	mov	a,#0xC8
   0598 F0                 1036 	movx	@dptr,a
   0599 90s00rEF           1037 	mov	dptr,#(_a + 0x006f)
   059C 74 0A              1038 	mov	a,#0x0A
   059E F0                 1039 	movx	@dptr,a
   059F 90s00rF0           1040 	mov	dptr,#(_a + 0x0070)
   05A2 74 E5              1041 	mov	a,#0xE5
   05A4 F0                 1042 	movx	@dptr,a
   05A5 90s00rF1           1043 	mov	dptr,#(_a + 0x0071)
   05A8 74 CE              1044 	mov	a,#0xCE
   05AA F0                 1045 	movx	@dptr,a
   05AB 90s00rF2           1046 	mov	dptr,#(_a + 0x0072)
   05AE 74 E2              1047 	mov	a,#0xE2
   05B0 F0                 1048 	movx	@dptr,a
   05B1 90s00rF3           1049 	mov	dptr,#(_a + 0x0073)
   05B4 74 3B              1050 	mov	a,#0x3B
   05B6 F0                 1051 	movx	@dptr,a
   05B7 90s00rF4           1052 	mov	dptr,#(_a + 0x0074)
   05BA 74 73              1053 	mov	a,#0x73
   05BC F0                 1054 	movx	@dptr,a
   05BD 90s00rF5           1055 	mov	dptr,#(_a + 0x0075)
   05C0 74 8A              1056 	mov	a,#0x8A
   05C2 F0                 1057 	movx	@dptr,a
   05C3 90s00rF6           1058 	mov	dptr,#(_a + 0x0076)
   05C6 74 EF              1059 	mov	a,#0xEF
   05C8 F0                 1060 	movx	@dptr,a
   05C9 90s00rF7           1061 	mov	dptr,#(_a + 0x0077)
   05CC 74 F0              1062 	mov	a,#0xF0
   05CE F0                 1063 	movx	@dptr,a
   05CF 90s00rF8           1064 	mov	dptr,#(_a + 0x0078)
   05D2 74 E4              1065 	mov	a,#0xE4
   05D4 F0                 1066 	movx	@dptr,a
   05D5 90s00rF9           1067 	mov	dptr,#(_a + 0x0079)
   05D8 74 A6              1068 	mov	a,#0xA6
   05DA F0                 1069 	movx	@dptr,a
   05DB 90s00rFA           1070 	mov	dptr,#(_a + 0x007a)
   05DE 74 40              1071 	mov	a,#0x40
   05E0 F0                 1072 	movx	@dptr,a
   05E1 90s00rFB           1073 	mov	dptr,#(_a + 0x007b)
   05E4 74 26              1074 	mov	a,#0x26
   05E6 F0                 1075 	movx	@dptr,a
   05E7 90s00rFC           1076 	mov	dptr,#(_a + 0x007c)
   05EA 74 F3              1077 	mov	a,#0xF3
   05EC F0                 1078 	movx	@dptr,a
   05ED 90s00rFD           1079 	mov	dptr,#(_a + 0x007d)
   05F0 74 D9              1080 	mov	a,#0xD9
   05F2 F0                 1081 	movx	@dptr,a
   05F3 90s00rFE           1082 	mov	dptr,#(_a + 0x007e)
   05F6 74 50              1083 	mov	a,#0x50
   05F8 F0                 1084 	movx	@dptr,a
   05F9 90s00rFF           1085 	mov	dptr,#(_a + 0x007f)
   05FC 74 1F              1086 	mov	a,#0x1F
   05FE F0                 1087 	movx	@dptr,a
                           1088 ;	main.c:12: volatile __xdata __at (0x0100) unsigned char b[SIZE] = {0x08,0xA2,0x1A,0xDB,0xCB,0x27,0x58,0x66,0x6C,0xC0,0xA2,0x58,0x7E,0x96,0x9D,0x15,0xAD,0x00,0xF5,0xAD,0xBD,0xC6,0x62,0xDE,0xB3,0xC9,0xF9,0x5C,0xB8,0xC8,0x3A,0xD1,0x2A,0xCE,0x1C,0xFA,0x3F,0x88,0x60,0xC6,0xFA,0x04,0xC9,0x08,0x68,0xB5,0x2F,0x01,0x88,0x67,0xDC,0xFA,0xD2,0xF3,0x3E,0xF6,0x80,0x97,0xA0,0x7F,0x9D,0x98,0x4D,0x1B,0x20,0xEA,0xAE,0x9A,0xF8,0x5C,0x53,0x71,0xC4,0x4C,0xBD,0xDA,0xBB,0x4F,0x03,0x14,0x30,0xE4,0x94,0x72,0x49,0xAF,0x02,0xFF,0x68,0x73,0xED,0x8B,0x46,0xCF,0xD0,0x89,0xA7,0xB5,0x64,0x76,0xC2,0xBD,0x68,0xD3,0xAC,0x0F,0xD1,0x80,0xE8,0x3E,0x02,0x27,0x82,0xB3,0xEA,0x8E,0x32,0x7A,0xD0,0xE9,0x9C,0x59,0x68,0x81,0x0F,0x3C,0x9E,0xBA};
   05FF 90s01r00           1089 	mov	dptr,#_b
   0602 74 08              1090 	mov	a,#0x08
   0604 F0                 1091 	movx	@dptr,a
   0605 90s01r01           1092 	mov	dptr,#(_b + 0x0001)
   0608 74 A2              1093 	mov	a,#0xA2
   060A F0                 1094 	movx	@dptr,a
   060B 90s01r02           1095 	mov	dptr,#(_b + 0x0002)
   060E 74 1A              1096 	mov	a,#0x1A
   0610 F0                 1097 	movx	@dptr,a
   0611 90s01r03           1098 	mov	dptr,#(_b + 0x0003)
   0614 74 DB              1099 	mov	a,#0xDB
   0616 F0                 1100 	movx	@dptr,a
   0617 90s01r04           1101 	mov	dptr,#(_b + 0x0004)
   061A 74 CB              1102 	mov	a,#0xCB
   061C F0                 1103 	movx	@dptr,a
   061D 90s01r05           1104 	mov	dptr,#(_b + 0x0005)
   0620 74 27              1105 	mov	a,#0x27
   0622 F0                 1106 	movx	@dptr,a
   0623 90s01r06           1107 	mov	dptr,#(_b + 0x0006)
   0626 74 58              1108 	mov	a,#0x58
   0628 F0                 1109 	movx	@dptr,a
   0629 90s01r07           1110 	mov	dptr,#(_b + 0x0007)
   062C 74 66              1111 	mov	a,#0x66
   062E F0                 1112 	movx	@dptr,a
   062F 90s01r08           1113 	mov	dptr,#(_b + 0x0008)
   0632 74 6C              1114 	mov	a,#0x6C
   0634 F0                 1115 	movx	@dptr,a
   0635 90s01r09           1116 	mov	dptr,#(_b + 0x0009)
   0638 74 C0              1117 	mov	a,#0xC0
   063A F0                 1118 	movx	@dptr,a
   063B 90s01r0A           1119 	mov	dptr,#(_b + 0x000a)
   063E 74 A2              1120 	mov	a,#0xA2
   0640 F0                 1121 	movx	@dptr,a
   0641 90s01r0B           1122 	mov	dptr,#(_b + 0x000b)
   0644 74 58              1123 	mov	a,#0x58
   0646 F0                 1124 	movx	@dptr,a
   0647 90s01r0C           1125 	mov	dptr,#(_b + 0x000c)
   064A 74 7E              1126 	mov	a,#0x7E
   064C F0                 1127 	movx	@dptr,a
   064D 90s01r0D           1128 	mov	dptr,#(_b + 0x000d)
   0650 74 96              1129 	mov	a,#0x96
   0652 F0                 1130 	movx	@dptr,a
   0653 90s01r0E           1131 	mov	dptr,#(_b + 0x000e)
   0656 74 9D              1132 	mov	a,#0x9D
   0658 F0                 1133 	movx	@dptr,a
   0659 90s01r0F           1134 	mov	dptr,#(_b + 0x000f)
   065C 74 15              1135 	mov	a,#0x15
   065E F0                 1136 	movx	@dptr,a
   065F 90s01r10           1137 	mov	dptr,#(_b + 0x0010)
   0662 74 AD              1138 	mov	a,#0xAD
   0664 F0                 1139 	movx	@dptr,a
   0665 90s01r11           1140 	mov	dptr,#(_b + 0x0011)
   0668 E4                 1141 	clr	a
   0669 F0                 1142 	movx	@dptr,a
   066A 90s01r12           1143 	mov	dptr,#(_b + 0x0012)
   066D 74 F5              1144 	mov	a,#0xF5
   066F F0                 1145 	movx	@dptr,a
   0670 90s01r13           1146 	mov	dptr,#(_b + 0x0013)
   0673 74 AD              1147 	mov	a,#0xAD
   0675 F0                 1148 	movx	@dptr,a
   0676 90s01r14           1149 	mov	dptr,#(_b + 0x0014)
   0679 74 BD              1150 	mov	a,#0xBD
   067B F0                 1151 	movx	@dptr,a
   067C 90s01r15           1152 	mov	dptr,#(_b + 0x0015)
   067F 74 C6              1153 	mov	a,#0xC6
   0681 F0                 1154 	movx	@dptr,a
   0682 90s01r16           1155 	mov	dptr,#(_b + 0x0016)
   0685 74 62              1156 	mov	a,#0x62
   0687 F0                 1157 	movx	@dptr,a
   0688 90s01r17           1158 	mov	dptr,#(_b + 0x0017)
   068B 74 DE              1159 	mov	a,#0xDE
   068D F0                 1160 	movx	@dptr,a
   068E 90s01r18           1161 	mov	dptr,#(_b + 0x0018)
   0691 74 B3              1162 	mov	a,#0xB3
   0693 F0                 1163 	movx	@dptr,a
   0694 90s01r19           1164 	mov	dptr,#(_b + 0x0019)
   0697 74 C9              1165 	mov	a,#0xC9
   0699 F0                 1166 	movx	@dptr,a
   069A 90s01r1A           1167 	mov	dptr,#(_b + 0x001a)
   069D 74 F9              1168 	mov	a,#0xF9
   069F F0                 1169 	movx	@dptr,a
   06A0 90s01r1B           1170 	mov	dptr,#(_b + 0x001b)
   06A3 74 5C              1171 	mov	a,#0x5C
   06A5 F0                 1172 	movx	@dptr,a
   06A6 90s01r1C           1173 	mov	dptr,#(_b + 0x001c)
   06A9 74 B8              1174 	mov	a,#0xB8
   06AB F0                 1175 	movx	@dptr,a
   06AC 90s01r1D           1176 	mov	dptr,#(_b + 0x001d)
   06AF 74 C8              1177 	mov	a,#0xC8
   06B1 F0                 1178 	movx	@dptr,a
   06B2 90s01r1E           1179 	mov	dptr,#(_b + 0x001e)
   06B5 74 3A              1180 	mov	a,#0x3A
   06B7 F0                 1181 	movx	@dptr,a
   06B8 90s01r1F           1182 	mov	dptr,#(_b + 0x001f)
   06BB 74 D1              1183 	mov	a,#0xD1
   06BD F0                 1184 	movx	@dptr,a
   06BE 90s01r20           1185 	mov	dptr,#(_b + 0x0020)
   06C1 74 2A              1186 	mov	a,#0x2A
   06C3 F0                 1187 	movx	@dptr,a
   06C4 90s01r21           1188 	mov	dptr,#(_b + 0x0021)
   06C7 74 CE              1189 	mov	a,#0xCE
   06C9 F0                 1190 	movx	@dptr,a
   06CA 90s01r22           1191 	mov	dptr,#(_b + 0x0022)
   06CD 74 1C              1192 	mov	a,#0x1C
   06CF F0                 1193 	movx	@dptr,a
   06D0 90s01r23           1194 	mov	dptr,#(_b + 0x0023)
   06D3 74 FA              1195 	mov	a,#0xFA
   06D5 F0                 1196 	movx	@dptr,a
   06D6 90s01r24           1197 	mov	dptr,#(_b + 0x0024)
   06D9 74 3F              1198 	mov	a,#0x3F
   06DB F0                 1199 	movx	@dptr,a
   06DC 90s01r25           1200 	mov	dptr,#(_b + 0x0025)
   06DF 74 88              1201 	mov	a,#0x88
   06E1 F0                 1202 	movx	@dptr,a
   06E2 90s01r26           1203 	mov	dptr,#(_b + 0x0026)
   06E5 74 60              1204 	mov	a,#0x60
   06E7 F0                 1205 	movx	@dptr,a
   06E8 90s01r27           1206 	mov	dptr,#(_b + 0x0027)
   06EB 74 C6              1207 	mov	a,#0xC6
   06ED F0                 1208 	movx	@dptr,a
   06EE 90s01r28           1209 	mov	dptr,#(_b + 0x0028)
   06F1 74 FA              1210 	mov	a,#0xFA
   06F3 F0                 1211 	movx	@dptr,a
   06F4 90s01r29           1212 	mov	dptr,#(_b + 0x0029)
   06F7 74 04              1213 	mov	a,#0x04
   06F9 F0                 1214 	movx	@dptr,a
   06FA 90s01r2A           1215 	mov	dptr,#(_b + 0x002a)
   06FD 74 C9              1216 	mov	a,#0xC9
   06FF F0                 1217 	movx	@dptr,a
   0700 90s01r2B           1218 	mov	dptr,#(_b + 0x002b)
   0703 74 08              1219 	mov	a,#0x08
   0705 F0                 1220 	movx	@dptr,a
   0706 90s01r2C           1221 	mov	dptr,#(_b + 0x002c)
   0709 74 68              1222 	mov	a,#0x68
   070B F0                 1223 	movx	@dptr,a
   070C 90s01r2D           1224 	mov	dptr,#(_b + 0x002d)
   070F 74 B5              1225 	mov	a,#0xB5
   0711 F0                 1226 	movx	@dptr,a
   0712 90s01r2E           1227 	mov	dptr,#(_b + 0x002e)
   0715 74 2F              1228 	mov	a,#0x2F
   0717 F0                 1229 	movx	@dptr,a
   0718 90s01r2F           1230 	mov	dptr,#(_b + 0x002f)
   071B 74 01              1231 	mov	a,#0x01
   071D F0                 1232 	movx	@dptr,a
   071E 90s01r30           1233 	mov	dptr,#(_b + 0x0030)
   0721 74 88              1234 	mov	a,#0x88
   0723 F0                 1235 	movx	@dptr,a
   0724 90s01r31           1236 	mov	dptr,#(_b + 0x0031)
   0727 74 67              1237 	mov	a,#0x67
   0729 F0                 1238 	movx	@dptr,a
   072A 90s01r32           1239 	mov	dptr,#(_b + 0x0032)
   072D 74 DC              1240 	mov	a,#0xDC
   072F F0                 1241 	movx	@dptr,a
   0730 90s01r33           1242 	mov	dptr,#(_b + 0x0033)
   0733 74 FA              1243 	mov	a,#0xFA
   0735 F0                 1244 	movx	@dptr,a
   0736 90s01r34           1245 	mov	dptr,#(_b + 0x0034)
   0739 74 D2              1246 	mov	a,#0xD2
   073B F0                 1247 	movx	@dptr,a
   073C 90s01r35           1248 	mov	dptr,#(_b + 0x0035)
   073F 74 F3              1249 	mov	a,#0xF3
   0741 F0                 1250 	movx	@dptr,a
   0742 90s01r36           1251 	mov	dptr,#(_b + 0x0036)
   0745 74 3E              1252 	mov	a,#0x3E
   0747 F0                 1253 	movx	@dptr,a
   0748 90s01r37           1254 	mov	dptr,#(_b + 0x0037)
   074B 74 F6              1255 	mov	a,#0xF6
   074D F0                 1256 	movx	@dptr,a
   074E 90s01r38           1257 	mov	dptr,#(_b + 0x0038)
   0751 74 80              1258 	mov	a,#0x80
   0753 F0                 1259 	movx	@dptr,a
   0754 90s01r39           1260 	mov	dptr,#(_b + 0x0039)
   0757 74 97              1261 	mov	a,#0x97
   0759 F0                 1262 	movx	@dptr,a
   075A 90s01r3A           1263 	mov	dptr,#(_b + 0x003a)
   075D 74 A0              1264 	mov	a,#0xA0
   075F F0                 1265 	movx	@dptr,a
   0760 90s01r3B           1266 	mov	dptr,#(_b + 0x003b)
   0763 74 7F              1267 	mov	a,#0x7F
   0765 F0                 1268 	movx	@dptr,a
   0766 90s01r3C           1269 	mov	dptr,#(_b + 0x003c)
   0769 74 9D              1270 	mov	a,#0x9D
   076B F0                 1271 	movx	@dptr,a
   076C 90s01r3D           1272 	mov	dptr,#(_b + 0x003d)
   076F 74 98              1273 	mov	a,#0x98
   0771 F0                 1274 	movx	@dptr,a
   0772 90s01r3E           1275 	mov	dptr,#(_b + 0x003e)
   0775 74 4D              1276 	mov	a,#0x4D
   0777 F0                 1277 	movx	@dptr,a
   0778 90s01r3F           1278 	mov	dptr,#(_b + 0x003f)
   077B 74 1B              1279 	mov	a,#0x1B
   077D F0                 1280 	movx	@dptr,a
   077E 90s01r40           1281 	mov	dptr,#(_b + 0x0040)
   0781 74 20              1282 	mov	a,#0x20
   0783 F0                 1283 	movx	@dptr,a
   0784 90s01r41           1284 	mov	dptr,#(_b + 0x0041)
   0787 74 EA              1285 	mov	a,#0xEA
   0789 F0                 1286 	movx	@dptr,a
   078A 90s01r42           1287 	mov	dptr,#(_b + 0x0042)
   078D 74 AE              1288 	mov	a,#0xAE
   078F F0                 1289 	movx	@dptr,a
   0790 90s01r43           1290 	mov	dptr,#(_b + 0x0043)
   0793 74 9A              1291 	mov	a,#0x9A
   0795 F0                 1292 	movx	@dptr,a
   0796 90s01r44           1293 	mov	dptr,#(_b + 0x0044)
   0799 74 F8              1294 	mov	a,#0xF8
   079B F0                 1295 	movx	@dptr,a
   079C 90s01r45           1296 	mov	dptr,#(_b + 0x0045)
   079F 74 5C              1297 	mov	a,#0x5C
   07A1 F0                 1298 	movx	@dptr,a
   07A2 90s01r46           1299 	mov	dptr,#(_b + 0x0046)
   07A5 74 53              1300 	mov	a,#0x53
   07A7 F0                 1301 	movx	@dptr,a
   07A8 90s01r47           1302 	mov	dptr,#(_b + 0x0047)
   07AB 74 71              1303 	mov	a,#0x71
   07AD F0                 1304 	movx	@dptr,a
   07AE 90s01r48           1305 	mov	dptr,#(_b + 0x0048)
   07B1 74 C4              1306 	mov	a,#0xC4
   07B3 F0                 1307 	movx	@dptr,a
   07B4 90s01r49           1308 	mov	dptr,#(_b + 0x0049)
   07B7 74 4C              1309 	mov	a,#0x4C
   07B9 F0                 1310 	movx	@dptr,a
   07BA 90s01r4A           1311 	mov	dptr,#(_b + 0x004a)
   07BD 74 BD              1312 	mov	a,#0xBD
   07BF F0                 1313 	movx	@dptr,a
   07C0 90s01r4B           1314 	mov	dptr,#(_b + 0x004b)
   07C3 74 DA              1315 	mov	a,#0xDA
   07C5 F0                 1316 	movx	@dptr,a
   07C6 90s01r4C           1317 	mov	dptr,#(_b + 0x004c)
   07C9 74 BB              1318 	mov	a,#0xBB
   07CB F0                 1319 	movx	@dptr,a
   07CC 90s01r4D           1320 	mov	dptr,#(_b + 0x004d)
   07CF 74 4F              1321 	mov	a,#0x4F
   07D1 F0                 1322 	movx	@dptr,a
   07D2 90s01r4E           1323 	mov	dptr,#(_b + 0x004e)
   07D5 74 03              1324 	mov	a,#0x03
   07D7 F0                 1325 	movx	@dptr,a
   07D8 90s01r4F           1326 	mov	dptr,#(_b + 0x004f)
   07DB 74 14              1327 	mov	a,#0x14
   07DD F0                 1328 	movx	@dptr,a
   07DE 90s01r50           1329 	mov	dptr,#(_b + 0x0050)
   07E1 74 30              1330 	mov	a,#0x30
   07E3 F0                 1331 	movx	@dptr,a
   07E4 90s01r51           1332 	mov	dptr,#(_b + 0x0051)
   07E7 74 E4              1333 	mov	a,#0xE4
   07E9 F0                 1334 	movx	@dptr,a
   07EA 90s01r52           1335 	mov	dptr,#(_b + 0x0052)
   07ED 74 94              1336 	mov	a,#0x94
   07EF F0                 1337 	movx	@dptr,a
   07F0 90s01r53           1338 	mov	dptr,#(_b + 0x0053)
   07F3 74 72              1339 	mov	a,#0x72
   07F5 F0                 1340 	movx	@dptr,a
   07F6 90s01r54           1341 	mov	dptr,#(_b + 0x0054)
   07F9 74 49              1342 	mov	a,#0x49
   07FB F0                 1343 	movx	@dptr,a
   07FC 90s01r55           1344 	mov	dptr,#(_b + 0x0055)
   07FF 74 AF              1345 	mov	a,#0xAF
   0801 F0                 1346 	movx	@dptr,a
   0802 90s01r56           1347 	mov	dptr,#(_b + 0x0056)
   0805 74 02              1348 	mov	a,#0x02
   0807 F0                 1349 	movx	@dptr,a
   0808 90s01r57           1350 	mov	dptr,#(_b + 0x0057)
   080B 74 FF              1351 	mov	a,#0xFF
   080D F0                 1352 	movx	@dptr,a
   080E 90s01r58           1353 	mov	dptr,#(_b + 0x0058)
   0811 74 68              1354 	mov	a,#0x68
   0813 F0                 1355 	movx	@dptr,a
   0814 90s01r59           1356 	mov	dptr,#(_b + 0x0059)
   0817 74 73              1357 	mov	a,#0x73
   0819 F0                 1358 	movx	@dptr,a
   081A 90s01r5A           1359 	mov	dptr,#(_b + 0x005a)
   081D 74 ED              1360 	mov	a,#0xED
   081F F0                 1361 	movx	@dptr,a
   0820 90s01r5B           1362 	mov	dptr,#(_b + 0x005b)
   0823 74 8B              1363 	mov	a,#0x8B
   0825 F0                 1364 	movx	@dptr,a
   0826 90s01r5C           1365 	mov	dptr,#(_b + 0x005c)
   0829 74 46              1366 	mov	a,#0x46
   082B F0                 1367 	movx	@dptr,a
   082C 90s01r5D           1368 	mov	dptr,#(_b + 0x005d)
   082F 74 CF              1369 	mov	a,#0xCF
   0831 F0                 1370 	movx	@dptr,a
   0832 90s01r5E           1371 	mov	dptr,#(_b + 0x005e)
   0835 74 D0              1372 	mov	a,#0xD0
   0837 F0                 1373 	movx	@dptr,a
   0838 90s01r5F           1374 	mov	dptr,#(_b + 0x005f)
   083B 74 89              1375 	mov	a,#0x89
   083D F0                 1376 	movx	@dptr,a
   083E 90s01r60           1377 	mov	dptr,#(_b + 0x0060)
   0841 74 A7              1378 	mov	a,#0xA7
   0843 F0                 1379 	movx	@dptr,a
   0844 90s01r61           1380 	mov	dptr,#(_b + 0x0061)
   0847 74 B5              1381 	mov	a,#0xB5
   0849 F0                 1382 	movx	@dptr,a
   084A 90s01r62           1383 	mov	dptr,#(_b + 0x0062)
   084D 74 64              1384 	mov	a,#0x64
   084F F0                 1385 	movx	@dptr,a
   0850 90s01r63           1386 	mov	dptr,#(_b + 0x0063)
   0853 74 76              1387 	mov	a,#0x76
   0855 F0                 1388 	movx	@dptr,a
   0856 90s01r64           1389 	mov	dptr,#(_b + 0x0064)
   0859 74 C2              1390 	mov	a,#0xC2
   085B F0                 1391 	movx	@dptr,a
   085C 90s01r65           1392 	mov	dptr,#(_b + 0x0065)
   085F 74 BD              1393 	mov	a,#0xBD
   0861 F0                 1394 	movx	@dptr,a
   0862 90s01r66           1395 	mov	dptr,#(_b + 0x0066)
   0865 74 68              1396 	mov	a,#0x68
   0867 F0                 1397 	movx	@dptr,a
   0868 90s01r67           1398 	mov	dptr,#(_b + 0x0067)
   086B 74 D3              1399 	mov	a,#0xD3
   086D F0                 1400 	movx	@dptr,a
   086E 90s01r68           1401 	mov	dptr,#(_b + 0x0068)
   0871 74 AC              1402 	mov	a,#0xAC
   0873 F0                 1403 	movx	@dptr,a
   0874 90s01r69           1404 	mov	dptr,#(_b + 0x0069)
   0877 74 0F              1405 	mov	a,#0x0F
   0879 F0                 1406 	movx	@dptr,a
   087A 90s01r6A           1407 	mov	dptr,#(_b + 0x006a)
   087D 74 D1              1408 	mov	a,#0xD1
   087F F0                 1409 	movx	@dptr,a
   0880 90s01r6B           1410 	mov	dptr,#(_b + 0x006b)
   0883 74 80              1411 	mov	a,#0x80
   0885 F0                 1412 	movx	@dptr,a
   0886 90s01r6C           1413 	mov	dptr,#(_b + 0x006c)
   0889 74 E8              1414 	mov	a,#0xE8
   088B F0                 1415 	movx	@dptr,a
   088C 90s01r6D           1416 	mov	dptr,#(_b + 0x006d)
   088F 74 3E              1417 	mov	a,#0x3E
   0891 F0                 1418 	movx	@dptr,a
   0892 90s01r6E           1419 	mov	dptr,#(_b + 0x006e)
   0895 74 02              1420 	mov	a,#0x02
   0897 F0                 1421 	movx	@dptr,a
   0898 90s01r6F           1422 	mov	dptr,#(_b + 0x006f)
   089B 74 27              1423 	mov	a,#0x27
   089D F0                 1424 	movx	@dptr,a
   089E 90s01r70           1425 	mov	dptr,#(_b + 0x0070)
   08A1 74 82              1426 	mov	a,#0x82
   08A3 F0                 1427 	movx	@dptr,a
   08A4 90s01r71           1428 	mov	dptr,#(_b + 0x0071)
   08A7 74 B3              1429 	mov	a,#0xB3
   08A9 F0                 1430 	movx	@dptr,a
   08AA 90s01r72           1431 	mov	dptr,#(_b + 0x0072)
   08AD 74 EA              1432 	mov	a,#0xEA
   08AF F0                 1433 	movx	@dptr,a
   08B0 90s01r73           1434 	mov	dptr,#(_b + 0x0073)
   08B3 74 8E              1435 	mov	a,#0x8E
   08B5 F0                 1436 	movx	@dptr,a
   08B6 90s01r74           1437 	mov	dptr,#(_b + 0x0074)
   08B9 74 32              1438 	mov	a,#0x32
   08BB F0                 1439 	movx	@dptr,a
   08BC 90s01r75           1440 	mov	dptr,#(_b + 0x0075)
   08BF 74 7A              1441 	mov	a,#0x7A
   08C1 F0                 1442 	movx	@dptr,a
   08C2 90s01r76           1443 	mov	dptr,#(_b + 0x0076)
   08C5 74 D0              1444 	mov	a,#0xD0
   08C7 F0                 1445 	movx	@dptr,a
   08C8 90s01r77           1446 	mov	dptr,#(_b + 0x0077)
   08CB 74 E9              1447 	mov	a,#0xE9
   08CD F0                 1448 	movx	@dptr,a
   08CE 90s01r78           1449 	mov	dptr,#(_b + 0x0078)
   08D1 74 9C              1450 	mov	a,#0x9C
   08D3 F0                 1451 	movx	@dptr,a
   08D4 90s01r79           1452 	mov	dptr,#(_b + 0x0079)
   08D7 74 59              1453 	mov	a,#0x59
   08D9 F0                 1454 	movx	@dptr,a
   08DA 90s01r7A           1455 	mov	dptr,#(_b + 0x007a)
   08DD 74 68              1456 	mov	a,#0x68
   08DF F0                 1457 	movx	@dptr,a
   08E0 90s01r7B           1458 	mov	dptr,#(_b + 0x007b)
   08E3 74 81              1459 	mov	a,#0x81
   08E5 F0                 1460 	movx	@dptr,a
   08E6 90s01r7C           1461 	mov	dptr,#(_b + 0x007c)
   08E9 74 0F              1462 	mov	a,#0x0F
   08EB F0                 1463 	movx	@dptr,a
   08EC 90s01r7D           1464 	mov	dptr,#(_b + 0x007d)
   08EF 74 3C              1465 	mov	a,#0x3C
   08F1 F0                 1466 	movx	@dptr,a
   08F2 90s01r7E           1467 	mov	dptr,#(_b + 0x007e)
   08F5 74 9E              1468 	mov	a,#0x9E
   08F7 F0                 1469 	movx	@dptr,a
   08F8 90s01r7F           1470 	mov	dptr,#(_b + 0x007f)
   08FB 74 BA              1471 	mov	a,#0xBA
   08FD F0                 1472 	movx	@dptr,a
                           1473 	.area GSFINAL (CODE)
   0000 02s00r03           1474 	ljmp	__sdcc_program_startup
                           1475 ;--------------------------------------------------------
                           1476 ; Home
                           1477 ;--------------------------------------------------------
                           1478 	.area HOME    (CODE)
                           1479 	.area HOME    (CODE)
   0003                    1480 __sdcc_program_startup:
   0003 12s00rD1           1481 	lcall	_main
                           1482 ;	return from main will lock up
   0006 80 FE              1483 	sjmp .
                           1484 ;--------------------------------------------------------
                           1485 ; code
                           1486 ;--------------------------------------------------------
                           1487 	.area CSEG    (CODE)
                           1488 ;------------------------------------------------------------
                           1489 ;Allocation info for local variables in function 'write_montgomery'
                           1490 ;------------------------------------------------------------
                           1491 ;------------------------------------------------------------
                           1492 ;	main.c:22: void write_montgomery() {
                           1493 ;	-----------------------------------------
                           1494 ;	 function write_montgomery
                           1495 ;	-----------------------------------------
   0000                    1496 _write_montgomery:
                    0002   1497 	ar2 = 0x02
                    0003   1498 	ar3 = 0x03
                    0004   1499 	ar4 = 0x04
                    0005   1500 	ar5 = 0x05
                    0006   1501 	ar6 = 0x06
                    0007   1502 	ar7 = 0x07
                    0000   1503 	ar0 = 0x00
                    0001   1504 	ar1 = 0x01
                           1505 ;	main.c:23: P1 = 0;
                           1506 ;	main.c:25: for (i = 0; i < SIZE; i++) {
   0000 E4                 1507 	clr	a
   0001 F5 90              1508 	mov	_P1,a
   0003 F5*00              1509 	mov	_i,a
   0005 F5*01              1510 	mov	(_i + 1),a
   0007                    1511 00104$:
   0007 C3                 1512 	clr	c
   0008 E5*00              1513 	mov	a,_i
   000A 94 80              1514 	subb	a,#0x80
   000C E5*01              1515 	mov	a,(_i + 1)
   000E 94 00              1516 	subb	a,#0x00
   0010 50 27              1517 	jnc	00107$
                           1518 ;	main.c:26: shared_a[i] = a[SIZE-1-i];
   0012 AA*00              1519 	mov	r2,_i
   0014 74 40              1520 	mov	a,#(_shared_a >> 8)
   0016 25*01              1521 	add	a,(_i + 1)
   0018 FB                 1522 	mov	r3,a
   0019 AC*00              1523 	mov	r4,_i
   001B 74 7F              1524 	mov	a,#0x7F
   001D C3                 1525 	clr	c
   001E 9C                 1526 	subb	a,r4
   001F 24r80              1527 	add	a,#_a
   0021 F5 82              1528 	mov	dpl,a
   0023 E4                 1529 	clr	a
   0024 34s00              1530 	addc	a,#(_a >> 8)
   0026 F5 83              1531 	mov	dph,a
   0028 E0                 1532 	movx	a,@dptr
   0029 FC                 1533 	mov	r4,a
   002A 8A 82              1534 	mov	dpl,r2
   002C 8B 83              1535 	mov	dph,r3
   002E F0                 1536 	movx	@dptr,a
                           1537 ;	main.c:25: for (i = 0; i < SIZE; i++) {
   002F 05*00              1538 	inc	_i
   0031 E4                 1539 	clr	a
   0032 B5*00 D2           1540 	cjne	a,_i,00104$
   0035 05*01              1541 	inc	(_i + 1)
   0037 80 CE              1542 	sjmp	00104$
   0039                    1543 00107$:
                           1544 ;	main.c:29: for (i = 0; i < SIZE; i++) {
   0039 E4                 1545 	clr	a
   003A F5*00              1546 	mov	_i,a
   003C F5*01              1547 	mov	(_i + 1),a
   003E                    1548 00108$:
   003E C3                 1549 	clr	c
   003F E5*00              1550 	mov	a,_i
   0041 94 80              1551 	subb	a,#0x80
   0043 E5*01              1552 	mov	a,(_i + 1)
   0045 94 00              1553 	subb	a,#0x00
   0047 50 2A              1554 	jnc	00111$
                           1555 ;	main.c:30: shared_b[i] = b[SIZE-1-i];
   0049 E5*00              1556 	mov	a,_i
   004B 24 80              1557 	add	a,#_shared_b
   004D FA                 1558 	mov	r2,a
   004E E5*01              1559 	mov	a,(_i + 1)
   0050 34 40              1560 	addc	a,#(_shared_b >> 8)
   0052 FB                 1561 	mov	r3,a
   0053 AC*00              1562 	mov	r4,_i
   0055 74 7F              1563 	mov	a,#0x7F
   0057 C3                 1564 	clr	c
   0058 9C                 1565 	subb	a,r4
   0059 24r00              1566 	add	a,#_b
   005B F5 82              1567 	mov	dpl,a
   005D E4                 1568 	clr	a
   005E 34s01              1569 	addc	a,#(_b >> 8)
   0060 F5 83              1570 	mov	dph,a
   0062 E0                 1571 	movx	a,@dptr
   0063 FC                 1572 	mov	r4,a
   0064 8A 82              1573 	mov	dpl,r2
   0066 8B 83              1574 	mov	dph,r3
   0068 F0                 1575 	movx	@dptr,a
                           1576 ;	main.c:29: for (i = 0; i < SIZE; i++) {
   0069 05*00              1577 	inc	_i
   006B E4                 1578 	clr	a
   006C B5*00 CF           1579 	cjne	a,_i,00108$
   006F 05*01              1580 	inc	(_i + 1)
   0071 80 CB              1581 	sjmp	00108$
   0073                    1582 00111$:
                           1583 ;	main.c:33: for (i = 0; i < SIZE; i++) {
   0073 E4                 1584 	clr	a
   0074 F5*00              1585 	mov	_i,a
   0076 F5*01              1586 	mov	(_i + 1),a
   0078                    1587 00112$:
   0078 C3                 1588 	clr	c
   0079 E5*00              1589 	mov	a,_i
   007B 94 80              1590 	subb	a,#0x80
   007D E5*01              1591 	mov	a,(_i + 1)
   007F 94 00              1592 	subb	a,#0x00
   0081 50 27              1593 	jnc	00115$
                           1594 ;	main.c:34: shared_m[i] = m[SIZE-1-i];
   0083 AA*00              1595 	mov	r2,_i
   0085 74 41              1596 	mov	a,#(_shared_m >> 8)
   0087 25*01              1597 	add	a,(_i + 1)
   0089 FB                 1598 	mov	r3,a
   008A AC*00              1599 	mov	r4,_i
   008C 74 7F              1600 	mov	a,#0x7F
   008E C3                 1601 	clr	c
   008F 9C                 1602 	subb	a,r4
   0090 24r00              1603 	add	a,#_m
   0092 F5 82              1604 	mov	dpl,a
   0094 E4                 1605 	clr	a
   0095 34s00              1606 	addc	a,#(_m >> 8)
   0097 F5 83              1607 	mov	dph,a
   0099 E0                 1608 	movx	a,@dptr
   009A FC                 1609 	mov	r4,a
   009B 8A 82              1610 	mov	dpl,r2
   009D 8B 83              1611 	mov	dph,r3
   009F F0                 1612 	movx	@dptr,a
                           1613 ;	main.c:33: for (i = 0; i < SIZE; i++) {
   00A0 05*00              1614 	inc	_i
   00A2 E4                 1615 	clr	a
   00A3 B5*00 D2           1616 	cjne	a,_i,00112$
   00A6 05*01              1617 	inc	(_i + 1)
   00A8 80 CE              1618 	sjmp	00112$
   00AA                    1619 00115$:
                           1620 ;	main.c:37: P0 = ins_write_data;
   00AA 75 80 01           1621 	mov	_P0,#0x01
                           1622 ;	main.c:38: P0 = ins_idle;
   00AD 75 80 00           1623 	mov	_P0,#0x00
                           1624 ;	main.c:40: while (P1 == 0) {}
   00B0                    1625 00101$:
   00B0 E5 90              1626 	mov	a,_P1
   00B2 60 FC              1627 	jz	00101$
                           1628 ;	main.c:41: P0 = ins_ack;
   00B4 75 80 04           1629 	mov	_P0,#0x04
   00B7 22                 1630 	ret
                           1631 ;------------------------------------------------------------
                           1632 ;Allocation info for local variables in function 'read_r'
                           1633 ;------------------------------------------------------------
                           1634 ;------------------------------------------------------------
                           1635 ;	main.c:44: void read_r() {
                           1636 ;	-----------------------------------------
                           1637 ;	 function read_r
                           1638 ;	-----------------------------------------
   00B8                    1639 _read_r:
                           1640 ;	main.c:45: P0 = ins_read_r;
   00B8 75 80 03           1641 	mov	_P0,#0x03
                           1642 ;	main.c:46: while (P1 == 0) {}
   00BB                    1643 00101$:
   00BB E5 90              1644 	mov	a,_P1
   00BD 60 FC              1645 	jz	00101$
                           1646 ;	main.c:47: P0 = ins_ack;
   00BF 75 80 04           1647 	mov	_P0,#0x04
                           1648 ;	main.c:49: P0 = ins_idle;
   00C2 75 80 00           1649 	mov	_P0,#0x00
   00C5 22                 1650 	ret
                           1651 ;------------------------------------------------------------
                           1652 ;Allocation info for local variables in function 'montgomery'
                           1653 ;------------------------------------------------------------
                           1654 ;------------------------------------------------------------
                           1655 ;	main.c:52: void montgomery() {
                           1656 ;	-----------------------------------------
                           1657 ;	 function montgomery
                           1658 ;	-----------------------------------------
   00C6                    1659 _montgomery:
                           1660 ;	main.c:53: P0 = ins_montgomery;
   00C6 75 80 02           1661 	mov	_P0,#0x02
                           1662 ;	main.c:54: P0 = ins_idle;
   00C9 75 80 00           1663 	mov	_P0,#0x00
   00CC 22                 1664 	ret
                           1665 ;------------------------------------------------------------
                           1666 ;Allocation info for local variables in function 'terminate'
                           1667 ;------------------------------------------------------------
                           1668 ;------------------------------------------------------------
                           1669 ;	main.c:57: void terminate() {
                           1670 ;	-----------------------------------------
                           1671 ;	 function terminate
                           1672 ;	-----------------------------------------
   00CD                    1673 _terminate:
                           1674 ;	main.c:58: P3 = 0x55;
   00CD 75 B0 55           1675 	mov	_P3,#0x55
   00D0 22                 1676 	ret
                           1677 ;------------------------------------------------------------
                           1678 ;Allocation info for local variables in function 'main'
                           1679 ;------------------------------------------------------------
                           1680 ;------------------------------------------------------------
                           1681 ;	main.c:61: int main() {
                           1682 ;	-----------------------------------------
                           1683 ;	 function main
                           1684 ;	-----------------------------------------
   00D1                    1685 _main:
                           1686 ;	main.c:62: write_montgomery();
   00D1 12s00r00           1687 	lcall	_write_montgomery
                           1688 ;	main.c:63: montgomery();
   00D4 12s00rC6           1689 	lcall	_montgomery
                           1690 ;	main.c:64: read_r();
   00D7 12s00rB8           1691 	lcall	_read_r
                           1692 ;	main.c:66: P1 = 0;
                           1693 ;	main.c:68: for (i = 0; i < SIZE; i++) {
   00DA E4                 1694 	clr	a
   00DB F5 90              1695 	mov	_P1,a
   00DD F5*00              1696 	mov	_i,a
   00DF F5*01              1697 	mov	(_i + 1),a
   00E1                    1698 00104$:
   00E1 C3                 1699 	clr	c
   00E2 E5*00              1700 	mov	a,_i
   00E4 94 80              1701 	subb	a,#0x80
   00E6 E5*01              1702 	mov	a,(_i + 1)
   00E8 94 00              1703 	subb	a,#0x00
   00EA 50 21              1704 	jnc	00107$
                           1705 ;	main.c:69: shared_a[i] = r[i];
   00EC AA*00              1706 	mov	r2,_i
   00EE 74 40              1707 	mov	a,#(_shared_a >> 8)
   00F0 25*01              1708 	add	a,(_i + 1)
   00F2 FB                 1709 	mov	r3,a
   00F3 85*00 82           1710 	mov	dpl,_i
   00F6 74 02              1711 	mov	a,#(_r >> 8)
   00F8 25*01              1712 	add	a,(_i + 1)
   00FA F5 83              1713 	mov	dph,a
   00FC E0                 1714 	movx	a,@dptr
   00FD FC                 1715 	mov	r4,a
   00FE 8A 82              1716 	mov	dpl,r2
   0100 8B 83              1717 	mov	dph,r3
   0102 F0                 1718 	movx	@dptr,a
                           1719 ;	main.c:68: for (i = 0; i < SIZE; i++) {
   0103 05*00              1720 	inc	_i
   0105 E4                 1721 	clr	a
   0106 B5*00 D8           1722 	cjne	a,_i,00104$
   0109 05*01              1723 	inc	(_i + 1)
   010B 80 D4              1724 	sjmp	00104$
   010D                    1725 00107$:
                           1726 ;	main.c:72: P0 = ins_write_data;
   010D 75 80 01           1727 	mov	_P0,#0x01
                           1728 ;	main.c:73: P0 = ins_idle;
   0110 75 80 00           1729 	mov	_P0,#0x00
                           1730 ;	main.c:75: while (P1 == 0) {}
   0113                    1731 00101$:
   0113 E5 90              1732 	mov	a,_P1
   0115 60 FC              1733 	jz	00101$
                           1734 ;	main.c:76: P0 = ins_ack;
   0117 75 80 04           1735 	mov	_P0,#0x04
                           1736 ;	main.c:78: terminate();
   011A 12s00rCD           1737 	lcall	_terminate
                           1738 ;	main.c:79: return 0;
   011D 90 00 00           1739 	mov	dptr,#0x0000
   0120 22                 1740 	ret
                           1741 	.area CSEG    (CODE)
                           1742 	.area CONST   (CODE)
                           1743 	.area XINIT   (CODE)
                           1744 	.area CABS    (ABS,CODE)
