                              1 ;--------------------------------------------------------
                              2 ; File Created by SDCC : free open source ANSI-C Compiler
                              3 ; Version 2.9.0 #5416 (Aug  6 2010) (UNIX)
                              4 ; This file was generated Sun Dec  2 13:56:32 2012
                              5 ;--------------------------------------------------------
                              6 	.module main
                              7 	.optsdcc -mmcs51 --model-small
                              8 	
                              9 ;--------------------------------------------------------
                             10 ; Public variables in this module
                             11 ;--------------------------------------------------------
                             12 	.globl _main
                             13 	.globl _terminate
                             14 	.globl _montgomery
                             15 	.globl _read_r
                             16 	.globl _write_montgomery
                             17 	.globl _CY
                             18 	.globl _AC
                             19 	.globl _F0
                             20 	.globl _RS1
                             21 	.globl _RS0
                             22 	.globl _OV
                             23 	.globl _F1
                             24 	.globl _P
                             25 	.globl _PS
                             26 	.globl _PT1
                             27 	.globl _PX1
                             28 	.globl _PT0
                             29 	.globl _PX0
                             30 	.globl _RD
                             31 	.globl _WR
                             32 	.globl _T1
                             33 	.globl _T0
                             34 	.globl _INT1
                             35 	.globl _INT0
                             36 	.globl _TXD
                             37 	.globl _RXD
                             38 	.globl _P3_7
                             39 	.globl _P3_6
                             40 	.globl _P3_5
                             41 	.globl _P3_4
                             42 	.globl _P3_3
                             43 	.globl _P3_2
                             44 	.globl _P3_1
                             45 	.globl _P3_0
                             46 	.globl _EA
                             47 	.globl _ES
                             48 	.globl _ET1
                             49 	.globl _EX1
                             50 	.globl _ET0
                             51 	.globl _EX0
                             52 	.globl _P2_7
                             53 	.globl _P2_6
                             54 	.globl _P2_5
                             55 	.globl _P2_4
                             56 	.globl _P2_3
                             57 	.globl _P2_2
                             58 	.globl _P2_1
                             59 	.globl _P2_0
                             60 	.globl _SM0
                             61 	.globl _SM1
                             62 	.globl _SM2
                             63 	.globl _REN
                             64 	.globl _TB8
                             65 	.globl _RB8
                             66 	.globl _TI
                             67 	.globl _RI
                             68 	.globl _P1_7
                             69 	.globl _P1_6
                             70 	.globl _P1_5
                             71 	.globl _P1_4
                             72 	.globl _P1_3
                             73 	.globl _P1_2
                             74 	.globl _P1_1
                             75 	.globl _P1_0
                             76 	.globl _TF1
                             77 	.globl _TR1
                             78 	.globl _TF0
                             79 	.globl _TR0
                             80 	.globl _IE1
                             81 	.globl _IT1
                             82 	.globl _IE0
                             83 	.globl _IT0
                             84 	.globl _P0_7
                             85 	.globl _P0_6
                             86 	.globl _P0_5
                             87 	.globl _P0_4
                             88 	.globl _P0_3
                             89 	.globl _P0_2
                             90 	.globl _P0_1
                             91 	.globl _P0_0
                             92 	.globl _B
                             93 	.globl _ACC
                             94 	.globl _PSW
                             95 	.globl _IP
                             96 	.globl _P3
                             97 	.globl _IE
                             98 	.globl _P2
                             99 	.globl _SBUF
                            100 	.globl _SCON
                            101 	.globl _P1
                            102 	.globl _TH1
                            103 	.globl _TH0
                            104 	.globl _TL1
                            105 	.globl _TL0
                            106 	.globl _TMOD
                            107 	.globl _TCON
                            108 	.globl _PCON
                            109 	.globl _DPH
                            110 	.globl _DPL
                            111 	.globl _SP
                            112 	.globl _P0
                            113 	.globl _b
                            114 	.globl _a
                            115 	.globl _m
                            116 	.globl _shared_m
                            117 	.globl _shared_b
                            118 	.globl _shared_a
                            119 	.globl _r
                            120 	.globl _endBrk
                            121 	.globl _startBrk
                            122 	.globl _i
                            123 ;--------------------------------------------------------
                            124 ; special function registers
                            125 ;--------------------------------------------------------
                            126 	.area RSEG    (DATA)
                    0080    127 _P0	=	0x0080
                    0081    128 _SP	=	0x0081
                    0082    129 _DPL	=	0x0082
                    0083    130 _DPH	=	0x0083
                    0087    131 _PCON	=	0x0087
                    0088    132 _TCON	=	0x0088
                    0089    133 _TMOD	=	0x0089
                    008A    134 _TL0	=	0x008a
                    008B    135 _TL1	=	0x008b
                    008C    136 _TH0	=	0x008c
                    008D    137 _TH1	=	0x008d
                    0090    138 _P1	=	0x0090
                    0098    139 _SCON	=	0x0098
                    0099    140 _SBUF	=	0x0099
                    00A0    141 _P2	=	0x00a0
                    00A8    142 _IE	=	0x00a8
                    00B0    143 _P3	=	0x00b0
                    00B8    144 _IP	=	0x00b8
                    00D0    145 _PSW	=	0x00d0
                    00E0    146 _ACC	=	0x00e0
                    00F0    147 _B	=	0x00f0
                            148 ;--------------------------------------------------------
                            149 ; special function bits
                            150 ;--------------------------------------------------------
                            151 	.area RSEG    (DATA)
                    0080    152 _P0_0	=	0x0080
                    0081    153 _P0_1	=	0x0081
                    0082    154 _P0_2	=	0x0082
                    0083    155 _P0_3	=	0x0083
                    0084    156 _P0_4	=	0x0084
                    0085    157 _P0_5	=	0x0085
                    0086    158 _P0_6	=	0x0086
                    0087    159 _P0_7	=	0x0087
                    0088    160 _IT0	=	0x0088
                    0089    161 _IE0	=	0x0089
                    008A    162 _IT1	=	0x008a
                    008B    163 _IE1	=	0x008b
                    008C    164 _TR0	=	0x008c
                    008D    165 _TF0	=	0x008d
                    008E    166 _TR1	=	0x008e
                    008F    167 _TF1	=	0x008f
                    0090    168 _P1_0	=	0x0090
                    0091    169 _P1_1	=	0x0091
                    0092    170 _P1_2	=	0x0092
                    0093    171 _P1_3	=	0x0093
                    0094    172 _P1_4	=	0x0094
                    0095    173 _P1_5	=	0x0095
                    0096    174 _P1_6	=	0x0096
                    0097    175 _P1_7	=	0x0097
                    0098    176 _RI	=	0x0098
                    0099    177 _TI	=	0x0099
                    009A    178 _RB8	=	0x009a
                    009B    179 _TB8	=	0x009b
                    009C    180 _REN	=	0x009c
                    009D    181 _SM2	=	0x009d
                    009E    182 _SM1	=	0x009e
                    009F    183 _SM0	=	0x009f
                    00A0    184 _P2_0	=	0x00a0
                    00A1    185 _P2_1	=	0x00a1
                    00A2    186 _P2_2	=	0x00a2
                    00A3    187 _P2_3	=	0x00a3
                    00A4    188 _P2_4	=	0x00a4
                    00A5    189 _P2_5	=	0x00a5
                    00A6    190 _P2_6	=	0x00a6
                    00A7    191 _P2_7	=	0x00a7
                    00A8    192 _EX0	=	0x00a8
                    00A9    193 _ET0	=	0x00a9
                    00AA    194 _EX1	=	0x00aa
                    00AB    195 _ET1	=	0x00ab
                    00AC    196 _ES	=	0x00ac
                    00AF    197 _EA	=	0x00af
                    00B0    198 _P3_0	=	0x00b0
                    00B1    199 _P3_1	=	0x00b1
                    00B2    200 _P3_2	=	0x00b2
                    00B3    201 _P3_3	=	0x00b3
                    00B4    202 _P3_4	=	0x00b4
                    00B5    203 _P3_5	=	0x00b5
                    00B6    204 _P3_6	=	0x00b6
                    00B7    205 _P3_7	=	0x00b7
                    00B0    206 _RXD	=	0x00b0
                    00B1    207 _TXD	=	0x00b1
                    00B2    208 _INT0	=	0x00b2
                    00B3    209 _INT1	=	0x00b3
                    00B4    210 _T0	=	0x00b4
                    00B5    211 _T1	=	0x00b5
                    00B6    212 _WR	=	0x00b6
                    00B7    213 _RD	=	0x00b7
                    00B8    214 _PX0	=	0x00b8
                    00B9    215 _PT0	=	0x00b9
                    00BA    216 _PX1	=	0x00ba
                    00BB    217 _PT1	=	0x00bb
                    00BC    218 _PS	=	0x00bc
                    00D0    219 _P	=	0x00d0
                    00D1    220 _F1	=	0x00d1
                    00D2    221 _OV	=	0x00d2
                    00D3    222 _RS0	=	0x00d3
                    00D4    223 _RS1	=	0x00d4
                    00D5    224 _F0	=	0x00d5
                    00D6    225 _AC	=	0x00d6
                    00D7    226 _CY	=	0x00d7
                            227 ;--------------------------------------------------------
                            228 ; overlayable register banks
                            229 ;--------------------------------------------------------
                            230 	.area REG_BANK_0	(REL,OVR,DATA)
   0000                     231 	.ds 8
                            232 ;--------------------------------------------------------
                            233 ; internal ram data
                            234 ;--------------------------------------------------------
                            235 	.area DSEG    (DATA)
   0000                     236 _i::
   0000                     237 	.ds 2
                            238 ;--------------------------------------------------------
                            239 ; overlayable items in internal ram 
                            240 ;--------------------------------------------------------
                            241 	.area OSEG    (OVR,DATA)
                            242 ;--------------------------------------------------------
                            243 ; Stack segment in internal ram 
                            244 ;--------------------------------------------------------
                            245 	.area	SSEG	(DATA)
   0000                     246 __start__stack:
   0000                     247 	.ds	1
                            248 
                            249 ;--------------------------------------------------------
                            250 ; indirectly addressable internal ram data
                            251 ;--------------------------------------------------------
                            252 	.area ISEG    (DATA)
                            253 ;--------------------------------------------------------
                            254 ; absolute internal ram data
                            255 ;--------------------------------------------------------
                            256 	.area IABS    (ABS,DATA)
                            257 	.area IABS    (ABS,DATA)
                            258 ;--------------------------------------------------------
                            259 ; bit data
                            260 ;--------------------------------------------------------
                            261 	.area BSEG    (BIT)
                            262 ;--------------------------------------------------------
                            263 ; paged external ram data
                            264 ;--------------------------------------------------------
                            265 	.area PSEG    (PAG,XDATA)
                            266 ;--------------------------------------------------------
                            267 ; external ram data
                            268 ;--------------------------------------------------------
                            269 	.area XSEG    (XDATA)
                    FFFE    270 _startBrk	=	0xfffe
                    FFFF    271 _endBrk	=	0xffff
                    0200    272 _r	=	0x0200
                    4000    273 _shared_a	=	0x4000
                    4080    274 _shared_b	=	0x4080
                    4100    275 _shared_m	=	0x4100
                            276 ;--------------------------------------------------------
                            277 ; absolute external ram data
                            278 ;--------------------------------------------------------
                            279 	.area XABS    (ABS,XDATA)
   0000                     280 	.org 0x0000
   0000                     281 _m::
   0000                     282 	.ds 128
   0080                     283 	.org 0x0080
   0080                     284 _a::
   0080                     285 	.ds 128
   0100                     286 	.org 0x0100
   0100                     287 _b::
   0100                     288 	.ds 128
                            289 ;--------------------------------------------------------
                            290 ; external initialized ram data
                            291 ;--------------------------------------------------------
                            292 	.area XISEG   (XDATA)
                            293 	.area HOME    (CODE)
                            294 	.area GSINIT0 (CODE)
                            295 	.area GSINIT1 (CODE)
                            296 	.area GSINIT2 (CODE)
                            297 	.area GSINIT3 (CODE)
                            298 	.area GSINIT4 (CODE)
                            299 	.area GSINIT5 (CODE)
                            300 	.area GSINIT  (CODE)
                            301 	.area GSFINAL (CODE)
                            302 	.area CSEG    (CODE)
                            303 ;--------------------------------------------------------
                            304 ; interrupt vector 
                            305 ;--------------------------------------------------------
                            306 	.area HOME    (CODE)
   0000                     307 __interrupt_vect:
   0000 02s00r00            308 	ljmp	__sdcc_gsinit_startup
                            309 ;--------------------------------------------------------
                            310 ; global & static initialisations
                            311 ;--------------------------------------------------------
                            312 	.area HOME    (CODE)
                            313 	.area GSINIT  (CODE)
                            314 	.area GSFINAL (CODE)
                            315 	.area GSINIT  (CODE)
                            316 	.globl __sdcc_gsinit_startup
                            317 	.globl __sdcc_program_startup
                            318 	.globl __start__stack
                            319 	.globl __mcs51_genXINIT
                            320 	.globl __mcs51_genXRAMCLEAR
                            321 	.globl __mcs51_genRAMCLEAR
                            322 ;	main.c:13: volatile __xdata __at (0x0000) unsigned char m[SIZE] = {0x0D,0xD5,0x0F,0x26,0x8F,0x95,0xAD,0x59,0x24,0xA0,0xDA,0x8F,0xAE,0x27,0x9F,0xD4,0x7A,0xE7,0x7E,0xBF,0xDF,0x2D,0x12,0xDA,0x43,0x14,0x0F,0x20,0xFA,0x90,0x46,0xD5,0x39,0xF1,0xAA,0x90,0x02,0xE4,0xDC,0xA3,0x9C,0xA4,0xF2,0xFF,0x30,0xC1,0x14,0x22,0x7E,0x11,0xE3,0x77,0x00,0x1A,0xAD,0x50,0xE1,0x7B,0x91,0x4A,0x92,0x08,0x65,0x20,0x75,0x68,0x74,0xB3,0x65,0xB0,0x0C,0xC6,0x8B,0xC9,0x10,0xEF,0xC4,0x4E,0x45,0xAD,0xFA,0xD2,0x4F,0x06,0xEC,0x29,0x5C,0xF3,0xAA,0x97,0x82,0x70,0xB8,0x44,0x06,0x86,0xE0,0x67,0xFC,0x70,0x79,0xA4,0xF0,0xB3,0x0B,0x48,0xCD,0xF0,0x6C,0x6F,0x0B,0x8B,0x25,0x67,0x46,0x8F,0xEC,0xA4,0xC1,0xE3,0x6A,0x47,0x0D,0xEB,0xA3,0x81,0xB5,0xBA};
   0000 90s00r00            323 	mov	dptr,#_m
   0003 74 0D               324 	mov	a,#0x0D
   0005 F0                  325 	movx	@dptr,a
   0006 90s00r01            326 	mov	dptr,#(_m + 0x0001)
   0009 74 D5               327 	mov	a,#0xD5
   000B F0                  328 	movx	@dptr,a
   000C 90s00r02            329 	mov	dptr,#(_m + 0x0002)
   000F 74 0F               330 	mov	a,#0x0F
   0011 F0                  331 	movx	@dptr,a
   0012 90s00r03            332 	mov	dptr,#(_m + 0x0003)
   0015 74 26               333 	mov	a,#0x26
   0017 F0                  334 	movx	@dptr,a
   0018 90s00r04            335 	mov	dptr,#(_m + 0x0004)
   001B 74 8F               336 	mov	a,#0x8F
   001D F0                  337 	movx	@dptr,a
   001E 90s00r05            338 	mov	dptr,#(_m + 0x0005)
   0021 74 95               339 	mov	a,#0x95
   0023 F0                  340 	movx	@dptr,a
   0024 90s00r06            341 	mov	dptr,#(_m + 0x0006)
   0027 74 AD               342 	mov	a,#0xAD
   0029 F0                  343 	movx	@dptr,a
   002A 90s00r07            344 	mov	dptr,#(_m + 0x0007)
   002D 74 59               345 	mov	a,#0x59
   002F F0                  346 	movx	@dptr,a
   0030 90s00r08            347 	mov	dptr,#(_m + 0x0008)
   0033 74 24               348 	mov	a,#0x24
   0035 F0                  349 	movx	@dptr,a
   0036 90s00r09            350 	mov	dptr,#(_m + 0x0009)
   0039 74 A0               351 	mov	a,#0xA0
   003B F0                  352 	movx	@dptr,a
   003C 90s00r0A            353 	mov	dptr,#(_m + 0x000a)
   003F 74 DA               354 	mov	a,#0xDA
   0041 F0                  355 	movx	@dptr,a
   0042 90s00r0B            356 	mov	dptr,#(_m + 0x000b)
   0045 74 8F               357 	mov	a,#0x8F
   0047 F0                  358 	movx	@dptr,a
   0048 90s00r0C            359 	mov	dptr,#(_m + 0x000c)
   004B 74 AE               360 	mov	a,#0xAE
   004D F0                  361 	movx	@dptr,a
   004E 90s00r0D            362 	mov	dptr,#(_m + 0x000d)
   0051 74 27               363 	mov	a,#0x27
   0053 F0                  364 	movx	@dptr,a
   0054 90s00r0E            365 	mov	dptr,#(_m + 0x000e)
   0057 74 9F               366 	mov	a,#0x9F
   0059 F0                  367 	movx	@dptr,a
   005A 90s00r0F            368 	mov	dptr,#(_m + 0x000f)
   005D 74 D4               369 	mov	a,#0xD4
   005F F0                  370 	movx	@dptr,a
   0060 90s00r10            371 	mov	dptr,#(_m + 0x0010)
   0063 74 7A               372 	mov	a,#0x7A
   0065 F0                  373 	movx	@dptr,a
   0066 90s00r11            374 	mov	dptr,#(_m + 0x0011)
   0069 74 E7               375 	mov	a,#0xE7
   006B F0                  376 	movx	@dptr,a
   006C 90s00r12            377 	mov	dptr,#(_m + 0x0012)
   006F 74 7E               378 	mov	a,#0x7E
   0071 F0                  379 	movx	@dptr,a
   0072 90s00r13            380 	mov	dptr,#(_m + 0x0013)
   0075 74 BF               381 	mov	a,#0xBF
   0077 F0                  382 	movx	@dptr,a
   0078 90s00r14            383 	mov	dptr,#(_m + 0x0014)
   007B 74 DF               384 	mov	a,#0xDF
   007D F0                  385 	movx	@dptr,a
   007E 90s00r15            386 	mov	dptr,#(_m + 0x0015)
   0081 74 2D               387 	mov	a,#0x2D
   0083 F0                  388 	movx	@dptr,a
   0084 90s00r16            389 	mov	dptr,#(_m + 0x0016)
   0087 74 12               390 	mov	a,#0x12
   0089 F0                  391 	movx	@dptr,a
   008A 90s00r17            392 	mov	dptr,#(_m + 0x0017)
   008D 74 DA               393 	mov	a,#0xDA
   008F F0                  394 	movx	@dptr,a
   0090 90s00r18            395 	mov	dptr,#(_m + 0x0018)
   0093 74 43               396 	mov	a,#0x43
   0095 F0                  397 	movx	@dptr,a
   0096 90s00r19            398 	mov	dptr,#(_m + 0x0019)
   0099 74 14               399 	mov	a,#0x14
   009B F0                  400 	movx	@dptr,a
   009C 90s00r1A            401 	mov	dptr,#(_m + 0x001a)
   009F 74 0F               402 	mov	a,#0x0F
   00A1 F0                  403 	movx	@dptr,a
   00A2 90s00r1B            404 	mov	dptr,#(_m + 0x001b)
   00A5 74 20               405 	mov	a,#0x20
   00A7 F0                  406 	movx	@dptr,a
   00A8 90s00r1C            407 	mov	dptr,#(_m + 0x001c)
   00AB 74 FA               408 	mov	a,#0xFA
   00AD F0                  409 	movx	@dptr,a
   00AE 90s00r1D            410 	mov	dptr,#(_m + 0x001d)
   00B1 74 90               411 	mov	a,#0x90
   00B3 F0                  412 	movx	@dptr,a
   00B4 90s00r1E            413 	mov	dptr,#(_m + 0x001e)
   00B7 74 46               414 	mov	a,#0x46
   00B9 F0                  415 	movx	@dptr,a
   00BA 90s00r1F            416 	mov	dptr,#(_m + 0x001f)
   00BD 74 D5               417 	mov	a,#0xD5
   00BF F0                  418 	movx	@dptr,a
   00C0 90s00r20            419 	mov	dptr,#(_m + 0x0020)
   00C3 74 39               420 	mov	a,#0x39
   00C5 F0                  421 	movx	@dptr,a
   00C6 90s00r21            422 	mov	dptr,#(_m + 0x0021)
   00C9 74 F1               423 	mov	a,#0xF1
   00CB F0                  424 	movx	@dptr,a
   00CC 90s00r22            425 	mov	dptr,#(_m + 0x0022)
   00CF 74 AA               426 	mov	a,#0xAA
   00D1 F0                  427 	movx	@dptr,a
   00D2 90s00r23            428 	mov	dptr,#(_m + 0x0023)
   00D5 74 90               429 	mov	a,#0x90
   00D7 F0                  430 	movx	@dptr,a
   00D8 90s00r24            431 	mov	dptr,#(_m + 0x0024)
   00DB 74 02               432 	mov	a,#0x02
   00DD F0                  433 	movx	@dptr,a
   00DE 90s00r25            434 	mov	dptr,#(_m + 0x0025)
   00E1 74 E4               435 	mov	a,#0xE4
   00E3 F0                  436 	movx	@dptr,a
   00E4 90s00r26            437 	mov	dptr,#(_m + 0x0026)
   00E7 74 DC               438 	mov	a,#0xDC
   00E9 F0                  439 	movx	@dptr,a
   00EA 90s00r27            440 	mov	dptr,#(_m + 0x0027)
   00ED 74 A3               441 	mov	a,#0xA3
   00EF F0                  442 	movx	@dptr,a
   00F0 90s00r28            443 	mov	dptr,#(_m + 0x0028)
   00F3 74 9C               444 	mov	a,#0x9C
   00F5 F0                  445 	movx	@dptr,a
   00F6 90s00r29            446 	mov	dptr,#(_m + 0x0029)
   00F9 74 A4               447 	mov	a,#0xA4
   00FB F0                  448 	movx	@dptr,a
   00FC 90s00r2A            449 	mov	dptr,#(_m + 0x002a)
   00FF 74 F2               450 	mov	a,#0xF2
   0101 F0                  451 	movx	@dptr,a
   0102 90s00r2B            452 	mov	dptr,#(_m + 0x002b)
   0105 74 FF               453 	mov	a,#0xFF
   0107 F0                  454 	movx	@dptr,a
   0108 90s00r2C            455 	mov	dptr,#(_m + 0x002c)
   010B 74 30               456 	mov	a,#0x30
   010D F0                  457 	movx	@dptr,a
   010E 90s00r2D            458 	mov	dptr,#(_m + 0x002d)
   0111 74 C1               459 	mov	a,#0xC1
   0113 F0                  460 	movx	@dptr,a
   0114 90s00r2E            461 	mov	dptr,#(_m + 0x002e)
   0117 74 14               462 	mov	a,#0x14
   0119 F0                  463 	movx	@dptr,a
   011A 90s00r2F            464 	mov	dptr,#(_m + 0x002f)
   011D 74 22               465 	mov	a,#0x22
   011F F0                  466 	movx	@dptr,a
   0120 90s00r30            467 	mov	dptr,#(_m + 0x0030)
   0123 74 7E               468 	mov	a,#0x7E
   0125 F0                  469 	movx	@dptr,a
   0126 90s00r31            470 	mov	dptr,#(_m + 0x0031)
   0129 74 11               471 	mov	a,#0x11
   012B F0                  472 	movx	@dptr,a
   012C 90s00r32            473 	mov	dptr,#(_m + 0x0032)
   012F 74 E3               474 	mov	a,#0xE3
   0131 F0                  475 	movx	@dptr,a
   0132 90s00r33            476 	mov	dptr,#(_m + 0x0033)
   0135 74 77               477 	mov	a,#0x77
   0137 F0                  478 	movx	@dptr,a
   0138 90s00r34            479 	mov	dptr,#(_m + 0x0034)
   013B E4                  480 	clr	a
   013C F0                  481 	movx	@dptr,a
   013D 90s00r35            482 	mov	dptr,#(_m + 0x0035)
   0140 74 1A               483 	mov	a,#0x1A
   0142 F0                  484 	movx	@dptr,a
   0143 90s00r36            485 	mov	dptr,#(_m + 0x0036)
   0146 74 AD               486 	mov	a,#0xAD
   0148 F0                  487 	movx	@dptr,a
   0149 90s00r37            488 	mov	dptr,#(_m + 0x0037)
   014C 74 50               489 	mov	a,#0x50
   014E F0                  490 	movx	@dptr,a
   014F 90s00r38            491 	mov	dptr,#(_m + 0x0038)
   0152 74 E1               492 	mov	a,#0xE1
   0154 F0                  493 	movx	@dptr,a
   0155 90s00r39            494 	mov	dptr,#(_m + 0x0039)
   0158 74 7B               495 	mov	a,#0x7B
   015A F0                  496 	movx	@dptr,a
   015B 90s00r3A            497 	mov	dptr,#(_m + 0x003a)
   015E 74 91               498 	mov	a,#0x91
   0160 F0                  499 	movx	@dptr,a
   0161 90s00r3B            500 	mov	dptr,#(_m + 0x003b)
   0164 74 4A               501 	mov	a,#0x4A
   0166 F0                  502 	movx	@dptr,a
   0167 90s00r3C            503 	mov	dptr,#(_m + 0x003c)
   016A 74 92               504 	mov	a,#0x92
   016C F0                  505 	movx	@dptr,a
   016D 90s00r3D            506 	mov	dptr,#(_m + 0x003d)
   0170 74 08               507 	mov	a,#0x08
   0172 F0                  508 	movx	@dptr,a
   0173 90s00r3E            509 	mov	dptr,#(_m + 0x003e)
   0176 74 65               510 	mov	a,#0x65
   0178 F0                  511 	movx	@dptr,a
   0179 90s00r3F            512 	mov	dptr,#(_m + 0x003f)
   017C 74 20               513 	mov	a,#0x20
   017E F0                  514 	movx	@dptr,a
   017F 90s00r40            515 	mov	dptr,#(_m + 0x0040)
   0182 74 75               516 	mov	a,#0x75
   0184 F0                  517 	movx	@dptr,a
   0185 90s00r41            518 	mov	dptr,#(_m + 0x0041)
   0188 74 68               519 	mov	a,#0x68
   018A F0                  520 	movx	@dptr,a
   018B 90s00r42            521 	mov	dptr,#(_m + 0x0042)
   018E 74 74               522 	mov	a,#0x74
   0190 F0                  523 	movx	@dptr,a
   0191 90s00r43            524 	mov	dptr,#(_m + 0x0043)
   0194 74 B3               525 	mov	a,#0xB3
   0196 F0                  526 	movx	@dptr,a
   0197 90s00r44            527 	mov	dptr,#(_m + 0x0044)
   019A 74 65               528 	mov	a,#0x65
   019C F0                  529 	movx	@dptr,a
   019D 90s00r45            530 	mov	dptr,#(_m + 0x0045)
   01A0 74 B0               531 	mov	a,#0xB0
   01A2 F0                  532 	movx	@dptr,a
   01A3 90s00r46            533 	mov	dptr,#(_m + 0x0046)
   01A6 74 0C               534 	mov	a,#0x0C
   01A8 F0                  535 	movx	@dptr,a
   01A9 90s00r47            536 	mov	dptr,#(_m + 0x0047)
   01AC 74 C6               537 	mov	a,#0xC6
   01AE F0                  538 	movx	@dptr,a
   01AF 90s00r48            539 	mov	dptr,#(_m + 0x0048)
   01B2 74 8B               540 	mov	a,#0x8B
   01B4 F0                  541 	movx	@dptr,a
   01B5 90s00r49            542 	mov	dptr,#(_m + 0x0049)
   01B8 74 C9               543 	mov	a,#0xC9
   01BA F0                  544 	movx	@dptr,a
   01BB 90s00r4A            545 	mov	dptr,#(_m + 0x004a)
   01BE 74 10               546 	mov	a,#0x10
   01C0 F0                  547 	movx	@dptr,a
   01C1 90s00r4B            548 	mov	dptr,#(_m + 0x004b)
   01C4 74 EF               549 	mov	a,#0xEF
   01C6 F0                  550 	movx	@dptr,a
   01C7 90s00r4C            551 	mov	dptr,#(_m + 0x004c)
   01CA 74 C4               552 	mov	a,#0xC4
   01CC F0                  553 	movx	@dptr,a
   01CD 90s00r4D            554 	mov	dptr,#(_m + 0x004d)
   01D0 74 4E               555 	mov	a,#0x4E
   01D2 F0                  556 	movx	@dptr,a
   01D3 90s00r4E            557 	mov	dptr,#(_m + 0x004e)
   01D6 74 45               558 	mov	a,#0x45
   01D8 F0                  559 	movx	@dptr,a
   01D9 90s00r4F            560 	mov	dptr,#(_m + 0x004f)
   01DC 74 AD               561 	mov	a,#0xAD
   01DE F0                  562 	movx	@dptr,a
   01DF 90s00r50            563 	mov	dptr,#(_m + 0x0050)
   01E2 74 FA               564 	mov	a,#0xFA
   01E4 F0                  565 	movx	@dptr,a
   01E5 90s00r51            566 	mov	dptr,#(_m + 0x0051)
   01E8 74 D2               567 	mov	a,#0xD2
   01EA F0                  568 	movx	@dptr,a
   01EB 90s00r52            569 	mov	dptr,#(_m + 0x0052)
   01EE 74 4F               570 	mov	a,#0x4F
   01F0 F0                  571 	movx	@dptr,a
   01F1 90s00r53            572 	mov	dptr,#(_m + 0x0053)
   01F4 74 06               573 	mov	a,#0x06
   01F6 F0                  574 	movx	@dptr,a
   01F7 90s00r54            575 	mov	dptr,#(_m + 0x0054)
   01FA 74 EC               576 	mov	a,#0xEC
   01FC F0                  577 	movx	@dptr,a
   01FD 90s00r55            578 	mov	dptr,#(_m + 0x0055)
   0200 74 29               579 	mov	a,#0x29
   0202 F0                  580 	movx	@dptr,a
   0203 90s00r56            581 	mov	dptr,#(_m + 0x0056)
   0206 74 5C               582 	mov	a,#0x5C
   0208 F0                  583 	movx	@dptr,a
   0209 90s00r57            584 	mov	dptr,#(_m + 0x0057)
   020C 74 F3               585 	mov	a,#0xF3
   020E F0                  586 	movx	@dptr,a
   020F 90s00r58            587 	mov	dptr,#(_m + 0x0058)
   0212 74 AA               588 	mov	a,#0xAA
   0214 F0                  589 	movx	@dptr,a
   0215 90s00r59            590 	mov	dptr,#(_m + 0x0059)
   0218 74 97               591 	mov	a,#0x97
   021A F0                  592 	movx	@dptr,a
   021B 90s00r5A            593 	mov	dptr,#(_m + 0x005a)
   021E 74 82               594 	mov	a,#0x82
   0220 F0                  595 	movx	@dptr,a
   0221 90s00r5B            596 	mov	dptr,#(_m + 0x005b)
   0224 74 70               597 	mov	a,#0x70
   0226 F0                  598 	movx	@dptr,a
   0227 90s00r5C            599 	mov	dptr,#(_m + 0x005c)
   022A 74 B8               600 	mov	a,#0xB8
   022C F0                  601 	movx	@dptr,a
   022D 90s00r5D            602 	mov	dptr,#(_m + 0x005d)
   0230 74 44               603 	mov	a,#0x44
   0232 F0                  604 	movx	@dptr,a
   0233 90s00r5E            605 	mov	dptr,#(_m + 0x005e)
   0236 74 06               606 	mov	a,#0x06
   0238 F0                  607 	movx	@dptr,a
   0239 90s00r5F            608 	mov	dptr,#(_m + 0x005f)
   023C 74 86               609 	mov	a,#0x86
   023E F0                  610 	movx	@dptr,a
   023F 90s00r60            611 	mov	dptr,#(_m + 0x0060)
   0242 74 E0               612 	mov	a,#0xE0
   0244 F0                  613 	movx	@dptr,a
   0245 90s00r61            614 	mov	dptr,#(_m + 0x0061)
   0248 74 67               615 	mov	a,#0x67
   024A F0                  616 	movx	@dptr,a
   024B 90s00r62            617 	mov	dptr,#(_m + 0x0062)
   024E 74 FC               618 	mov	a,#0xFC
   0250 F0                  619 	movx	@dptr,a
   0251 90s00r63            620 	mov	dptr,#(_m + 0x0063)
   0254 74 70               621 	mov	a,#0x70
   0256 F0                  622 	movx	@dptr,a
   0257 90s00r64            623 	mov	dptr,#(_m + 0x0064)
   025A 74 79               624 	mov	a,#0x79
   025C F0                  625 	movx	@dptr,a
   025D 90s00r65            626 	mov	dptr,#(_m + 0x0065)
   0260 74 A4               627 	mov	a,#0xA4
   0262 F0                  628 	movx	@dptr,a
   0263 90s00r66            629 	mov	dptr,#(_m + 0x0066)
   0266 74 F0               630 	mov	a,#0xF0
   0268 F0                  631 	movx	@dptr,a
   0269 90s00r67            632 	mov	dptr,#(_m + 0x0067)
   026C 74 B3               633 	mov	a,#0xB3
   026E F0                  634 	movx	@dptr,a
   026F 90s00r68            635 	mov	dptr,#(_m + 0x0068)
   0272 74 0B               636 	mov	a,#0x0B
   0274 F0                  637 	movx	@dptr,a
   0275 90s00r69            638 	mov	dptr,#(_m + 0x0069)
   0278 74 48               639 	mov	a,#0x48
   027A F0                  640 	movx	@dptr,a
   027B 90s00r6A            641 	mov	dptr,#(_m + 0x006a)
   027E 74 CD               642 	mov	a,#0xCD
   0280 F0                  643 	movx	@dptr,a
   0281 90s00r6B            644 	mov	dptr,#(_m + 0x006b)
   0284 74 F0               645 	mov	a,#0xF0
   0286 F0                  646 	movx	@dptr,a
   0287 90s00r6C            647 	mov	dptr,#(_m + 0x006c)
   028A 74 6C               648 	mov	a,#0x6C
   028C F0                  649 	movx	@dptr,a
   028D 90s00r6D            650 	mov	dptr,#(_m + 0x006d)
   0290 74 6F               651 	mov	a,#0x6F
   0292 F0                  652 	movx	@dptr,a
   0293 90s00r6E            653 	mov	dptr,#(_m + 0x006e)
   0296 74 0B               654 	mov	a,#0x0B
   0298 F0                  655 	movx	@dptr,a
   0299 90s00r6F            656 	mov	dptr,#(_m + 0x006f)
   029C 74 8B               657 	mov	a,#0x8B
   029E F0                  658 	movx	@dptr,a
   029F 90s00r70            659 	mov	dptr,#(_m + 0x0070)
   02A2 74 25               660 	mov	a,#0x25
   02A4 F0                  661 	movx	@dptr,a
   02A5 90s00r71            662 	mov	dptr,#(_m + 0x0071)
   02A8 74 67               663 	mov	a,#0x67
   02AA F0                  664 	movx	@dptr,a
   02AB 90s00r72            665 	mov	dptr,#(_m + 0x0072)
   02AE 74 46               666 	mov	a,#0x46
   02B0 F0                  667 	movx	@dptr,a
   02B1 90s00r73            668 	mov	dptr,#(_m + 0x0073)
   02B4 74 8F               669 	mov	a,#0x8F
   02B6 F0                  670 	movx	@dptr,a
   02B7 90s00r74            671 	mov	dptr,#(_m + 0x0074)
   02BA 74 EC               672 	mov	a,#0xEC
   02BC F0                  673 	movx	@dptr,a
   02BD 90s00r75            674 	mov	dptr,#(_m + 0x0075)
   02C0 74 A4               675 	mov	a,#0xA4
   02C2 F0                  676 	movx	@dptr,a
   02C3 90s00r76            677 	mov	dptr,#(_m + 0x0076)
   02C6 74 C1               678 	mov	a,#0xC1
   02C8 F0                  679 	movx	@dptr,a
   02C9 90s00r77            680 	mov	dptr,#(_m + 0x0077)
   02CC 74 E3               681 	mov	a,#0xE3
   02CE F0                  682 	movx	@dptr,a
   02CF 90s00r78            683 	mov	dptr,#(_m + 0x0078)
   02D2 74 6A               684 	mov	a,#0x6A
   02D4 F0                  685 	movx	@dptr,a
   02D5 90s00r79            686 	mov	dptr,#(_m + 0x0079)
   02D8 74 47               687 	mov	a,#0x47
   02DA F0                  688 	movx	@dptr,a
   02DB 90s00r7A            689 	mov	dptr,#(_m + 0x007a)
   02DE 74 0D               690 	mov	a,#0x0D
   02E0 F0                  691 	movx	@dptr,a
   02E1 90s00r7B            692 	mov	dptr,#(_m + 0x007b)
   02E4 74 EB               693 	mov	a,#0xEB
   02E6 F0                  694 	movx	@dptr,a
   02E7 90s00r7C            695 	mov	dptr,#(_m + 0x007c)
   02EA 74 A3               696 	mov	a,#0xA3
   02EC F0                  697 	movx	@dptr,a
   02ED 90s00r7D            698 	mov	dptr,#(_m + 0x007d)
   02F0 74 81               699 	mov	a,#0x81
   02F2 F0                  700 	movx	@dptr,a
   02F3 90s00r7E            701 	mov	dptr,#(_m + 0x007e)
   02F6 74 B5               702 	mov	a,#0xB5
   02F8 F0                  703 	movx	@dptr,a
   02F9 90s00r7F            704 	mov	dptr,#(_m + 0x007f)
   02FC 74 BA               705 	mov	a,#0xBA
   02FE F0                  706 	movx	@dptr,a
                            707 ;	main.c:16: volatile __xdata __at (0x0080) unsigned char a[SIZE] = {0xA3,0x71,0x79,0x01,0xFC,0xF2,0x93,0xC7,0x1C,0x69,0x2D,0x67,0x38,0x2B,0x7C,0x1A,0x40,0x88,0xBA,0x9B,0x10,0x53,0x65,0xED,0xFE,0x39,0xB4,0x77,0x3B,0xC8,0x9B,0xB2,0xE4,0xB1,0xA3,0xC9,0xCD,0xC8,0xF2,0x69,0x01,0x91,0x87,0x67,0xAC,0x6E,0x56,0xF1,0x60,0xBF,0x1E,0x0F,0x53,0xA8,0xAF,0x40,0xDB,0x76,0xB2,0xEA,0x90,0xDD,0xFF,0x40,0x0C,0xD2,0x4D,0xDC,0x5E,0xB3,0xE7,0xFA,0xB4,0x53,0x5E,0x75,0x0B,0x91,0x92,0x14,0x7E,0xD8,0xB8,0xA7,0x05,0x95,0xD0,0x55,0x97,0x30,0x78,0x41,0x81,0xEF,0xC6,0x64,0x9F,0x4A,0x9C,0x4A,0x3A,0x0B,0xCA,0xD8,0x9C,0x1A,0x64,0xA7,0xA9,0x6E,0xC8,0x0A,0xE5,0xCE,0xE2,0x3B,0x73,0x8A,0xEF,0xF0,0xE4,0xA6,0x40,0x26,0xF3,0xD9,0x50,0x1F};
   02FF 90s00r80            708 	mov	dptr,#_a
   0302 74 A3               709 	mov	a,#0xA3
   0304 F0                  710 	movx	@dptr,a
   0305 90s00r81            711 	mov	dptr,#(_a + 0x0001)
   0308 74 71               712 	mov	a,#0x71
   030A F0                  713 	movx	@dptr,a
   030B 90s00r82            714 	mov	dptr,#(_a + 0x0002)
   030E 74 79               715 	mov	a,#0x79
   0310 F0                  716 	movx	@dptr,a
   0311 90s00r83            717 	mov	dptr,#(_a + 0x0003)
   0314 74 01               718 	mov	a,#0x01
   0316 F0                  719 	movx	@dptr,a
   0317 90s00r84            720 	mov	dptr,#(_a + 0x0004)
   031A 74 FC               721 	mov	a,#0xFC
   031C F0                  722 	movx	@dptr,a
   031D 90s00r85            723 	mov	dptr,#(_a + 0x0005)
   0320 74 F2               724 	mov	a,#0xF2
   0322 F0                  725 	movx	@dptr,a
   0323 90s00r86            726 	mov	dptr,#(_a + 0x0006)
   0326 74 93               727 	mov	a,#0x93
   0328 F0                  728 	movx	@dptr,a
   0329 90s00r87            729 	mov	dptr,#(_a + 0x0007)
   032C 74 C7               730 	mov	a,#0xC7
   032E F0                  731 	movx	@dptr,a
   032F 90s00r88            732 	mov	dptr,#(_a + 0x0008)
   0332 74 1C               733 	mov	a,#0x1C
   0334 F0                  734 	movx	@dptr,a
   0335 90s00r89            735 	mov	dptr,#(_a + 0x0009)
   0338 74 69               736 	mov	a,#0x69
   033A F0                  737 	movx	@dptr,a
   033B 90s00r8A            738 	mov	dptr,#(_a + 0x000a)
   033E 74 2D               739 	mov	a,#0x2D
   0340 F0                  740 	movx	@dptr,a
   0341 90s00r8B            741 	mov	dptr,#(_a + 0x000b)
   0344 74 67               742 	mov	a,#0x67
   0346 F0                  743 	movx	@dptr,a
   0347 90s00r8C            744 	mov	dptr,#(_a + 0x000c)
   034A 74 38               745 	mov	a,#0x38
   034C F0                  746 	movx	@dptr,a
   034D 90s00r8D            747 	mov	dptr,#(_a + 0x000d)
   0350 74 2B               748 	mov	a,#0x2B
   0352 F0                  749 	movx	@dptr,a
   0353 90s00r8E            750 	mov	dptr,#(_a + 0x000e)
   0356 74 7C               751 	mov	a,#0x7C
   0358 F0                  752 	movx	@dptr,a
   0359 90s00r8F            753 	mov	dptr,#(_a + 0x000f)
   035C 74 1A               754 	mov	a,#0x1A
   035E F0                  755 	movx	@dptr,a
   035F 90s00r90            756 	mov	dptr,#(_a + 0x0010)
   0362 74 40               757 	mov	a,#0x40
   0364 F0                  758 	movx	@dptr,a
   0365 90s00r91            759 	mov	dptr,#(_a + 0x0011)
   0368 74 88               760 	mov	a,#0x88
   036A F0                  761 	movx	@dptr,a
   036B 90s00r92            762 	mov	dptr,#(_a + 0x0012)
   036E 74 BA               763 	mov	a,#0xBA
   0370 F0                  764 	movx	@dptr,a
   0371 90s00r93            765 	mov	dptr,#(_a + 0x0013)
   0374 74 9B               766 	mov	a,#0x9B
   0376 F0                  767 	movx	@dptr,a
   0377 90s00r94            768 	mov	dptr,#(_a + 0x0014)
   037A 74 10               769 	mov	a,#0x10
   037C F0                  770 	movx	@dptr,a
   037D 90s00r95            771 	mov	dptr,#(_a + 0x0015)
   0380 74 53               772 	mov	a,#0x53
   0382 F0                  773 	movx	@dptr,a
   0383 90s00r96            774 	mov	dptr,#(_a + 0x0016)
   0386 74 65               775 	mov	a,#0x65
   0388 F0                  776 	movx	@dptr,a
   0389 90s00r97            777 	mov	dptr,#(_a + 0x0017)
   038C 74 ED               778 	mov	a,#0xED
   038E F0                  779 	movx	@dptr,a
   038F 90s00r98            780 	mov	dptr,#(_a + 0x0018)
   0392 74 FE               781 	mov	a,#0xFE
   0394 F0                  782 	movx	@dptr,a
   0395 90s00r99            783 	mov	dptr,#(_a + 0x0019)
   0398 74 39               784 	mov	a,#0x39
   039A F0                  785 	movx	@dptr,a
   039B 90s00r9A            786 	mov	dptr,#(_a + 0x001a)
   039E 74 B4               787 	mov	a,#0xB4
   03A0 F0                  788 	movx	@dptr,a
   03A1 90s00r9B            789 	mov	dptr,#(_a + 0x001b)
   03A4 74 77               790 	mov	a,#0x77
   03A6 F0                  791 	movx	@dptr,a
   03A7 90s00r9C            792 	mov	dptr,#(_a + 0x001c)
   03AA 74 3B               793 	mov	a,#0x3B
   03AC F0                  794 	movx	@dptr,a
   03AD 90s00r9D            795 	mov	dptr,#(_a + 0x001d)
   03B0 74 C8               796 	mov	a,#0xC8
   03B2 F0                  797 	movx	@dptr,a
   03B3 90s00r9E            798 	mov	dptr,#(_a + 0x001e)
   03B6 74 9B               799 	mov	a,#0x9B
   03B8 F0                  800 	movx	@dptr,a
   03B9 90s00r9F            801 	mov	dptr,#(_a + 0x001f)
   03BC 74 B2               802 	mov	a,#0xB2
   03BE F0                  803 	movx	@dptr,a
   03BF 90s00rA0            804 	mov	dptr,#(_a + 0x0020)
   03C2 74 E4               805 	mov	a,#0xE4
   03C4 F0                  806 	movx	@dptr,a
   03C5 90s00rA1            807 	mov	dptr,#(_a + 0x0021)
   03C8 74 B1               808 	mov	a,#0xB1
   03CA F0                  809 	movx	@dptr,a
   03CB 90s00rA2            810 	mov	dptr,#(_a + 0x0022)
   03CE 74 A3               811 	mov	a,#0xA3
   03D0 F0                  812 	movx	@dptr,a
   03D1 90s00rA3            813 	mov	dptr,#(_a + 0x0023)
   03D4 74 C9               814 	mov	a,#0xC9
   03D6 F0                  815 	movx	@dptr,a
   03D7 90s00rA4            816 	mov	dptr,#(_a + 0x0024)
   03DA 74 CD               817 	mov	a,#0xCD
   03DC F0                  818 	movx	@dptr,a
   03DD 90s00rA5            819 	mov	dptr,#(_a + 0x0025)
   03E0 74 C8               820 	mov	a,#0xC8
   03E2 F0                  821 	movx	@dptr,a
   03E3 90s00rA6            822 	mov	dptr,#(_a + 0x0026)
   03E6 74 F2               823 	mov	a,#0xF2
   03E8 F0                  824 	movx	@dptr,a
   03E9 90s00rA7            825 	mov	dptr,#(_a + 0x0027)
   03EC 74 69               826 	mov	a,#0x69
   03EE F0                  827 	movx	@dptr,a
   03EF 90s00rA8            828 	mov	dptr,#(_a + 0x0028)
   03F2 74 01               829 	mov	a,#0x01
   03F4 F0                  830 	movx	@dptr,a
   03F5 90s00rA9            831 	mov	dptr,#(_a + 0x0029)
   03F8 74 91               832 	mov	a,#0x91
   03FA F0                  833 	movx	@dptr,a
   03FB 90s00rAA            834 	mov	dptr,#(_a + 0x002a)
   03FE 74 87               835 	mov	a,#0x87
   0400 F0                  836 	movx	@dptr,a
   0401 90s00rAB            837 	mov	dptr,#(_a + 0x002b)
   0404 74 67               838 	mov	a,#0x67
   0406 F0                  839 	movx	@dptr,a
   0407 90s00rAC            840 	mov	dptr,#(_a + 0x002c)
   040A 74 AC               841 	mov	a,#0xAC
   040C F0                  842 	movx	@dptr,a
   040D 90s00rAD            843 	mov	dptr,#(_a + 0x002d)
   0410 74 6E               844 	mov	a,#0x6E
   0412 F0                  845 	movx	@dptr,a
   0413 90s00rAE            846 	mov	dptr,#(_a + 0x002e)
   0416 74 56               847 	mov	a,#0x56
   0418 F0                  848 	movx	@dptr,a
   0419 90s00rAF            849 	mov	dptr,#(_a + 0x002f)
   041C 74 F1               850 	mov	a,#0xF1
   041E F0                  851 	movx	@dptr,a
   041F 90s00rB0            852 	mov	dptr,#(_a + 0x0030)
   0422 74 60               853 	mov	a,#0x60
   0424 F0                  854 	movx	@dptr,a
   0425 90s00rB1            855 	mov	dptr,#(_a + 0x0031)
   0428 74 BF               856 	mov	a,#0xBF
   042A F0                  857 	movx	@dptr,a
   042B 90s00rB2            858 	mov	dptr,#(_a + 0x0032)
   042E 74 1E               859 	mov	a,#0x1E
   0430 F0                  860 	movx	@dptr,a
   0431 90s00rB3            861 	mov	dptr,#(_a + 0x0033)
   0434 74 0F               862 	mov	a,#0x0F
   0436 F0                  863 	movx	@dptr,a
   0437 90s00rB4            864 	mov	dptr,#(_a + 0x0034)
   043A 74 53               865 	mov	a,#0x53
   043C F0                  866 	movx	@dptr,a
   043D 90s00rB5            867 	mov	dptr,#(_a + 0x0035)
   0440 74 A8               868 	mov	a,#0xA8
   0442 F0                  869 	movx	@dptr,a
   0443 90s00rB6            870 	mov	dptr,#(_a + 0x0036)
   0446 74 AF               871 	mov	a,#0xAF
   0448 F0                  872 	movx	@dptr,a
   0449 90s00rB7            873 	mov	dptr,#(_a + 0x0037)
   044C 74 40               874 	mov	a,#0x40
   044E F0                  875 	movx	@dptr,a
   044F 90s00rB8            876 	mov	dptr,#(_a + 0x0038)
   0452 74 DB               877 	mov	a,#0xDB
   0454 F0                  878 	movx	@dptr,a
   0455 90s00rB9            879 	mov	dptr,#(_a + 0x0039)
   0458 74 76               880 	mov	a,#0x76
   045A F0                  881 	movx	@dptr,a
   045B 90s00rBA            882 	mov	dptr,#(_a + 0x003a)
   045E 74 B2               883 	mov	a,#0xB2
   0460 F0                  884 	movx	@dptr,a
   0461 90s00rBB            885 	mov	dptr,#(_a + 0x003b)
   0464 74 EA               886 	mov	a,#0xEA
   0466 F0                  887 	movx	@dptr,a
   0467 90s00rBC            888 	mov	dptr,#(_a + 0x003c)
   046A 74 90               889 	mov	a,#0x90
   046C F0                  890 	movx	@dptr,a
   046D 90s00rBD            891 	mov	dptr,#(_a + 0x003d)
   0470 74 DD               892 	mov	a,#0xDD
   0472 F0                  893 	movx	@dptr,a
   0473 90s00rBE            894 	mov	dptr,#(_a + 0x003e)
   0476 74 FF               895 	mov	a,#0xFF
   0478 F0                  896 	movx	@dptr,a
   0479 90s00rBF            897 	mov	dptr,#(_a + 0x003f)
   047C 74 40               898 	mov	a,#0x40
   047E F0                  899 	movx	@dptr,a
   047F 90s00rC0            900 	mov	dptr,#(_a + 0x0040)
   0482 74 0C               901 	mov	a,#0x0C
   0484 F0                  902 	movx	@dptr,a
   0485 90s00rC1            903 	mov	dptr,#(_a + 0x0041)
   0488 74 D2               904 	mov	a,#0xD2
   048A F0                  905 	movx	@dptr,a
   048B 90s00rC2            906 	mov	dptr,#(_a + 0x0042)
   048E 74 4D               907 	mov	a,#0x4D
   0490 F0                  908 	movx	@dptr,a
   0491 90s00rC3            909 	mov	dptr,#(_a + 0x0043)
   0494 74 DC               910 	mov	a,#0xDC
   0496 F0                  911 	movx	@dptr,a
   0497 90s00rC4            912 	mov	dptr,#(_a + 0x0044)
   049A 74 5E               913 	mov	a,#0x5E
   049C F0                  914 	movx	@dptr,a
   049D 90s00rC5            915 	mov	dptr,#(_a + 0x0045)
   04A0 74 B3               916 	mov	a,#0xB3
   04A2 F0                  917 	movx	@dptr,a
   04A3 90s00rC6            918 	mov	dptr,#(_a + 0x0046)
   04A6 74 E7               919 	mov	a,#0xE7
   04A8 F0                  920 	movx	@dptr,a
   04A9 90s00rC7            921 	mov	dptr,#(_a + 0x0047)
   04AC 74 FA               922 	mov	a,#0xFA
   04AE F0                  923 	movx	@dptr,a
   04AF 90s00rC8            924 	mov	dptr,#(_a + 0x0048)
   04B2 74 B4               925 	mov	a,#0xB4
   04B4 F0                  926 	movx	@dptr,a
   04B5 90s00rC9            927 	mov	dptr,#(_a + 0x0049)
   04B8 74 53               928 	mov	a,#0x53
   04BA F0                  929 	movx	@dptr,a
   04BB 90s00rCA            930 	mov	dptr,#(_a + 0x004a)
   04BE 74 5E               931 	mov	a,#0x5E
   04C0 F0                  932 	movx	@dptr,a
   04C1 90s00rCB            933 	mov	dptr,#(_a + 0x004b)
   04C4 74 75               934 	mov	a,#0x75
   04C6 F0                  935 	movx	@dptr,a
   04C7 90s00rCC            936 	mov	dptr,#(_a + 0x004c)
   04CA 74 0B               937 	mov	a,#0x0B
   04CC F0                  938 	movx	@dptr,a
   04CD 90s00rCD            939 	mov	dptr,#(_a + 0x004d)
   04D0 74 91               940 	mov	a,#0x91
   04D2 F0                  941 	movx	@dptr,a
   04D3 90s00rCE            942 	mov	dptr,#(_a + 0x004e)
   04D6 74 92               943 	mov	a,#0x92
   04D8 F0                  944 	movx	@dptr,a
   04D9 90s00rCF            945 	mov	dptr,#(_a + 0x004f)
   04DC 74 14               946 	mov	a,#0x14
   04DE F0                  947 	movx	@dptr,a
   04DF 90s00rD0            948 	mov	dptr,#(_a + 0x0050)
   04E2 74 7E               949 	mov	a,#0x7E
   04E4 F0                  950 	movx	@dptr,a
   04E5 90s00rD1            951 	mov	dptr,#(_a + 0x0051)
   04E8 74 D8               952 	mov	a,#0xD8
   04EA F0                  953 	movx	@dptr,a
   04EB 90s00rD2            954 	mov	dptr,#(_a + 0x0052)
   04EE 74 B8               955 	mov	a,#0xB8
   04F0 F0                  956 	movx	@dptr,a
   04F1 90s00rD3            957 	mov	dptr,#(_a + 0x0053)
   04F4 74 A7               958 	mov	a,#0xA7
   04F6 F0                  959 	movx	@dptr,a
   04F7 90s00rD4            960 	mov	dptr,#(_a + 0x0054)
   04FA 74 05               961 	mov	a,#0x05
   04FC F0                  962 	movx	@dptr,a
   04FD 90s00rD5            963 	mov	dptr,#(_a + 0x0055)
   0500 74 95               964 	mov	a,#0x95
   0502 F0                  965 	movx	@dptr,a
   0503 90s00rD6            966 	mov	dptr,#(_a + 0x0056)
   0506 74 D0               967 	mov	a,#0xD0
   0508 F0                  968 	movx	@dptr,a
   0509 90s00rD7            969 	mov	dptr,#(_a + 0x0057)
   050C 74 55               970 	mov	a,#0x55
   050E F0                  971 	movx	@dptr,a
   050F 90s00rD8            972 	mov	dptr,#(_a + 0x0058)
   0512 74 97               973 	mov	a,#0x97
   0514 F0                  974 	movx	@dptr,a
   0515 90s00rD9            975 	mov	dptr,#(_a + 0x0059)
   0518 74 30               976 	mov	a,#0x30
   051A F0                  977 	movx	@dptr,a
   051B 90s00rDA            978 	mov	dptr,#(_a + 0x005a)
   051E 74 78               979 	mov	a,#0x78
   0520 F0                  980 	movx	@dptr,a
   0521 90s00rDB            981 	mov	dptr,#(_a + 0x005b)
   0524 74 41               982 	mov	a,#0x41
   0526 F0                  983 	movx	@dptr,a
   0527 90s00rDC            984 	mov	dptr,#(_a + 0x005c)
   052A 74 81               985 	mov	a,#0x81
   052C F0                  986 	movx	@dptr,a
   052D 90s00rDD            987 	mov	dptr,#(_a + 0x005d)
   0530 74 EF               988 	mov	a,#0xEF
   0532 F0                  989 	movx	@dptr,a
   0533 90s00rDE            990 	mov	dptr,#(_a + 0x005e)
   0536 74 C6               991 	mov	a,#0xC6
   0538 F0                  992 	movx	@dptr,a
   0539 90s00rDF            993 	mov	dptr,#(_a + 0x005f)
   053C 74 64               994 	mov	a,#0x64
   053E F0                  995 	movx	@dptr,a
   053F 90s00rE0            996 	mov	dptr,#(_a + 0x0060)
   0542 74 9F               997 	mov	a,#0x9F
   0544 F0                  998 	movx	@dptr,a
   0545 90s00rE1            999 	mov	dptr,#(_a + 0x0061)
   0548 74 4A              1000 	mov	a,#0x4A
   054A F0                 1001 	movx	@dptr,a
   054B 90s00rE2           1002 	mov	dptr,#(_a + 0x0062)
   054E 74 9C              1003 	mov	a,#0x9C
   0550 F0                 1004 	movx	@dptr,a
   0551 90s00rE3           1005 	mov	dptr,#(_a + 0x0063)
   0554 74 4A              1006 	mov	a,#0x4A
   0556 F0                 1007 	movx	@dptr,a
   0557 90s00rE4           1008 	mov	dptr,#(_a + 0x0064)
   055A 74 3A              1009 	mov	a,#0x3A
   055C F0                 1010 	movx	@dptr,a
   055D 90s00rE5           1011 	mov	dptr,#(_a + 0x0065)
   0560 74 0B              1012 	mov	a,#0x0B
   0562 F0                 1013 	movx	@dptr,a
   0563 90s00rE6           1014 	mov	dptr,#(_a + 0x0066)
   0566 74 CA              1015 	mov	a,#0xCA
   0568 F0                 1016 	movx	@dptr,a
   0569 90s00rE7           1017 	mov	dptr,#(_a + 0x0067)
   056C 74 D8              1018 	mov	a,#0xD8
   056E F0                 1019 	movx	@dptr,a
   056F 90s00rE8           1020 	mov	dptr,#(_a + 0x0068)
   0572 74 9C              1021 	mov	a,#0x9C
   0574 F0                 1022 	movx	@dptr,a
   0575 90s00rE9           1023 	mov	dptr,#(_a + 0x0069)
   0578 74 1A              1024 	mov	a,#0x1A
   057A F0                 1025 	movx	@dptr,a
   057B 90s00rEA           1026 	mov	dptr,#(_a + 0x006a)
   057E 74 64              1027 	mov	a,#0x64
   0580 F0                 1028 	movx	@dptr,a
   0581 90s00rEB           1029 	mov	dptr,#(_a + 0x006b)
   0584 74 A7              1030 	mov	a,#0xA7
   0586 F0                 1031 	movx	@dptr,a
   0587 90s00rEC           1032 	mov	dptr,#(_a + 0x006c)
   058A 74 A9              1033 	mov	a,#0xA9
   058C F0                 1034 	movx	@dptr,a
   058D 90s00rED           1035 	mov	dptr,#(_a + 0x006d)
   0590 74 6E              1036 	mov	a,#0x6E
   0592 F0                 1037 	movx	@dptr,a
   0593 90s00rEE           1038 	mov	dptr,#(_a + 0x006e)
   0596 74 C8              1039 	mov	a,#0xC8
   0598 F0                 1040 	movx	@dptr,a
   0599 90s00rEF           1041 	mov	dptr,#(_a + 0x006f)
   059C 74 0A              1042 	mov	a,#0x0A
   059E F0                 1043 	movx	@dptr,a
   059F 90s00rF0           1044 	mov	dptr,#(_a + 0x0070)
   05A2 74 E5              1045 	mov	a,#0xE5
   05A4 F0                 1046 	movx	@dptr,a
   05A5 90s00rF1           1047 	mov	dptr,#(_a + 0x0071)
   05A8 74 CE              1048 	mov	a,#0xCE
   05AA F0                 1049 	movx	@dptr,a
   05AB 90s00rF2           1050 	mov	dptr,#(_a + 0x0072)
   05AE 74 E2              1051 	mov	a,#0xE2
   05B0 F0                 1052 	movx	@dptr,a
   05B1 90s00rF3           1053 	mov	dptr,#(_a + 0x0073)
   05B4 74 3B              1054 	mov	a,#0x3B
   05B6 F0                 1055 	movx	@dptr,a
   05B7 90s00rF4           1056 	mov	dptr,#(_a + 0x0074)
   05BA 74 73              1057 	mov	a,#0x73
   05BC F0                 1058 	movx	@dptr,a
   05BD 90s00rF5           1059 	mov	dptr,#(_a + 0x0075)
   05C0 74 8A              1060 	mov	a,#0x8A
   05C2 F0                 1061 	movx	@dptr,a
   05C3 90s00rF6           1062 	mov	dptr,#(_a + 0x0076)
   05C6 74 EF              1063 	mov	a,#0xEF
   05C8 F0                 1064 	movx	@dptr,a
   05C9 90s00rF7           1065 	mov	dptr,#(_a + 0x0077)
   05CC 74 F0              1066 	mov	a,#0xF0
   05CE F0                 1067 	movx	@dptr,a
   05CF 90s00rF8           1068 	mov	dptr,#(_a + 0x0078)
   05D2 74 E4              1069 	mov	a,#0xE4
   05D4 F0                 1070 	movx	@dptr,a
   05D5 90s00rF9           1071 	mov	dptr,#(_a + 0x0079)
   05D8 74 A6              1072 	mov	a,#0xA6
   05DA F0                 1073 	movx	@dptr,a
   05DB 90s00rFA           1074 	mov	dptr,#(_a + 0x007a)
   05DE 74 40              1075 	mov	a,#0x40
   05E0 F0                 1076 	movx	@dptr,a
   05E1 90s00rFB           1077 	mov	dptr,#(_a + 0x007b)
   05E4 74 26              1078 	mov	a,#0x26
   05E6 F0                 1079 	movx	@dptr,a
   05E7 90s00rFC           1080 	mov	dptr,#(_a + 0x007c)
   05EA 74 F3              1081 	mov	a,#0xF3
   05EC F0                 1082 	movx	@dptr,a
   05ED 90s00rFD           1083 	mov	dptr,#(_a + 0x007d)
   05F0 74 D9              1084 	mov	a,#0xD9
   05F2 F0                 1085 	movx	@dptr,a
   05F3 90s00rFE           1086 	mov	dptr,#(_a + 0x007e)
   05F6 74 50              1087 	mov	a,#0x50
   05F8 F0                 1088 	movx	@dptr,a
   05F9 90s00rFF           1089 	mov	dptr,#(_a + 0x007f)
   05FC 74 1F              1090 	mov	a,#0x1F
   05FE F0                 1091 	movx	@dptr,a
                           1092 ;	main.c:19: volatile __xdata __at (0x0100) unsigned char b[SIZE] = {0x08,0xA2,0x1A,0xDB,0xCB,0x27,0x58,0x66,0x6C,0xC0,0xA2,0x58,0x7E,0x96,0x9D,0x15,0xAD,0x00,0xF5,0xAD,0xBD,0xC6,0x62,0xDE,0xB3,0xC9,0xF9,0x5C,0xB8,0xC8,0x3A,0xD1,0x2A,0xCE,0x1C,0xFA,0x3F,0x88,0x60,0xC6,0xFA,0x04,0xC9,0x08,0x68,0xB5,0x2F,0x01,0x88,0x67,0xDC,0xFA,0xD2,0xF3,0x3E,0xF6,0x80,0x97,0xA0,0x7F,0x9D,0x98,0x4D,0x1B,0x20,0xEA,0xAE,0x9A,0xF8,0x5C,0x53,0x71,0xC4,0x4C,0xBD,0xDA,0xBB,0x4F,0x03,0x14,0x30,0xE4,0x94,0x72,0x49,0xAF,0x02,0xFF,0x68,0x73,0xED,0x8B,0x46,0xCF,0xD0,0x89,0xA7,0xB5,0x64,0x76,0xC2,0xBD,0x68,0xD3,0xAC,0x0F,0xD1,0x80,0xE8,0x3E,0x02,0x27,0x82,0xB3,0xEA,0x8E,0x32,0x7A,0xD0,0xE9,0x9C,0x59,0x68,0x81,0x0F,0x3C,0x9E,0xBA};
   05FF 90s01r00           1093 	mov	dptr,#_b
   0602 74 08              1094 	mov	a,#0x08
   0604 F0                 1095 	movx	@dptr,a
   0605 90s01r01           1096 	mov	dptr,#(_b + 0x0001)
   0608 74 A2              1097 	mov	a,#0xA2
   060A F0                 1098 	movx	@dptr,a
   060B 90s01r02           1099 	mov	dptr,#(_b + 0x0002)
   060E 74 1A              1100 	mov	a,#0x1A
   0610 F0                 1101 	movx	@dptr,a
   0611 90s01r03           1102 	mov	dptr,#(_b + 0x0003)
   0614 74 DB              1103 	mov	a,#0xDB
   0616 F0                 1104 	movx	@dptr,a
   0617 90s01r04           1105 	mov	dptr,#(_b + 0x0004)
   061A 74 CB              1106 	mov	a,#0xCB
   061C F0                 1107 	movx	@dptr,a
   061D 90s01r05           1108 	mov	dptr,#(_b + 0x0005)
   0620 74 27              1109 	mov	a,#0x27
   0622 F0                 1110 	movx	@dptr,a
   0623 90s01r06           1111 	mov	dptr,#(_b + 0x0006)
   0626 74 58              1112 	mov	a,#0x58
   0628 F0                 1113 	movx	@dptr,a
   0629 90s01r07           1114 	mov	dptr,#(_b + 0x0007)
   062C 74 66              1115 	mov	a,#0x66
   062E F0                 1116 	movx	@dptr,a
   062F 90s01r08           1117 	mov	dptr,#(_b + 0x0008)
   0632 74 6C              1118 	mov	a,#0x6C
   0634 F0                 1119 	movx	@dptr,a
   0635 90s01r09           1120 	mov	dptr,#(_b + 0x0009)
   0638 74 C0              1121 	mov	a,#0xC0
   063A F0                 1122 	movx	@dptr,a
   063B 90s01r0A           1123 	mov	dptr,#(_b + 0x000a)
   063E 74 A2              1124 	mov	a,#0xA2
   0640 F0                 1125 	movx	@dptr,a
   0641 90s01r0B           1126 	mov	dptr,#(_b + 0x000b)
   0644 74 58              1127 	mov	a,#0x58
   0646 F0                 1128 	movx	@dptr,a
   0647 90s01r0C           1129 	mov	dptr,#(_b + 0x000c)
   064A 74 7E              1130 	mov	a,#0x7E
   064C F0                 1131 	movx	@dptr,a
   064D 90s01r0D           1132 	mov	dptr,#(_b + 0x000d)
   0650 74 96              1133 	mov	a,#0x96
   0652 F0                 1134 	movx	@dptr,a
   0653 90s01r0E           1135 	mov	dptr,#(_b + 0x000e)
   0656 74 9D              1136 	mov	a,#0x9D
   0658 F0                 1137 	movx	@dptr,a
   0659 90s01r0F           1138 	mov	dptr,#(_b + 0x000f)
   065C 74 15              1139 	mov	a,#0x15
   065E F0                 1140 	movx	@dptr,a
   065F 90s01r10           1141 	mov	dptr,#(_b + 0x0010)
   0662 74 AD              1142 	mov	a,#0xAD
   0664 F0                 1143 	movx	@dptr,a
   0665 90s01r11           1144 	mov	dptr,#(_b + 0x0011)
   0668 E4                 1145 	clr	a
   0669 F0                 1146 	movx	@dptr,a
   066A 90s01r12           1147 	mov	dptr,#(_b + 0x0012)
   066D 74 F5              1148 	mov	a,#0xF5
   066F F0                 1149 	movx	@dptr,a
   0670 90s01r13           1150 	mov	dptr,#(_b + 0x0013)
   0673 74 AD              1151 	mov	a,#0xAD
   0675 F0                 1152 	movx	@dptr,a
   0676 90s01r14           1153 	mov	dptr,#(_b + 0x0014)
   0679 74 BD              1154 	mov	a,#0xBD
   067B F0                 1155 	movx	@dptr,a
   067C 90s01r15           1156 	mov	dptr,#(_b + 0x0015)
   067F 74 C6              1157 	mov	a,#0xC6
   0681 F0                 1158 	movx	@dptr,a
   0682 90s01r16           1159 	mov	dptr,#(_b + 0x0016)
   0685 74 62              1160 	mov	a,#0x62
   0687 F0                 1161 	movx	@dptr,a
   0688 90s01r17           1162 	mov	dptr,#(_b + 0x0017)
   068B 74 DE              1163 	mov	a,#0xDE
   068D F0                 1164 	movx	@dptr,a
   068E 90s01r18           1165 	mov	dptr,#(_b + 0x0018)
   0691 74 B3              1166 	mov	a,#0xB3
   0693 F0                 1167 	movx	@dptr,a
   0694 90s01r19           1168 	mov	dptr,#(_b + 0x0019)
   0697 74 C9              1169 	mov	a,#0xC9
   0699 F0                 1170 	movx	@dptr,a
   069A 90s01r1A           1171 	mov	dptr,#(_b + 0x001a)
   069D 74 F9              1172 	mov	a,#0xF9
   069F F0                 1173 	movx	@dptr,a
   06A0 90s01r1B           1174 	mov	dptr,#(_b + 0x001b)
   06A3 74 5C              1175 	mov	a,#0x5C
   06A5 F0                 1176 	movx	@dptr,a
   06A6 90s01r1C           1177 	mov	dptr,#(_b + 0x001c)
   06A9 74 B8              1178 	mov	a,#0xB8
   06AB F0                 1179 	movx	@dptr,a
   06AC 90s01r1D           1180 	mov	dptr,#(_b + 0x001d)
   06AF 74 C8              1181 	mov	a,#0xC8
   06B1 F0                 1182 	movx	@dptr,a
   06B2 90s01r1E           1183 	mov	dptr,#(_b + 0x001e)
   06B5 74 3A              1184 	mov	a,#0x3A
   06B7 F0                 1185 	movx	@dptr,a
   06B8 90s01r1F           1186 	mov	dptr,#(_b + 0x001f)
   06BB 74 D1              1187 	mov	a,#0xD1
   06BD F0                 1188 	movx	@dptr,a
   06BE 90s01r20           1189 	mov	dptr,#(_b + 0x0020)
   06C1 74 2A              1190 	mov	a,#0x2A
   06C3 F0                 1191 	movx	@dptr,a
   06C4 90s01r21           1192 	mov	dptr,#(_b + 0x0021)
   06C7 74 CE              1193 	mov	a,#0xCE
   06C9 F0                 1194 	movx	@dptr,a
   06CA 90s01r22           1195 	mov	dptr,#(_b + 0x0022)
   06CD 74 1C              1196 	mov	a,#0x1C
   06CF F0                 1197 	movx	@dptr,a
   06D0 90s01r23           1198 	mov	dptr,#(_b + 0x0023)
   06D3 74 FA              1199 	mov	a,#0xFA
   06D5 F0                 1200 	movx	@dptr,a
   06D6 90s01r24           1201 	mov	dptr,#(_b + 0x0024)
   06D9 74 3F              1202 	mov	a,#0x3F
   06DB F0                 1203 	movx	@dptr,a
   06DC 90s01r25           1204 	mov	dptr,#(_b + 0x0025)
   06DF 74 88              1205 	mov	a,#0x88
   06E1 F0                 1206 	movx	@dptr,a
   06E2 90s01r26           1207 	mov	dptr,#(_b + 0x0026)
   06E5 74 60              1208 	mov	a,#0x60
   06E7 F0                 1209 	movx	@dptr,a
   06E8 90s01r27           1210 	mov	dptr,#(_b + 0x0027)
   06EB 74 C6              1211 	mov	a,#0xC6
   06ED F0                 1212 	movx	@dptr,a
   06EE 90s01r28           1213 	mov	dptr,#(_b + 0x0028)
   06F1 74 FA              1214 	mov	a,#0xFA
   06F3 F0                 1215 	movx	@dptr,a
   06F4 90s01r29           1216 	mov	dptr,#(_b + 0x0029)
   06F7 74 04              1217 	mov	a,#0x04
   06F9 F0                 1218 	movx	@dptr,a
   06FA 90s01r2A           1219 	mov	dptr,#(_b + 0x002a)
   06FD 74 C9              1220 	mov	a,#0xC9
   06FF F0                 1221 	movx	@dptr,a
   0700 90s01r2B           1222 	mov	dptr,#(_b + 0x002b)
   0703 74 08              1223 	mov	a,#0x08
   0705 F0                 1224 	movx	@dptr,a
   0706 90s01r2C           1225 	mov	dptr,#(_b + 0x002c)
   0709 74 68              1226 	mov	a,#0x68
   070B F0                 1227 	movx	@dptr,a
   070C 90s01r2D           1228 	mov	dptr,#(_b + 0x002d)
   070F 74 B5              1229 	mov	a,#0xB5
   0711 F0                 1230 	movx	@dptr,a
   0712 90s01r2E           1231 	mov	dptr,#(_b + 0x002e)
   0715 74 2F              1232 	mov	a,#0x2F
   0717 F0                 1233 	movx	@dptr,a
   0718 90s01r2F           1234 	mov	dptr,#(_b + 0x002f)
   071B 74 01              1235 	mov	a,#0x01
   071D F0                 1236 	movx	@dptr,a
   071E 90s01r30           1237 	mov	dptr,#(_b + 0x0030)
   0721 74 88              1238 	mov	a,#0x88
   0723 F0                 1239 	movx	@dptr,a
   0724 90s01r31           1240 	mov	dptr,#(_b + 0x0031)
   0727 74 67              1241 	mov	a,#0x67
   0729 F0                 1242 	movx	@dptr,a
   072A 90s01r32           1243 	mov	dptr,#(_b + 0x0032)
   072D 74 DC              1244 	mov	a,#0xDC
   072F F0                 1245 	movx	@dptr,a
   0730 90s01r33           1246 	mov	dptr,#(_b + 0x0033)
   0733 74 FA              1247 	mov	a,#0xFA
   0735 F0                 1248 	movx	@dptr,a
   0736 90s01r34           1249 	mov	dptr,#(_b + 0x0034)
   0739 74 D2              1250 	mov	a,#0xD2
   073B F0                 1251 	movx	@dptr,a
   073C 90s01r35           1252 	mov	dptr,#(_b + 0x0035)
   073F 74 F3              1253 	mov	a,#0xF3
   0741 F0                 1254 	movx	@dptr,a
   0742 90s01r36           1255 	mov	dptr,#(_b + 0x0036)
   0745 74 3E              1256 	mov	a,#0x3E
   0747 F0                 1257 	movx	@dptr,a
   0748 90s01r37           1258 	mov	dptr,#(_b + 0x0037)
   074B 74 F6              1259 	mov	a,#0xF6
   074D F0                 1260 	movx	@dptr,a
   074E 90s01r38           1261 	mov	dptr,#(_b + 0x0038)
   0751 74 80              1262 	mov	a,#0x80
   0753 F0                 1263 	movx	@dptr,a
   0754 90s01r39           1264 	mov	dptr,#(_b + 0x0039)
   0757 74 97              1265 	mov	a,#0x97
   0759 F0                 1266 	movx	@dptr,a
   075A 90s01r3A           1267 	mov	dptr,#(_b + 0x003a)
   075D 74 A0              1268 	mov	a,#0xA0
   075F F0                 1269 	movx	@dptr,a
   0760 90s01r3B           1270 	mov	dptr,#(_b + 0x003b)
   0763 74 7F              1271 	mov	a,#0x7F
   0765 F0                 1272 	movx	@dptr,a
   0766 90s01r3C           1273 	mov	dptr,#(_b + 0x003c)
   0769 74 9D              1274 	mov	a,#0x9D
   076B F0                 1275 	movx	@dptr,a
   076C 90s01r3D           1276 	mov	dptr,#(_b + 0x003d)
   076F 74 98              1277 	mov	a,#0x98
   0771 F0                 1278 	movx	@dptr,a
   0772 90s01r3E           1279 	mov	dptr,#(_b + 0x003e)
   0775 74 4D              1280 	mov	a,#0x4D
   0777 F0                 1281 	movx	@dptr,a
   0778 90s01r3F           1282 	mov	dptr,#(_b + 0x003f)
   077B 74 1B              1283 	mov	a,#0x1B
   077D F0                 1284 	movx	@dptr,a
   077E 90s01r40           1285 	mov	dptr,#(_b + 0x0040)
   0781 74 20              1286 	mov	a,#0x20
   0783 F0                 1287 	movx	@dptr,a
   0784 90s01r41           1288 	mov	dptr,#(_b + 0x0041)
   0787 74 EA              1289 	mov	a,#0xEA
   0789 F0                 1290 	movx	@dptr,a
   078A 90s01r42           1291 	mov	dptr,#(_b + 0x0042)
   078D 74 AE              1292 	mov	a,#0xAE
   078F F0                 1293 	movx	@dptr,a
   0790 90s01r43           1294 	mov	dptr,#(_b + 0x0043)
   0793 74 9A              1295 	mov	a,#0x9A
   0795 F0                 1296 	movx	@dptr,a
   0796 90s01r44           1297 	mov	dptr,#(_b + 0x0044)
   0799 74 F8              1298 	mov	a,#0xF8
   079B F0                 1299 	movx	@dptr,a
   079C 90s01r45           1300 	mov	dptr,#(_b + 0x0045)
   079F 74 5C              1301 	mov	a,#0x5C
   07A1 F0                 1302 	movx	@dptr,a
   07A2 90s01r46           1303 	mov	dptr,#(_b + 0x0046)
   07A5 74 53              1304 	mov	a,#0x53
   07A7 F0                 1305 	movx	@dptr,a
   07A8 90s01r47           1306 	mov	dptr,#(_b + 0x0047)
   07AB 74 71              1307 	mov	a,#0x71
   07AD F0                 1308 	movx	@dptr,a
   07AE 90s01r48           1309 	mov	dptr,#(_b + 0x0048)
   07B1 74 C4              1310 	mov	a,#0xC4
   07B3 F0                 1311 	movx	@dptr,a
   07B4 90s01r49           1312 	mov	dptr,#(_b + 0x0049)
   07B7 74 4C              1313 	mov	a,#0x4C
   07B9 F0                 1314 	movx	@dptr,a
   07BA 90s01r4A           1315 	mov	dptr,#(_b + 0x004a)
   07BD 74 BD              1316 	mov	a,#0xBD
   07BF F0                 1317 	movx	@dptr,a
   07C0 90s01r4B           1318 	mov	dptr,#(_b + 0x004b)
   07C3 74 DA              1319 	mov	a,#0xDA
   07C5 F0                 1320 	movx	@dptr,a
   07C6 90s01r4C           1321 	mov	dptr,#(_b + 0x004c)
   07C9 74 BB              1322 	mov	a,#0xBB
   07CB F0                 1323 	movx	@dptr,a
   07CC 90s01r4D           1324 	mov	dptr,#(_b + 0x004d)
   07CF 74 4F              1325 	mov	a,#0x4F
   07D1 F0                 1326 	movx	@dptr,a
   07D2 90s01r4E           1327 	mov	dptr,#(_b + 0x004e)
   07D5 74 03              1328 	mov	a,#0x03
   07D7 F0                 1329 	movx	@dptr,a
   07D8 90s01r4F           1330 	mov	dptr,#(_b + 0x004f)
   07DB 74 14              1331 	mov	a,#0x14
   07DD F0                 1332 	movx	@dptr,a
   07DE 90s01r50           1333 	mov	dptr,#(_b + 0x0050)
   07E1 74 30              1334 	mov	a,#0x30
   07E3 F0                 1335 	movx	@dptr,a
   07E4 90s01r51           1336 	mov	dptr,#(_b + 0x0051)
   07E7 74 E4              1337 	mov	a,#0xE4
   07E9 F0                 1338 	movx	@dptr,a
   07EA 90s01r52           1339 	mov	dptr,#(_b + 0x0052)
   07ED 74 94              1340 	mov	a,#0x94
   07EF F0                 1341 	movx	@dptr,a
   07F0 90s01r53           1342 	mov	dptr,#(_b + 0x0053)
   07F3 74 72              1343 	mov	a,#0x72
   07F5 F0                 1344 	movx	@dptr,a
   07F6 90s01r54           1345 	mov	dptr,#(_b + 0x0054)
   07F9 74 49              1346 	mov	a,#0x49
   07FB F0                 1347 	movx	@dptr,a
   07FC 90s01r55           1348 	mov	dptr,#(_b + 0x0055)
   07FF 74 AF              1349 	mov	a,#0xAF
   0801 F0                 1350 	movx	@dptr,a
   0802 90s01r56           1351 	mov	dptr,#(_b + 0x0056)
   0805 74 02              1352 	mov	a,#0x02
   0807 F0                 1353 	movx	@dptr,a
   0808 90s01r57           1354 	mov	dptr,#(_b + 0x0057)
   080B 74 FF              1355 	mov	a,#0xFF
   080D F0                 1356 	movx	@dptr,a
   080E 90s01r58           1357 	mov	dptr,#(_b + 0x0058)
   0811 74 68              1358 	mov	a,#0x68
   0813 F0                 1359 	movx	@dptr,a
   0814 90s01r59           1360 	mov	dptr,#(_b + 0x0059)
   0817 74 73              1361 	mov	a,#0x73
   0819 F0                 1362 	movx	@dptr,a
   081A 90s01r5A           1363 	mov	dptr,#(_b + 0x005a)
   081D 74 ED              1364 	mov	a,#0xED
   081F F0                 1365 	movx	@dptr,a
   0820 90s01r5B           1366 	mov	dptr,#(_b + 0x005b)
   0823 74 8B              1367 	mov	a,#0x8B
   0825 F0                 1368 	movx	@dptr,a
   0826 90s01r5C           1369 	mov	dptr,#(_b + 0x005c)
   0829 74 46              1370 	mov	a,#0x46
   082B F0                 1371 	movx	@dptr,a
   082C 90s01r5D           1372 	mov	dptr,#(_b + 0x005d)
   082F 74 CF              1373 	mov	a,#0xCF
   0831 F0                 1374 	movx	@dptr,a
   0832 90s01r5E           1375 	mov	dptr,#(_b + 0x005e)
   0835 74 D0              1376 	mov	a,#0xD0
   0837 F0                 1377 	movx	@dptr,a
   0838 90s01r5F           1378 	mov	dptr,#(_b + 0x005f)
   083B 74 89              1379 	mov	a,#0x89
   083D F0                 1380 	movx	@dptr,a
   083E 90s01r60           1381 	mov	dptr,#(_b + 0x0060)
   0841 74 A7              1382 	mov	a,#0xA7
   0843 F0                 1383 	movx	@dptr,a
   0844 90s01r61           1384 	mov	dptr,#(_b + 0x0061)
   0847 74 B5              1385 	mov	a,#0xB5
   0849 F0                 1386 	movx	@dptr,a
   084A 90s01r62           1387 	mov	dptr,#(_b + 0x0062)
   084D 74 64              1388 	mov	a,#0x64
   084F F0                 1389 	movx	@dptr,a
   0850 90s01r63           1390 	mov	dptr,#(_b + 0x0063)
   0853 74 76              1391 	mov	a,#0x76
   0855 F0                 1392 	movx	@dptr,a
   0856 90s01r64           1393 	mov	dptr,#(_b + 0x0064)
   0859 74 C2              1394 	mov	a,#0xC2
   085B F0                 1395 	movx	@dptr,a
   085C 90s01r65           1396 	mov	dptr,#(_b + 0x0065)
   085F 74 BD              1397 	mov	a,#0xBD
   0861 F0                 1398 	movx	@dptr,a
   0862 90s01r66           1399 	mov	dptr,#(_b + 0x0066)
   0865 74 68              1400 	mov	a,#0x68
   0867 F0                 1401 	movx	@dptr,a
   0868 90s01r67           1402 	mov	dptr,#(_b + 0x0067)
   086B 74 D3              1403 	mov	a,#0xD3
   086D F0                 1404 	movx	@dptr,a
   086E 90s01r68           1405 	mov	dptr,#(_b + 0x0068)
   0871 74 AC              1406 	mov	a,#0xAC
   0873 F0                 1407 	movx	@dptr,a
   0874 90s01r69           1408 	mov	dptr,#(_b + 0x0069)
   0877 74 0F              1409 	mov	a,#0x0F
   0879 F0                 1410 	movx	@dptr,a
   087A 90s01r6A           1411 	mov	dptr,#(_b + 0x006a)
   087D 74 D1              1412 	mov	a,#0xD1
   087F F0                 1413 	movx	@dptr,a
   0880 90s01r6B           1414 	mov	dptr,#(_b + 0x006b)
   0883 74 80              1415 	mov	a,#0x80
   0885 F0                 1416 	movx	@dptr,a
   0886 90s01r6C           1417 	mov	dptr,#(_b + 0x006c)
   0889 74 E8              1418 	mov	a,#0xE8
   088B F0                 1419 	movx	@dptr,a
   088C 90s01r6D           1420 	mov	dptr,#(_b + 0x006d)
   088F 74 3E              1421 	mov	a,#0x3E
   0891 F0                 1422 	movx	@dptr,a
   0892 90s01r6E           1423 	mov	dptr,#(_b + 0x006e)
   0895 74 02              1424 	mov	a,#0x02
   0897 F0                 1425 	movx	@dptr,a
   0898 90s01r6F           1426 	mov	dptr,#(_b + 0x006f)
   089B 74 27              1427 	mov	a,#0x27
   089D F0                 1428 	movx	@dptr,a
   089E 90s01r70           1429 	mov	dptr,#(_b + 0x0070)
   08A1 74 82              1430 	mov	a,#0x82
   08A3 F0                 1431 	movx	@dptr,a
   08A4 90s01r71           1432 	mov	dptr,#(_b + 0x0071)
   08A7 74 B3              1433 	mov	a,#0xB3
   08A9 F0                 1434 	movx	@dptr,a
   08AA 90s01r72           1435 	mov	dptr,#(_b + 0x0072)
   08AD 74 EA              1436 	mov	a,#0xEA
   08AF F0                 1437 	movx	@dptr,a
   08B0 90s01r73           1438 	mov	dptr,#(_b + 0x0073)
   08B3 74 8E              1439 	mov	a,#0x8E
   08B5 F0                 1440 	movx	@dptr,a
   08B6 90s01r74           1441 	mov	dptr,#(_b + 0x0074)
   08B9 74 32              1442 	mov	a,#0x32
   08BB F0                 1443 	movx	@dptr,a
   08BC 90s01r75           1444 	mov	dptr,#(_b + 0x0075)
   08BF 74 7A              1445 	mov	a,#0x7A
   08C1 F0                 1446 	movx	@dptr,a
   08C2 90s01r76           1447 	mov	dptr,#(_b + 0x0076)
   08C5 74 D0              1448 	mov	a,#0xD0
   08C7 F0                 1449 	movx	@dptr,a
   08C8 90s01r77           1450 	mov	dptr,#(_b + 0x0077)
   08CB 74 E9              1451 	mov	a,#0xE9
   08CD F0                 1452 	movx	@dptr,a
   08CE 90s01r78           1453 	mov	dptr,#(_b + 0x0078)
   08D1 74 9C              1454 	mov	a,#0x9C
   08D3 F0                 1455 	movx	@dptr,a
   08D4 90s01r79           1456 	mov	dptr,#(_b + 0x0079)
   08D7 74 59              1457 	mov	a,#0x59
   08D9 F0                 1458 	movx	@dptr,a
   08DA 90s01r7A           1459 	mov	dptr,#(_b + 0x007a)
   08DD 74 68              1460 	mov	a,#0x68
   08DF F0                 1461 	movx	@dptr,a
   08E0 90s01r7B           1462 	mov	dptr,#(_b + 0x007b)
   08E3 74 81              1463 	mov	a,#0x81
   08E5 F0                 1464 	movx	@dptr,a
   08E6 90s01r7C           1465 	mov	dptr,#(_b + 0x007c)
   08E9 74 0F              1466 	mov	a,#0x0F
   08EB F0                 1467 	movx	@dptr,a
   08EC 90s01r7D           1468 	mov	dptr,#(_b + 0x007d)
   08EF 74 3C              1469 	mov	a,#0x3C
   08F1 F0                 1470 	movx	@dptr,a
   08F2 90s01r7E           1471 	mov	dptr,#(_b + 0x007e)
   08F5 74 9E              1472 	mov	a,#0x9E
   08F7 F0                 1473 	movx	@dptr,a
   08F8 90s01r7F           1474 	mov	dptr,#(_b + 0x007f)
   08FB 74 BA              1475 	mov	a,#0xBA
   08FD F0                 1476 	movx	@dptr,a
                           1477 	.area GSFINAL (CODE)
   0000 02s00r03           1478 	ljmp	__sdcc_program_startup
                           1479 ;--------------------------------------------------------
                           1480 ; Home
                           1481 ;--------------------------------------------------------
                           1482 	.area HOME    (CODE)
                           1483 	.area HOME    (CODE)
   0003                    1484 __sdcc_program_startup:
   0003 12s00rD1           1485 	lcall	_main
                           1486 ;	return from main will lock up
   0006 80 FE              1487 	sjmp .
                           1488 ;--------------------------------------------------------
                           1489 ; code
                           1490 ;--------------------------------------------------------
                           1491 	.area CSEG    (CODE)
                           1492 ;------------------------------------------------------------
                           1493 ;Allocation info for local variables in function 'write_montgomery'
                           1494 ;------------------------------------------------------------
                           1495 ;------------------------------------------------------------
                           1496 ;	main.c:30: void write_montgomery() {
                           1497 ;	-----------------------------------------
                           1498 ;	 function write_montgomery
                           1499 ;	-----------------------------------------
   0000                    1500 _write_montgomery:
                    0002   1501 	ar2 = 0x02
                    0003   1502 	ar3 = 0x03
                    0004   1503 	ar4 = 0x04
                    0005   1504 	ar5 = 0x05
                    0006   1505 	ar6 = 0x06
                    0007   1506 	ar7 = 0x07
                    0000   1507 	ar0 = 0x00
                    0001   1508 	ar1 = 0x01
                           1509 ;	main.c:31: P1 = 0;
                           1510 ;	main.c:33: for (i = 0; i < SIZE; i++) {
   0000 E4                 1511 	clr	a
   0001 F5 90              1512 	mov	_P1,a
   0003 F5*00              1513 	mov	_i,a
   0005 F5*01              1514 	mov	(_i + 1),a
   0007                    1515 00104$:
   0007 C3                 1516 	clr	c
   0008 E5*00              1517 	mov	a,_i
   000A 94 80              1518 	subb	a,#0x80
   000C E5*01              1519 	mov	a,(_i + 1)
   000E 94 00              1520 	subb	a,#0x00
   0010 50 27              1521 	jnc	00107$
                           1522 ;	main.c:34: shared_a[i] = a[SIZE-1-i];
   0012 AA*00              1523 	mov	r2,_i
   0014 74 40              1524 	mov	a,#(_shared_a >> 8)
   0016 25*01              1525 	add	a,(_i + 1)
   0018 FB                 1526 	mov	r3,a
   0019 AC*00              1527 	mov	r4,_i
   001B 74 7F              1528 	mov	a,#0x7F
   001D C3                 1529 	clr	c
   001E 9C                 1530 	subb	a,r4
   001F 24r80              1531 	add	a,#_a
   0021 F5 82              1532 	mov	dpl,a
   0023 E4                 1533 	clr	a
   0024 34s00              1534 	addc	a,#(_a >> 8)
   0026 F5 83              1535 	mov	dph,a
   0028 E0                 1536 	movx	a,@dptr
   0029 FC                 1537 	mov	r4,a
   002A 8A 82              1538 	mov	dpl,r2
   002C 8B 83              1539 	mov	dph,r3
   002E F0                 1540 	movx	@dptr,a
                           1541 ;	main.c:33: for (i = 0; i < SIZE; i++) {
   002F 05*00              1542 	inc	_i
   0031 E4                 1543 	clr	a
   0032 B5*00 D2           1544 	cjne	a,_i,00104$
   0035 05*01              1545 	inc	(_i + 1)
   0037 80 CE              1546 	sjmp	00104$
   0039                    1547 00107$:
                           1548 ;	main.c:37: for (i = 0; i < SIZE; i++) {
   0039 E4                 1549 	clr	a
   003A F5*00              1550 	mov	_i,a
   003C F5*01              1551 	mov	(_i + 1),a
   003E                    1552 00108$:
   003E C3                 1553 	clr	c
   003F E5*00              1554 	mov	a,_i
   0041 94 80              1555 	subb	a,#0x80
   0043 E5*01              1556 	mov	a,(_i + 1)
   0045 94 00              1557 	subb	a,#0x00
   0047 50 2A              1558 	jnc	00111$
                           1559 ;	main.c:38: shared_b[i] = b[SIZE-1-i];
   0049 E5*00              1560 	mov	a,_i
   004B 24 80              1561 	add	a,#_shared_b
   004D FA                 1562 	mov	r2,a
   004E E5*01              1563 	mov	a,(_i + 1)
   0050 34 40              1564 	addc	a,#(_shared_b >> 8)
   0052 FB                 1565 	mov	r3,a
   0053 AC*00              1566 	mov	r4,_i
   0055 74 7F              1567 	mov	a,#0x7F
   0057 C3                 1568 	clr	c
   0058 9C                 1569 	subb	a,r4
   0059 24r00              1570 	add	a,#_b
   005B F5 82              1571 	mov	dpl,a
   005D E4                 1572 	clr	a
   005E 34s01              1573 	addc	a,#(_b >> 8)
   0060 F5 83              1574 	mov	dph,a
   0062 E0                 1575 	movx	a,@dptr
   0063 FC                 1576 	mov	r4,a
   0064 8A 82              1577 	mov	dpl,r2
   0066 8B 83              1578 	mov	dph,r3
   0068 F0                 1579 	movx	@dptr,a
                           1580 ;	main.c:37: for (i = 0; i < SIZE; i++) {
   0069 05*00              1581 	inc	_i
   006B E4                 1582 	clr	a
   006C B5*00 CF           1583 	cjne	a,_i,00108$
   006F 05*01              1584 	inc	(_i + 1)
   0071 80 CB              1585 	sjmp	00108$
   0073                    1586 00111$:
                           1587 ;	main.c:41: for (i = 0; i < SIZE; i++) {
   0073 E4                 1588 	clr	a
   0074 F5*00              1589 	mov	_i,a
   0076 F5*01              1590 	mov	(_i + 1),a
   0078                    1591 00112$:
   0078 C3                 1592 	clr	c
   0079 E5*00              1593 	mov	a,_i
   007B 94 80              1594 	subb	a,#0x80
   007D E5*01              1595 	mov	a,(_i + 1)
   007F 94 00              1596 	subb	a,#0x00
   0081 50 27              1597 	jnc	00115$
                           1598 ;	main.c:42: shared_m[i] = m[SIZE-1-i];
   0083 AA*00              1599 	mov	r2,_i
   0085 74 41              1600 	mov	a,#(_shared_m >> 8)
   0087 25*01              1601 	add	a,(_i + 1)
   0089 FB                 1602 	mov	r3,a
   008A AC*00              1603 	mov	r4,_i
   008C 74 7F              1604 	mov	a,#0x7F
   008E C3                 1605 	clr	c
   008F 9C                 1606 	subb	a,r4
   0090 24r00              1607 	add	a,#_m
   0092 F5 82              1608 	mov	dpl,a
   0094 E4                 1609 	clr	a
   0095 34s00              1610 	addc	a,#(_m >> 8)
   0097 F5 83              1611 	mov	dph,a
   0099 E0                 1612 	movx	a,@dptr
   009A FC                 1613 	mov	r4,a
   009B 8A 82              1614 	mov	dpl,r2
   009D 8B 83              1615 	mov	dph,r3
   009F F0                 1616 	movx	@dptr,a
                           1617 ;	main.c:41: for (i = 0; i < SIZE; i++) {
   00A0 05*00              1618 	inc	_i
   00A2 E4                 1619 	clr	a
   00A3 B5*00 D2           1620 	cjne	a,_i,00112$
   00A6 05*01              1621 	inc	(_i + 1)
   00A8 80 CE              1622 	sjmp	00112$
   00AA                    1623 00115$:
                           1624 ;	main.c:45: P0 = ins_write_data;
   00AA 75 80 01           1625 	mov	_P0,#0x01
                           1626 ;	main.c:46: P0 = ins_idle;
   00AD 75 80 00           1627 	mov	_P0,#0x00
                           1628 ;	main.c:48: while (P1 == 0) {}
   00B0                    1629 00101$:
   00B0 E5 90              1630 	mov	a,_P1
   00B2 60 FC              1631 	jz	00101$
                           1632 ;	main.c:49: P0 = ins_ack;
   00B4 75 80 04           1633 	mov	_P0,#0x04
   00B7 22                 1634 	ret
                           1635 ;------------------------------------------------------------
                           1636 ;Allocation info for local variables in function 'read_r'
                           1637 ;------------------------------------------------------------
                           1638 ;------------------------------------------------------------
                           1639 ;	main.c:52: void read_r() {
                           1640 ;	-----------------------------------------
                           1641 ;	 function read_r
                           1642 ;	-----------------------------------------
   00B8                    1643 _read_r:
                           1644 ;	main.c:53: P0 = ins_read_r;
   00B8 75 80 03           1645 	mov	_P0,#0x03
                           1646 ;	main.c:54: while (P1 == 0) {}
   00BB                    1647 00101$:
   00BB E5 90              1648 	mov	a,_P1
   00BD 60 FC              1649 	jz	00101$
                           1650 ;	main.c:55: P0 = ins_ack;
   00BF 75 80 04           1651 	mov	_P0,#0x04
                           1652 ;	main.c:57: P0 = ins_idle;
   00C2 75 80 00           1653 	mov	_P0,#0x00
   00C5 22                 1654 	ret
                           1655 ;------------------------------------------------------------
                           1656 ;Allocation info for local variables in function 'montgomery'
                           1657 ;------------------------------------------------------------
                           1658 ;------------------------------------------------------------
                           1659 ;	main.c:60: void montgomery() {
                           1660 ;	-----------------------------------------
                           1661 ;	 function montgomery
                           1662 ;	-----------------------------------------
   00C6                    1663 _montgomery:
                           1664 ;	main.c:61: P0 = ins_montgomery;
   00C6 75 80 02           1665 	mov	_P0,#0x02
                           1666 ;	main.c:62: P0 = ins_idle;
   00C9 75 80 00           1667 	mov	_P0,#0x00
   00CC 22                 1668 	ret
                           1669 ;------------------------------------------------------------
                           1670 ;Allocation info for local variables in function 'terminate'
                           1671 ;------------------------------------------------------------
                           1672 ;------------------------------------------------------------
                           1673 ;	main.c:65: void terminate() {
                           1674 ;	-----------------------------------------
                           1675 ;	 function terminate
                           1676 ;	-----------------------------------------
   00CD                    1677 _terminate:
                           1678 ;	main.c:66: P3 = 0x55;
   00CD 75 B0 55           1679 	mov	_P3,#0x55
   00D0 22                 1680 	ret
                           1681 ;------------------------------------------------------------
                           1682 ;Allocation info for local variables in function 'main'
                           1683 ;------------------------------------------------------------
                           1684 ;------------------------------------------------------------
                           1685 ;	main.c:69: int main() {
                           1686 ;	-----------------------------------------
                           1687 ;	 function main
                           1688 ;	-----------------------------------------
   00D1                    1689 _main:
                           1690 ;	main.c:70: write_montgomery();
   00D1 12s00r00           1691 	lcall	_write_montgomery
                           1692 ;	main.c:72: startBrk=1;
   00D4 90 FF FE           1693 	mov	dptr,#_startBrk
   00D7 74 01              1694 	mov	a,#0x01
   00D9 F0                 1695 	movx	@dptr,a
                           1696 ;	main.c:74: montgomery();
   00DA 12s00rC6           1697 	lcall	_montgomery
                           1698 ;	main.c:76: endBrk=1;
   00DD 90 FF FF           1699 	mov	dptr,#_endBrk
   00E0 74 01              1700 	mov	a,#0x01
   00E2 F0                 1701 	movx	@dptr,a
                           1702 ;	main.c:78: read_r();
   00E3 12s00rB8           1703 	lcall	_read_r
                           1704 ;	main.c:80: P1 = 0;
                           1705 ;	main.c:82: for (i = 0; i < SIZE; i++) {
   00E6 E4                 1706 	clr	a
   00E7 F5 90              1707 	mov	_P1,a
   00E9 F5*00              1708 	mov	_i,a
   00EB F5*01              1709 	mov	(_i + 1),a
   00ED                    1710 00101$:
   00ED C3                 1711 	clr	c
   00EE E5*00              1712 	mov	a,_i
   00F0 94 80              1713 	subb	a,#0x80
   00F2 E5*01              1714 	mov	a,(_i + 1)
   00F4 94 00              1715 	subb	a,#0x00
   00F6 50 21              1716 	jnc	00104$
                           1717 ;	main.c:83: shared_a[i] = r[i];
   00F8 AA*00              1718 	mov	r2,_i
   00FA 74 40              1719 	mov	a,#(_shared_a >> 8)
   00FC 25*01              1720 	add	a,(_i + 1)
   00FE FB                 1721 	mov	r3,a
   00FF 85*00 82           1722 	mov	dpl,_i
   0102 74 02              1723 	mov	a,#(_r >> 8)
   0104 25*01              1724 	add	a,(_i + 1)
   0106 F5 83              1725 	mov	dph,a
   0108 E0                 1726 	movx	a,@dptr
   0109 FC                 1727 	mov	r4,a
   010A 8A 82              1728 	mov	dpl,r2
   010C 8B 83              1729 	mov	dph,r3
   010E F0                 1730 	movx	@dptr,a
                           1731 ;	main.c:82: for (i = 0; i < SIZE; i++) {
   010F 05*00              1732 	inc	_i
   0111 E4                 1733 	clr	a
   0112 B5*00 D8           1734 	cjne	a,_i,00101$
   0115 05*01              1735 	inc	(_i + 1)
   0117 80 D4              1736 	sjmp	00101$
   0119                    1737 00104$:
                           1738 ;	main.c:92: terminate();
   0119 12s00rCD           1739 	lcall	_terminate
                           1740 ;	main.c:93: return 0;
   011C 90 00 00           1741 	mov	dptr,#0x0000
   011F 22                 1742 	ret
                           1743 	.area CSEG    (CODE)
                           1744 	.area CONST   (CODE)
                           1745 	.area XINIT   (CODE)
                           1746 	.area CABS    (ABS,CODE)
